[0.372s] DEBUG:colcon:Command line arguments: ['/usr/bin/colcon', 'build']
[0.372s] DEBUG:colcon:Parsed command line arguments: Namespace(log_base=None, log_level=None, verb_name='build', build_base='build', install_base='install', merge_install=False, symlink_install=False, test_result_base=None, continue_on_error=False, executor='parallel', parallel_workers=8, event_handlers=None, ignore_user_meta=False, metas=['./colcon.meta'], base_paths=['.'], packages_ignore=None, packages_ignore_regex=None, paths=None, packages_up_to=None, packages_up_to_regex=None, packages_above=None, packages_above_and_dependencies=None, packages_above_depth=None, packages_select_by_dep=None, packages_skip_by_dep=None, packages_skip_up_to=None, packages_select_build_failed=False, packages_skip_build_finished=False, packages_select_test_failures=False, packages_skip_test_passed=False, packages_select=None, packages_skip=None, packages_select_regex=None, packages_skip_regex=None, packages_start=None, packages_end=None, allow_overriding=[], cmake_args=None, cmake_target=None, cmake_target_skip_unavailable=False, cmake_clean_cache=False, cmake_clean_first=False, cmake_force_configure=False, ament_cmake_args=None, catkin_cmake_args=None, catkin_skip_building_tests=False, verb_parser=<colcon_defaults.argument_parser.defaults.DefaultArgumentsDecorator object at 0x7a9bf700faf0>, verb_extension=<colcon_core.verb.build.BuildVerb object at 0x7a9bf71bc880>, main=<bound method BuildVerb.main of <colcon_core.verb.build.BuildVerb object at 0x7a9bf71bc880>>)
[0.567s] Level 1:colcon.colcon_core.package_discovery:discover_packages(colcon_meta) check parameters
[0.567s] Level 1:colcon.colcon_core.package_discovery:discover_packages(recursive) check parameters
[0.567s] Level 1:colcon.colcon_core.package_discovery:discover_packages(ignore) check parameters
[0.567s] Level 1:colcon.colcon_core.package_discovery:discover_packages(path) check parameters
[0.567s] Level 1:colcon.colcon_core.package_discovery:discover_packages(colcon_meta) discover
[0.568s] Level 1:colcon.colcon_core.package_discovery:discover_packages(recursive) discover
[0.568s] INFO:colcon.colcon_core.package_discovery:Crawling recursively for packages in '/home/lisvent/ros2_ws'
[0.568s] Level 1:colcon.colcon_core.package_identification:_identify(.) by extensions ['ignore', 'ignore_ament_install']
[0.568s] Level 1:colcon.colcon_core.package_identification:_identify(.) by extension 'ignore'
[0.568s] Level 1:colcon.colcon_core.package_identification:_identify(.) by extension 'ignore_ament_install'
[0.568s] Level 1:colcon.colcon_core.package_identification:_identify(.) by extensions ['colcon_pkg']
[0.568s] Level 1:colcon.colcon_core.package_identification:_identify(.) by extension 'colcon_pkg'
[0.568s] Level 1:colcon.colcon_core.package_identification:_identify(.) by extensions ['colcon_meta']
[0.568s] Level 1:colcon.colcon_core.package_identification:_identify(.) by extension 'colcon_meta'
[0.568s] Level 1:colcon.colcon_core.package_identification:_identify(.) by extensions ['ros']
[0.568s] Level 1:colcon.colcon_core.package_identification:_identify(.) by extension 'ros'
[0.580s] Level 1:colcon.colcon_core.package_identification:_identify(.) by extensions ['cmake', 'python']
[0.580s] Level 1:colcon.colcon_core.package_identification:_identify(.) by extension 'cmake'
[0.580s] Level 1:colcon.colcon_core.package_identification:_identify(.) by extension 'python'
[0.580s] Level 1:colcon.colcon_core.package_identification:_identify(.) by extensions ['python_setup_py']
[0.580s] Level 1:colcon.colcon_core.package_identification:_identify(.) by extension 'python_setup_py'
[0.580s] Level 1:colcon.colcon_core.package_identification:_identify(build) by extensions ['ignore', 'ignore_ament_install']
[0.580s] Level 1:colcon.colcon_core.package_identification:_identify(build) by extension 'ignore'
[0.580s] Level 1:colcon.colcon_core.package_identification:_identify(build) ignored
[0.581s] Level 1:colcon.colcon_core.package_identification:_identify(install) by extensions ['ignore', 'ignore_ament_install']
[0.581s] Level 1:colcon.colcon_core.package_identification:_identify(install) by extension 'ignore'
[0.581s] Level 1:colcon.colcon_core.package_identification:_identify(install) ignored
[0.581s] Level 1:colcon.colcon_core.package_identification:_identify(log) by extensions ['ignore', 'ignore_ament_install']
[0.581s] Level 1:colcon.colcon_core.package_identification:_identify(log) by extension 'ignore'
[0.581s] Level 1:colcon.colcon_core.package_identification:_identify(log) ignored
[0.581s] Level 1:colcon.colcon_core.package_identification:_identify(src) by extensions ['ignore', 'ignore_ament_install']
[0.581s] Level 1:colcon.colcon_core.package_identification:_identify(src) by extension 'ignore'
[0.581s] Level 1:colcon.colcon_core.package_identification:_identify(src) by extension 'ignore_ament_install'
[0.581s] Level 1:colcon.colcon_core.package_identification:_identify(src) by extensions ['colcon_pkg']
[0.581s] Level 1:colcon.colcon_core.package_identification:_identify(src) by extension 'colcon_pkg'
[0.581s] Level 1:colcon.colcon_core.package_identification:_identify(src) by extensions ['colcon_meta']
[0.581s] Level 1:colcon.colcon_core.package_identification:_identify(src) by extension 'colcon_meta'
[0.581s] Level 1:colcon.colcon_core.package_identification:_identify(src) by extensions ['ros']
[0.581s] Level 1:colcon.colcon_core.package_identification:_identify(src) by extension 'ros'
[0.581s] Level 1:colcon.colcon_core.package_identification:_identify(src) by extensions ['cmake', 'python']
[0.581s] Level 1:colcon.colcon_core.package_identification:_identify(src) by extension 'cmake'
[0.581s] Level 1:colcon.colcon_core.package_identification:_identify(src) by extension 'python'
[0.581s] Level 1:colcon.colcon_core.package_identification:_identify(src) by extensions ['python_setup_py']
[0.581s] Level 1:colcon.colcon_core.package_identification:_identify(src) by extension 'python_setup_py'
[0.582s] Level 1:colcon.colcon_core.package_identification:_identify(src/live1288_hw1) by extensions ['ignore', 'ignore_ament_install']
[0.582s] Level 1:colcon.colcon_core.package_identification:_identify(src/live1288_hw1) by extension 'ignore'
[0.582s] Level 1:colcon.colcon_core.package_identification:_identify(src/live1288_hw1) by extension 'ignore_ament_install'
[0.582s] Level 1:colcon.colcon_core.package_identification:_identify(src/live1288_hw1) by extensions ['colcon_pkg']
[0.582s] Level 1:colcon.colcon_core.package_identification:_identify(src/live1288_hw1) by extension 'colcon_pkg'
[0.582s] Level 1:colcon.colcon_core.package_identification:_identify(src/live1288_hw1) by extensions ['colcon_meta']
[0.582s] Level 1:colcon.colcon_core.package_identification:_identify(src/live1288_hw1) by extension 'colcon_meta'
[0.582s] Level 1:colcon.colcon_core.package_identification:_identify(src/live1288_hw1) by extensions ['ros']
[0.582s] Level 1:colcon.colcon_core.package_identification:_identify(src/live1288_hw1) by extension 'ros'
[0.584s] DEBUG:colcon.colcon_core.package_identification:Package 'src/live1288_hw1' with type 'ros.ament_python' and name 'live1288_hw1'
[0.585s] Level 1:colcon.colcon_core.package_identification:_identify(src/live1288_service) by extensions ['ignore', 'ignore_ament_install']
[0.585s] Level 1:colcon.colcon_core.package_identification:_identify(src/live1288_service) by extension 'ignore'
[0.585s] Level 1:colcon.colcon_core.package_identification:_identify(src/live1288_service) by extension 'ignore_ament_install'
[0.585s] Level 1:colcon.colcon_core.package_identification:_identify(src/live1288_service) by extensions ['colcon_pkg']
[0.585s] Level 1:colcon.colcon_core.package_identification:_identify(src/live1288_service) by extension 'colcon_pkg'
[0.585s] Level 1:colcon.colcon_core.package_identification:_identify(src/live1288_service) by extensions ['colcon_meta']
[0.585s] Level 1:colcon.colcon_core.package_identification:_identify(src/live1288_service) by extension 'colcon_meta'
[0.585s] Level 1:colcon.colcon_core.package_identification:_identify(src/live1288_service) by extensions ['ros']
[0.585s] Level 1:colcon.colcon_core.package_identification:_identify(src/live1288_service) by extension 'ros'
[0.585s] DEBUG:colcon.colcon_core.package_identification:Package 'src/live1288_service' with type 'ros.ament_cmake' and name 'live1288_service'
[0.585s] Level 1:colcon.colcon_core.package_discovery:discover_packages(recursive) using defaults
[0.586s] Level 1:colcon.colcon_core.package_discovery:discover_packages(ignore) discover
[0.586s] Level 1:colcon.colcon_core.package_discovery:discover_packages(ignore) using defaults
[0.586s] Level 1:colcon.colcon_core.package_discovery:discover_packages(path) discover
[0.586s] Level 1:colcon.colcon_core.package_discovery:discover_packages(path) using defaults
[0.607s] Level 1:colcon.colcon_core.package_discovery:discover_packages(prefix_path) check parameters
[0.608s] Level 1:colcon.colcon_core.package_discovery:discover_packages(prefix_path) discover
[0.609s] DEBUG:colcon.colcon_installed_package_information.package_discovery:Found 2 installed packages in /home/lisvent/ros2_ws/install
[0.611s] DEBUG:colcon.colcon_installed_package_information.package_discovery:Found 271 installed packages in /opt/ros/humble
[0.613s] Level 1:colcon.colcon_core.package_discovery:discover_packages(prefix_path) using defaults
[0.659s] Level 5:colcon.colcon_core.verb:set package 'live1288_service' build argument 'cmake_args' from command line to 'None'
[0.659s] Level 5:colcon.colcon_core.verb:set package 'live1288_service' build argument 'cmake_target' from command line to 'None'
[0.659s] Level 5:colcon.colcon_core.verb:set package 'live1288_service' build argument 'cmake_target_skip_unavailable' from command line to 'False'
[0.659s] Level 5:colcon.colcon_core.verb:set package 'live1288_service' build argument 'cmake_clean_cache' from command line to 'False'
[0.659s] Level 5:colcon.colcon_core.verb:set package 'live1288_service' build argument 'cmake_clean_first' from command line to 'False'
[0.660s] Level 5:colcon.colcon_core.verb:set package 'live1288_service' build argument 'cmake_force_configure' from command line to 'False'
[0.660s] Level 5:colcon.colcon_core.verb:set package 'live1288_service' build argument 'ament_cmake_args' from command line to 'None'
[0.660s] Level 5:colcon.colcon_core.verb:set package 'live1288_service' build argument 'catkin_cmake_args' from command line to 'None'
[0.660s] Level 5:colcon.colcon_core.verb:set package 'live1288_service' build argument 'catkin_skip_building_tests' from command line to 'False'
[0.660s] DEBUG:colcon.colcon_core.verb:Building package 'live1288_service' with the following arguments: {'ament_cmake_args': None, 'build_base': '/home/lisvent/ros2_ws/build/live1288_service', 'catkin_cmake_args': None, 'catkin_skip_building_tests': False, 'cmake_args': None, 'cmake_clean_cache': False, 'cmake_clean_first': False, 'cmake_force_configure': False, 'cmake_target': None, 'cmake_target_skip_unavailable': False, 'install_base': '/home/lisvent/ros2_ws/install/live1288_service', 'merge_install': False, 'path': '/home/lisvent/ros2_ws/src/live1288_service', 'symlink_install': False, 'test_result_base': None}
[0.660s] Level 5:colcon.colcon_core.verb:set package 'live1288_hw1' build argument 'cmake_args' from command line to 'None'
[0.660s] Level 5:colcon.colcon_core.verb:set package 'live1288_hw1' build argument 'cmake_target' from command line to 'None'
[0.660s] Level 5:colcon.colcon_core.verb:set package 'live1288_hw1' build argument 'cmake_target_skip_unavailable' from command line to 'False'
[0.660s] Level 5:colcon.colcon_core.verb:set package 'live1288_hw1' build argument 'cmake_clean_cache' from command line to 'False'
[0.660s] Level 5:colcon.colcon_core.verb:set package 'live1288_hw1' build argument 'cmake_clean_first' from command line to 'False'
[0.660s] Level 5:colcon.colcon_core.verb:set package 'live1288_hw1' build argument 'cmake_force_configure' from command line to 'False'
[0.660s] Level 5:colcon.colcon_core.verb:set package 'live1288_hw1' build argument 'ament_cmake_args' from command line to 'None'
[0.660s] Level 5:colcon.colcon_core.verb:set package 'live1288_hw1' build argument 'catkin_cmake_args' from command line to 'None'
[0.660s] Level 5:colcon.colcon_core.verb:set package 'live1288_hw1' build argument 'catkin_skip_building_tests' from command line to 'False'
[0.660s] DEBUG:colcon.colcon_core.verb:Building package 'live1288_hw1' with the following arguments: {'ament_cmake_args': None, 'build_base': '/home/lisvent/ros2_ws/build/live1288_hw1', 'catkin_cmake_args': None, 'catkin_skip_building_tests': False, 'cmake_args': None, 'cmake_clean_cache': False, 'cmake_clean_first': False, 'cmake_force_configure': False, 'cmake_target': None, 'cmake_target_skip_unavailable': False, 'install_base': '/home/lisvent/ros2_ws/install/live1288_hw1', 'merge_install': False, 'path': '/home/lisvent/ros2_ws/src/live1288_hw1', 'symlink_install': False, 'test_result_base': None}
[0.661s] INFO:colcon.colcon_core.executor:Executing jobs using 'parallel' executor
[0.662s] DEBUG:colcon.colcon_parallel_executor.executor.parallel:run_until_complete
[0.662s] INFO:colcon.colcon_ros.task.ament_cmake.build:Building ROS package in '/home/lisvent/ros2_ws/src/live1288_service' with build type 'ament_cmake'
[0.662s] INFO:colcon.colcon_cmake.task.cmake.build:Building CMake package in '/home/lisvent/ros2_ws/src/live1288_service'
[0.665s] INFO:colcon.colcon_core.plugin_system:Skipping extension 'colcon_core.shell.bat': Not used on non-Windows systems
[0.665s] INFO:colcon.colcon_core.shell:Skip shell extension 'powershell' for command environment: Not usable outside of PowerShell
[0.665s] DEBUG:colcon.colcon_core.shell:Skip shell extension 'dsv' for command environment
[0.679s] DEBUG:colcon.colcon_core.event_handler.log_command:Invoking command in '/home/lisvent/ros2_ws/build/live1288_service': CMAKE_PREFIX_PATH=${CMAKE_PREFIX_PATH}:/home/lisvent/ros2_ws/install/live1288_hw1:/opt/ros/humble /usr/bin/cmake --build /home/lisvent/ros2_ws/build/live1288_service -- -j8 -l8
[1.111s] DEBUG:colcon.colcon_core.event_handler.log_command:Invoked command in '/home/lisvent/ros2_ws/build/live1288_service' returned '0': CMAKE_PREFIX_PATH=${CMAKE_PREFIX_PATH}:/home/lisvent/ros2_ws/install/live1288_hw1:/opt/ros/humble /usr/bin/cmake --build /home/lisvent/ros2_ws/build/live1288_service -- -j8 -l8
[1.124s] DEBUG:colcon.colcon_core.event_handler.log_command:Invoking command in '/home/lisvent/ros2_ws/build/live1288_service': CMAKE_PREFIX_PATH=${CMAKE_PREFIX_PATH}:/home/lisvent/ros2_ws/install/live1288_hw1:/opt/ros/humble /usr/bin/cmake --install /home/lisvent/ros2_ws/build/live1288_service
[1.200s] Level 1:colcon.colcon_core.environment:create_environment_scripts_only(live1288_service)
[1.201s] DEBUG:colcon.colcon_core.event_handler.log_command:Invoked command in '/home/lisvent/ros2_ws/build/live1288_service' returned '0': CMAKE_PREFIX_PATH=${CMAKE_PREFIX_PATH}:/home/lisvent/ros2_ws/install/live1288_hw1:/opt/ros/humble /usr/bin/cmake --install /home/lisvent/ros2_ws/build/live1288_service
[1.204s] Level 1:colcon.colcon_core.environment:checking '/home/lisvent/ros2_ws/install/live1288_service' for CMake module files
[1.205s] Level 1:colcon.colcon_core.environment:checking '/home/lisvent/ros2_ws/install/live1288_service' for CMake config files
[1.206s] Level 1:colcon.colcon_core.shell:create_environment_hook('live1288_service', 'cmake_prefix_path')
[1.206s] INFO:colcon.colcon_core.shell:Creating environment hook '/home/lisvent/ros2_ws/install/live1288_service/share/live1288_service/hook/cmake_prefix_path.ps1'
[1.207s] INFO:colcon.colcon_core.shell:Creating environment descriptor '/home/lisvent/ros2_ws/install/live1288_service/share/live1288_service/hook/cmake_prefix_path.dsv'
[1.207s] INFO:colcon.colcon_core.shell:Creating environment hook '/home/lisvent/ros2_ws/install/live1288_service/share/live1288_service/hook/cmake_prefix_path.sh'
[1.209s] Level 1:colcon.colcon_core.environment:checking '/home/lisvent/ros2_ws/install/live1288_service/lib'
[1.209s] Level 1:colcon.colcon_core.shell:create_environment_hook('live1288_service', 'ld_library_path_lib')
[1.209s] INFO:colcon.colcon_core.shell:Creating environment hook '/home/lisvent/ros2_ws/install/live1288_service/share/live1288_service/hook/ld_library_path_lib.ps1'
[1.210s] INFO:colcon.colcon_core.shell:Creating environment descriptor '/home/lisvent/ros2_ws/install/live1288_service/share/live1288_service/hook/ld_library_path_lib.dsv'
[1.210s] INFO:colcon.colcon_core.shell:Creating environment hook '/home/lisvent/ros2_ws/install/live1288_service/share/live1288_service/hook/ld_library_path_lib.sh'
[1.211s] Level 1:colcon.colcon_core.environment:checking '/home/lisvent/ros2_ws/install/live1288_service/bin'
[1.211s] Level 1:colcon.colcon_core.environment:checking '/home/lisvent/ros2_ws/install/live1288_service/lib/pkgconfig/live1288_service.pc'
[1.212s] Level 1:colcon.colcon_core.environment:checking '/home/lisvent/ros2_ws/install/live1288_service/lib/python3.10/site-packages'
[1.212s] Level 1:colcon.colcon_core.environment:checking '/home/lisvent/ros2_ws/install/live1288_service/bin'
[1.212s] INFO:colcon.colcon_core.shell:Creating package script '/home/lisvent/ros2_ws/install/live1288_service/share/live1288_service/package.ps1'
[1.213s] INFO:colcon.colcon_core.shell:Creating package descriptor '/home/lisvent/ros2_ws/install/live1288_service/share/live1288_service/package.dsv'
[1.214s] INFO:colcon.colcon_core.shell:Creating package script '/home/lisvent/ros2_ws/install/live1288_service/share/live1288_service/package.sh'
[1.215s] INFO:colcon.colcon_core.shell:Creating package script '/home/lisvent/ros2_ws/install/live1288_service/share/live1288_service/package.bash'
[1.215s] INFO:colcon.colcon_core.shell:Creating package script '/home/lisvent/ros2_ws/install/live1288_service/share/live1288_service/package.zsh'
[1.216s] Level 1:colcon.colcon_core.environment:create_file_with_runtime_dependencies(/home/lisvent/ros2_ws/install/live1288_service/share/colcon-core/packages/live1288_service)
[1.217s] Level 1:colcon.colcon_core.environment:create_environment_scripts_only(live1288_service)
[1.218s] Level 1:colcon.colcon_core.environment:checking '/home/lisvent/ros2_ws/install/live1288_service' for CMake module files
[1.218s] Level 1:colcon.colcon_core.environment:checking '/home/lisvent/ros2_ws/install/live1288_service' for CMake config files
[1.219s] Level 1:colcon.colcon_core.shell:create_environment_hook('live1288_service', 'cmake_prefix_path')
[1.219s] INFO:colcon.colcon_core.shell:Creating environment hook '/home/lisvent/ros2_ws/install/live1288_service/share/live1288_service/hook/cmake_prefix_path.ps1'
[1.220s] INFO:colcon.colcon_core.shell:Creating environment descriptor '/home/lisvent/ros2_ws/install/live1288_service/share/live1288_service/hook/cmake_prefix_path.dsv'
[1.220s] INFO:colcon.colcon_core.shell:Creating environment hook '/home/lisvent/ros2_ws/install/live1288_service/share/live1288_service/hook/cmake_prefix_path.sh'
[1.221s] Level 1:colcon.colcon_core.environment:checking '/home/lisvent/ros2_ws/install/live1288_service/lib'
[1.221s] Level 1:colcon.colcon_core.shell:create_environment_hook('live1288_service', 'ld_library_path_lib')
[1.221s] INFO:colcon.colcon_core.shell:Creating environment hook '/home/lisvent/ros2_ws/install/live1288_service/share/live1288_service/hook/ld_library_path_lib.ps1'
[1.221s] INFO:colcon.colcon_core.shell:Creating environment descriptor '/home/lisvent/ros2_ws/install/live1288_service/share/live1288_service/hook/ld_library_path_lib.dsv'
[1.221s] INFO:colcon.colcon_core.shell:Creating environment hook '/home/lisvent/ros2_ws/install/live1288_service/share/live1288_service/hook/ld_library_path_lib.sh'
[1.222s] Level 1:colcon.colcon_core.environment:checking '/home/lisvent/ros2_ws/install/live1288_service/bin'
[1.222s] Level 1:colcon.colcon_core.environment:checking '/home/lisvent/ros2_ws/install/live1288_service/lib/pkgconfig/live1288_service.pc'
[1.222s] Level 1:colcon.colcon_core.environment:checking '/home/lisvent/ros2_ws/install/live1288_service/lib/python3.10/site-packages'
[1.222s] Level 1:colcon.colcon_core.environment:checking '/home/lisvent/ros2_ws/install/live1288_service/bin'
[1.223s] INFO:colcon.colcon_core.shell:Creating package script '/home/lisvent/ros2_ws/install/live1288_service/share/live1288_service/package.ps1'
[1.223s] INFO:colcon.colcon_core.shell:Creating package descriptor '/home/lisvent/ros2_ws/install/live1288_service/share/live1288_service/package.dsv'
[1.223s] INFO:colcon.colcon_core.shell:Creating package script '/home/lisvent/ros2_ws/install/live1288_service/share/live1288_service/package.sh'
[1.224s] INFO:colcon.colcon_core.shell:Creating package script '/home/lisvent/ros2_ws/install/live1288_service/share/live1288_service/package.bash'
[1.224s] INFO:colcon.colcon_core.shell:Creating package script '/home/lisvent/ros2_ws/install/live1288_service/share/live1288_service/package.zsh'
[1.225s] Level 1:colcon.colcon_core.environment:create_file_with_runtime_dependencies(/home/lisvent/ros2_ws/install/live1288_service/share/colcon-core/packages/live1288_service)
[1.225s] INFO:colcon.colcon_ros.task.ament_python.build:Building ROS package in '/home/lisvent/ros2_ws/src/live1288_hw1' with build type 'ament_python'
[1.225s] Level 1:colcon.colcon_core.shell:create_environment_hook('live1288_hw1', 'ament_prefix_path')
[1.226s] INFO:colcon.colcon_core.shell:Creating environment hook '/home/lisvent/ros2_ws/install/live1288_hw1/share/live1288_hw1/hook/ament_prefix_path.ps1'
[1.227s] INFO:colcon.colcon_core.shell:Creating environment descriptor '/home/lisvent/ros2_ws/install/live1288_hw1/share/live1288_hw1/hook/ament_prefix_path.dsv'
[1.228s] INFO:colcon.colcon_core.shell:Creating environment hook '/home/lisvent/ros2_ws/install/live1288_hw1/share/live1288_hw1/hook/ament_prefix_path.sh'
[1.228s] INFO:colcon.colcon_core.shell:Skip shell extension 'powershell' for command environment: Not usable outside of PowerShell
[1.228s] DEBUG:colcon.colcon_core.shell:Skip shell extension 'dsv' for command environment
[1.896s] INFO:colcon.colcon_core.task.python.build:Building Python package in '/home/lisvent/ros2_ws/src/live1288_hw1'
[1.897s] INFO:colcon.colcon_core.shell:Skip shell extension 'powershell' for command environment: Not usable outside of PowerShell
[1.897s] DEBUG:colcon.colcon_core.shell:Skip shell extension 'dsv' for command environment
[2.677s] DEBUG:colcon.colcon_core.event_handler.log_command:Invoking command in '/home/lisvent/ros2_ws/src/live1288_hw1': PYTHONPATH=/home/lisvent/ros2_ws/build/live1288_hw1/prefix_override:/usr/lib/python3/dist-packages/colcon_core/task/python/colcon_distutils_commands:/home/lisvent/ros2_ws/install/live1288_hw1/lib/python3.10/site-packages:${PYTHONPATH} /usr/bin/python3 -W ignore:setup.py install is deprecated -W ignore:easy_install command is deprecated setup.py egg_info --egg-base ../../build/live1288_hw1 build --build-base /home/lisvent/ros2_ws/build/live1288_hw1/build install --record /home/lisvent/ros2_ws/build/live1288_hw1/install.log --single-version-externally-managed install_data
[3.046s] Level 1:colcon.colcon_core.environment:checking '/home/lisvent/ros2_ws/install/live1288_hw1' for CMake module files
[3.047s] DEBUG:colcon.colcon_core.event_handler.log_command:Invoked command in '/home/lisvent/ros2_ws/src/live1288_hw1' returned '0': PYTHONPATH=/home/lisvent/ros2_ws/build/live1288_hw1/prefix_override:/usr/lib/python3/dist-packages/colcon_core/task/python/colcon_distutils_commands:/home/lisvent/ros2_ws/install/live1288_hw1/lib/python3.10/site-packages:${PYTHONPATH} /usr/bin/python3 -W ignore:setup.py install is deprecated -W ignore:easy_install command is deprecated setup.py egg_info --egg-base ../../build/live1288_hw1 build --build-base /home/lisvent/ros2_ws/build/live1288_hw1/build install --record /home/lisvent/ros2_ws/build/live1288_hw1/install.log --single-version-externally-managed install_data
[3.048s] Level 1:colcon.colcon_core.environment:checking '/home/lisvent/ros2_ws/install/live1288_hw1' for CMake config files
[3.048s] Level 1:colcon.colcon_core.environment:checking '/home/lisvent/ros2_ws/install/live1288_hw1/lib'
[3.048s] Level 1:colcon.colcon_core.environment:checking '/home/lisvent/ros2_ws/install/live1288_hw1/bin'
[3.048s] Level 1:colcon.colcon_core.environment:checking '/home/lisvent/ros2_ws/install/live1288_hw1/lib/pkgconfig/live1288_hw1.pc'
[3.049s] Level 1:colcon.colcon_core.environment:checking '/home/lisvent/ros2_ws/install/live1288_hw1/lib/python3.10/site-packages'
[3.049s] Level 1:colcon.colcon_core.shell:create_environment_hook('live1288_hw1', 'pythonpath')
[3.049s] INFO:colcon.colcon_core.shell:Creating environment hook '/home/lisvent/ros2_ws/install/live1288_hw1/share/live1288_hw1/hook/pythonpath.ps1'
[3.049s] INFO:colcon.colcon_core.shell:Creating environment descriptor '/home/lisvent/ros2_ws/install/live1288_hw1/share/live1288_hw1/hook/pythonpath.dsv'
[3.050s] INFO:colcon.colcon_core.shell:Creating environment hook '/home/lisvent/ros2_ws/install/live1288_hw1/share/live1288_hw1/hook/pythonpath.sh'
[3.050s] Level 1:colcon.colcon_core.environment:checking '/home/lisvent/ros2_ws/install/live1288_hw1/bin'
[3.050s] Level 1:colcon.colcon_core.environment:create_environment_scripts_only(live1288_hw1)
[3.051s] INFO:colcon.colcon_core.shell:Creating package script '/home/lisvent/ros2_ws/install/live1288_hw1/share/live1288_hw1/package.ps1'
[3.051s] INFO:colcon.colcon_core.shell:Creating package descriptor '/home/lisvent/ros2_ws/install/live1288_hw1/share/live1288_hw1/package.dsv'
[3.051s] INFO:colcon.colcon_core.shell:Creating package script '/home/lisvent/ros2_ws/install/live1288_hw1/share/live1288_hw1/package.sh'
[3.052s] INFO:colcon.colcon_core.shell:Creating package script '/home/lisvent/ros2_ws/install/live1288_hw1/share/live1288_hw1/package.bash'
[3.052s] INFO:colcon.colcon_core.shell:Creating package script '/home/lisvent/ros2_ws/install/live1288_hw1/share/live1288_hw1/package.zsh'
[3.052s] Level 1:colcon.colcon_core.environment:create_file_with_runtime_dependencies(/home/lisvent/ros2_ws/install/live1288_hw1/share/colcon-core/packages/live1288_hw1)
[3.053s] DEBUG:colcon.colcon_parallel_executor.executor.parallel:closing loop
[3.054s] DEBUG:colcon.colcon_parallel_executor.executor.parallel:loop closed
[3.054s] DEBUG:colcon.colcon_parallel_executor.executor.parallel:run_until_complete finished with '0'
[3.054s] DEBUG:colcon.colcon_core.event_reactor:joining thread
[3.162s] INFO:colcon.colcon_core.plugin_system:Skipping extension 'colcon_notification.desktop_notification.notify_send': Could not find 'notify-send'
[3.162s] INFO:colcon.colcon_core.plugin_system:Skipping extension 'colcon_notification.desktop_notification.terminal_notifier': Not used on non-Darwin systems
[3.162s] INFO:colcon.colcon_core.plugin_system:Skipping extension 'colcon_notification.desktop_notification.win32': Not used on non-Windows systems
[3.162s] INFO:colcon.colcon_notification.desktop_notification:Sending desktop notification using 'notify2'
[3.162s] DEBUG:colcon.colcon_notification.desktop_notification.notify2:Failed to initialize notify2: org.freedesktop.DBus.Error.FileNotFound: Failed to connect to socket /run/user/1000/bus: No such file or directory
[3.163s] DEBUG:colcon.colcon_core.event_reactor:joined thread
[3.163s] INFO:colcon.colcon_core.shell:Creating prefix script '/home/lisvent/ros2_ws/install/local_setup.ps1'
[3.165s] INFO:colcon.colcon_core.shell:Creating prefix util module '/home/lisvent/ros2_ws/install/_local_setup_util_ps1.py'
[3.167s] INFO:colcon.colcon_core.shell:Creating prefix chain script '/home/lisvent/ros2_ws/install/setup.ps1'
[3.169s] INFO:colcon.colcon_core.shell:Creating prefix script '/home/lisvent/ros2_ws/install/local_setup.sh'
[3.170s] INFO:colcon.colcon_core.shell:Creating prefix util module '/home/lisvent/ros2_ws/install/_local_setup_util_sh.py'
[3.171s] INFO:colcon.colcon_core.shell:Creating prefix chain script '/home/lisvent/ros2_ws/install/setup.sh'
[3.172s] INFO:colcon.colcon_core.shell:Creating prefix script '/home/lisvent/ros2_ws/install/local_setup.bash'
[3.173s] INFO:colcon.colcon_core.shell:Creating prefix chain script '/home/lisvent/ros2_ws/install/setup.bash'
[3.175s] INFO:colcon.colcon_core.shell:Creating prefix script '/home/lisvent/ros2_ws/install/local_setup.zsh'
[3.175s] INFO:colcon.colcon_core.shell:Creating prefix chain script '/home/lisvent/ros2_ws/install/setup.zsh'
