[0.753s] DEBUG:colcon:Command line arguments: ['/usr/bin/colcon', 'build']
[0.753s] DEBUG:colcon:Parsed command line arguments: Namespace(log_base=None, log_level=None, verb_name='build', build_base='build', install_base='install', merge_install=False, symlink_install=False, test_result_base=None, continue_on_error=False, executor='parallel', parallel_workers=8, event_handlers=None, ignore_user_meta=False, metas=['./colcon.meta'], base_paths=['.'], packages_ignore=None, packages_ignore_regex=None, paths=None, packages_up_to=None, packages_up_to_regex=None, packages_above=None, packages_above_and_dependencies=None, packages_above_depth=None, packages_select_by_dep=None, packages_skip_by_dep=None, packages_skip_up_to=None, packages_select_build_failed=False, packages_skip_build_finished=False, packages_select_test_failures=False, packages_skip_test_passed=False, packages_select=None, packages_skip=None, packages_select_regex=None, packages_skip_regex=None, packages_start=None, packages_end=None, allow_overriding=[], cmake_args=None, cmake_target=None, cmake_target_skip_unavailable=False, cmake_clean_cache=False, cmake_clean_first=False, cmake_force_configure=False, ament_cmake_args=None, catkin_cmake_args=None, catkin_skip_building_tests=False, verb_parser=<colcon_defaults.argument_parser.defaults.DefaultArgumentsDecorator object at 0x74144610faf0>, verb_extension=<colcon_core.verb.build.BuildVerb object at 0x7414462bc880>, main=<bound method BuildVerb.main of <colcon_core.verb.build.BuildVerb object at 0x7414462bc880>>)
[1.358s] Level 1:colcon.colcon_core.package_discovery:discover_packages(colcon_meta) check parameters
[1.358s] Level 1:colcon.colcon_core.package_discovery:discover_packages(recursive) check parameters
[1.358s] Level 1:colcon.colcon_core.package_discovery:discover_packages(ignore) check parameters
[1.358s] Level 1:colcon.colcon_core.package_discovery:discover_packages(path) check parameters
[1.358s] Level 1:colcon.colcon_core.package_discovery:discover_packages(colcon_meta) discover
[1.358s] Level 1:colcon.colcon_core.package_discovery:discover_packages(recursive) discover
[1.358s] INFO:colcon.colcon_core.package_discovery:Crawling recursively for packages in '/home/lisvent/ros2_ws'
[1.360s] Level 1:colcon.colcon_core.package_identification:_identify(.) by extensions ['ignore', 'ignore_ament_install']
[1.360s] Level 1:colcon.colcon_core.package_identification:_identify(.) by extension 'ignore'
[1.360s] Level 1:colcon.colcon_core.package_identification:_identify(.) by extension 'ignore_ament_install'
[1.360s] Level 1:colcon.colcon_core.package_identification:_identify(.) by extensions ['colcon_pkg']
[1.360s] Level 1:colcon.colcon_core.package_identification:_identify(.) by extension 'colcon_pkg'
[1.360s] Level 1:colcon.colcon_core.package_identification:_identify(.) by extensions ['colcon_meta']
[1.360s] Level 1:colcon.colcon_core.package_identification:_identify(.) by extension 'colcon_meta'
[1.360s] Level 1:colcon.colcon_core.package_identification:_identify(.) by extensions ['ros']
[1.360s] Level 1:colcon.colcon_core.package_identification:_identify(.) by extension 'ros'
[1.387s] Level 1:colcon.colcon_core.package_identification:_identify(.) by extensions ['cmake', 'python']
[1.387s] Level 1:colcon.colcon_core.package_identification:_identify(.) by extension 'cmake'
[1.387s] Level 1:colcon.colcon_core.package_identification:_identify(.) by extension 'python'
[1.387s] Level 1:colcon.colcon_core.package_identification:_identify(.) by extensions ['python_setup_py']
[1.387s] Level 1:colcon.colcon_core.package_identification:_identify(.) by extension 'python_setup_py'
[1.388s] Level 1:colcon.colcon_core.package_identification:_identify(build) by extensions ['ignore', 'ignore_ament_install']
[1.388s] Level 1:colcon.colcon_core.package_identification:_identify(build) by extension 'ignore'
[1.388s] Level 1:colcon.colcon_core.package_identification:_identify(build) ignored
[1.388s] Level 1:colcon.colcon_core.package_identification:_identify(install) by extensions ['ignore', 'ignore_ament_install']
[1.389s] Level 1:colcon.colcon_core.package_identification:_identify(install) by extension 'ignore'
[1.389s] Level 1:colcon.colcon_core.package_identification:_identify(install) ignored
[1.389s] Level 1:colcon.colcon_core.package_identification:_identify(log) by extensions ['ignore', 'ignore_ament_install']
[1.389s] Level 1:colcon.colcon_core.package_identification:_identify(log) by extension 'ignore'
[1.389s] Level 1:colcon.colcon_core.package_identification:_identify(log) ignored
[1.390s] Level 1:colcon.colcon_core.package_identification:_identify(src) by extensions ['ignore', 'ignore_ament_install']
[1.390s] Level 1:colcon.colcon_core.package_identification:_identify(src) by extension 'ignore'
[1.390s] Level 1:colcon.colcon_core.package_identification:_identify(src) by extension 'ignore_ament_install'
[1.390s] Level 1:colcon.colcon_core.package_identification:_identify(src) by extensions ['colcon_pkg']
[1.390s] Level 1:colcon.colcon_core.package_identification:_identify(src) by extension 'colcon_pkg'
[1.390s] Level 1:colcon.colcon_core.package_identification:_identify(src) by extensions ['colcon_meta']
[1.390s] Level 1:colcon.colcon_core.package_identification:_identify(src) by extension 'colcon_meta'
[1.390s] Level 1:colcon.colcon_core.package_identification:_identify(src) by extensions ['ros']
[1.390s] Level 1:colcon.colcon_core.package_identification:_identify(src) by extension 'ros'
[1.391s] Level 1:colcon.colcon_core.package_identification:_identify(src) by extensions ['cmake', 'python']
[1.391s] Level 1:colcon.colcon_core.package_identification:_identify(src) by extension 'cmake'
[1.391s] Level 1:colcon.colcon_core.package_identification:_identify(src) by extension 'python'
[1.391s] Level 1:colcon.colcon_core.package_identification:_identify(src) by extensions ['python_setup_py']
[1.391s] Level 1:colcon.colcon_core.package_identification:_identify(src) by extension 'python_setup_py'
[1.392s] Level 1:colcon.colcon_core.package_identification:_identify(src/live1288_hw1) by extensions ['ignore', 'ignore_ament_install']
[1.392s] Level 1:colcon.colcon_core.package_identification:_identify(src/live1288_hw1) by extension 'ignore'
[1.392s] Level 1:colcon.colcon_core.package_identification:_identify(src/live1288_hw1) by extension 'ignore_ament_install'
[1.392s] Level 1:colcon.colcon_core.package_identification:_identify(src/live1288_hw1) by extensions ['colcon_pkg']
[1.392s] Level 1:colcon.colcon_core.package_identification:_identify(src/live1288_hw1) by extension 'colcon_pkg'
[1.392s] Level 1:colcon.colcon_core.package_identification:_identify(src/live1288_hw1) by extensions ['colcon_meta']
[1.392s] Level 1:colcon.colcon_core.package_identification:_identify(src/live1288_hw1) by extension 'colcon_meta'
[1.392s] Level 1:colcon.colcon_core.package_identification:_identify(src/live1288_hw1) by extensions ['ros']
[1.392s] Level 1:colcon.colcon_core.package_identification:_identify(src/live1288_hw1) by extension 'ros'
[1.399s] DEBUG:colcon.colcon_core.package_identification:Package 'src/live1288_hw1' with type 'ros.ament_python' and name 'live1288_hw1'
[1.400s] Level 1:colcon.colcon_core.package_identification:_identify(src/live1288_service) by extensions ['ignore', 'ignore_ament_install']
[1.400s] Level 1:colcon.colcon_core.package_identification:_identify(src/live1288_service) by extension 'ignore'
[1.400s] Level 1:colcon.colcon_core.package_identification:_identify(src/live1288_service) by extension 'ignore_ament_install'
[1.400s] Level 1:colcon.colcon_core.package_identification:_identify(src/live1288_service) by extensions ['colcon_pkg']
[1.400s] Level 1:colcon.colcon_core.package_identification:_identify(src/live1288_service) by extension 'colcon_pkg'
[1.400s] Level 1:colcon.colcon_core.package_identification:_identify(src/live1288_service) by extensions ['colcon_meta']
[1.400s] Level 1:colcon.colcon_core.package_identification:_identify(src/live1288_service) by extension 'colcon_meta'
[1.400s] Level 1:colcon.colcon_core.package_identification:_identify(src/live1288_service) by extensions ['ros']
[1.400s] Level 1:colcon.colcon_core.package_identification:_identify(src/live1288_service) by extension 'ros'
[1.401s] DEBUG:colcon.colcon_core.package_identification:Package 'src/live1288_service' with type 'ros.ament_cmake' and name 'live1288_service'
[1.401s] Level 1:colcon.colcon_core.package_discovery:discover_packages(recursive) using defaults
[1.401s] Level 1:colcon.colcon_core.package_discovery:discover_packages(ignore) discover
[1.401s] Level 1:colcon.colcon_core.package_discovery:discover_packages(ignore) using defaults
[1.401s] Level 1:colcon.colcon_core.package_discovery:discover_packages(path) discover
[1.402s] Level 1:colcon.colcon_core.package_discovery:discover_packages(path) using defaults
[1.457s] Level 1:colcon.colcon_core.package_discovery:discover_packages(prefix_path) check parameters
[1.457s] Level 1:colcon.colcon_core.package_discovery:discover_packages(prefix_path) discover
[1.467s] DEBUG:colcon.colcon_installed_package_information.package_discovery:Found 2 installed packages in /home/lisvent/ros2_ws/install
[1.470s] DEBUG:colcon.colcon_installed_package_information.package_discovery:Found 271 installed packages in /opt/ros/humble
[1.474s] Level 1:colcon.colcon_core.package_discovery:discover_packages(prefix_path) using defaults
[1.653s] Level 5:colcon.colcon_core.verb:set package 'live1288_service' build argument 'cmake_args' from command line to 'None'
[1.653s] Level 5:colcon.colcon_core.verb:set package 'live1288_service' build argument 'cmake_target' from command line to 'None'
[1.653s] Level 5:colcon.colcon_core.verb:set package 'live1288_service' build argument 'cmake_target_skip_unavailable' from command line to 'False'
[1.653s] Level 5:colcon.colcon_core.verb:set package 'live1288_service' build argument 'cmake_clean_cache' from command line to 'False'
[1.653s] Level 5:colcon.colcon_core.verb:set package 'live1288_service' build argument 'cmake_clean_first' from command line to 'False'
[1.653s] Level 5:colcon.colcon_core.verb:set package 'live1288_service' build argument 'cmake_force_configure' from command line to 'False'
[1.653s] Level 5:colcon.colcon_core.verb:set package 'live1288_service' build argument 'ament_cmake_args' from command line to 'None'
[1.653s] Level 5:colcon.colcon_core.verb:set package 'live1288_service' build argument 'catkin_cmake_args' from command line to 'None'
[1.653s] Level 5:colcon.colcon_core.verb:set package 'live1288_service' build argument 'catkin_skip_building_tests' from command line to 'False'
[1.653s] DEBUG:colcon.colcon_core.verb:Building package 'live1288_service' with the following arguments: {'ament_cmake_args': None, 'build_base': '/home/lisvent/ros2_ws/build/live1288_service', 'catkin_cmake_args': None, 'catkin_skip_building_tests': False, 'cmake_args': None, 'cmake_clean_cache': False, 'cmake_clean_first': False, 'cmake_force_configure': False, 'cmake_target': None, 'cmake_target_skip_unavailable': False, 'install_base': '/home/lisvent/ros2_ws/install/live1288_service', 'merge_install': False, 'path': '/home/lisvent/ros2_ws/src/live1288_service', 'symlink_install': False, 'test_result_base': None}
[1.653s] Level 5:colcon.colcon_core.verb:set package 'live1288_hw1' build argument 'cmake_args' from command line to 'None'
[1.653s] Level 5:colcon.colcon_core.verb:set package 'live1288_hw1' build argument 'cmake_target' from command line to 'None'
[1.653s] Level 5:colcon.colcon_core.verb:set package 'live1288_hw1' build argument 'cmake_target_skip_unavailable' from command line to 'False'
[1.653s] Level 5:colcon.colcon_core.verb:set package 'live1288_hw1' build argument 'cmake_clean_cache' from command line to 'False'
[1.653s] Level 5:colcon.colcon_core.verb:set package 'live1288_hw1' build argument 'cmake_clean_first' from command line to 'False'
[1.653s] Level 5:colcon.colcon_core.verb:set package 'live1288_hw1' build argument 'cmake_force_configure' from command line to 'False'
[1.653s] Level 5:colcon.colcon_core.verb:set package 'live1288_hw1' build argument 'ament_cmake_args' from command line to 'None'
[1.654s] Level 5:colcon.colcon_core.verb:set package 'live1288_hw1' build argument 'catkin_cmake_args' from command line to 'None'
[1.654s] Level 5:colcon.colcon_core.verb:set package 'live1288_hw1' build argument 'catkin_skip_building_tests' from command line to 'False'
[1.654s] DEBUG:colcon.colcon_core.verb:Building package 'live1288_hw1' with the following arguments: {'ament_cmake_args': None, 'build_base': '/home/lisvent/ros2_ws/build/live1288_hw1', 'catkin_cmake_args': None, 'catkin_skip_building_tests': False, 'cmake_args': None, 'cmake_clean_cache': False, 'cmake_clean_first': False, 'cmake_force_configure': False, 'cmake_target': None, 'cmake_target_skip_unavailable': False, 'install_base': '/home/lisvent/ros2_ws/install/live1288_hw1', 'merge_install': False, 'path': '/home/lisvent/ros2_ws/src/live1288_hw1', 'symlink_install': False, 'test_result_base': None}
[1.654s] INFO:colcon.colcon_core.executor:Executing jobs using 'parallel' executor
[1.655s] DEBUG:colcon.colcon_parallel_executor.executor.parallel:run_until_complete
[1.655s] INFO:colcon.colcon_ros.task.ament_cmake.build:Building ROS package in '/home/lisvent/ros2_ws/src/live1288_service' with build type 'ament_cmake'
[1.656s] INFO:colcon.colcon_cmake.task.cmake.build:Building CMake package in '/home/lisvent/ros2_ws/src/live1288_service'
[1.667s] INFO:colcon.colcon_core.plugin_system:Skipping extension 'colcon_core.shell.bat': Not used on non-Windows systems
[1.667s] INFO:colcon.colcon_core.shell:Skip shell extension 'powershell' for command environment: Not usable outside of PowerShell
[1.667s] DEBUG:colcon.colcon_core.shell:Skip shell extension 'dsv' for command environment
[1.687s] DEBUG:colcon.colcon_core.event_handler.log_command:Invoking command in '/home/lisvent/ros2_ws/build/live1288_service': CMAKE_PREFIX_PATH=${CMAKE_PREFIX_PATH}:/home/lisvent/ros2_ws/install/live1288_hw1:/opt/ros/humble /usr/bin/cmake --build /home/lisvent/ros2_ws/build/live1288_service -- -j8 -l8
[2.271s] DEBUG:colcon.colcon_core.event_handler.log_command:Invoked command in '/home/lisvent/ros2_ws/build/live1288_service' returned '0': CMAKE_PREFIX_PATH=${CMAKE_PREFIX_PATH}:/home/lisvent/ros2_ws/install/live1288_hw1:/opt/ros/humble /usr/bin/cmake --build /home/lisvent/ros2_ws/build/live1288_service -- -j8 -l8
[2.289s] DEBUG:colcon.colcon_core.event_handler.log_command:Invoking command in '/home/lisvent/ros2_ws/build/live1288_service': CMAKE_PREFIX_PATH=${CMAKE_PREFIX_PATH}:/home/lisvent/ros2_ws/install/live1288_hw1:/opt/ros/humble /usr/bin/cmake --install /home/lisvent/ros2_ws/build/live1288_service
[2.422s] Level 1:colcon.colcon_core.environment:create_environment_scripts_only(live1288_service)
[2.423s] DEBUG:colcon.colcon_core.event_handler.log_command:Invoked command in '/home/lisvent/ros2_ws/build/live1288_service' returned '0': CMAKE_PREFIX_PATH=${CMAKE_PREFIX_PATH}:/home/lisvent/ros2_ws/install/live1288_hw1:/opt/ros/humble /usr/bin/cmake --install /home/lisvent/ros2_ws/build/live1288_service
[2.439s] Level 1:colcon.colcon_core.environment:checking '/home/lisvent/ros2_ws/install/live1288_service' for CMake module files
[2.441s] Level 1:colcon.colcon_core.environment:checking '/home/lisvent/ros2_ws/install/live1288_service' for CMake config files
[2.448s] Level 1:colcon.colcon_core.shell:create_environment_hook('live1288_service', 'cmake_prefix_path')
[2.449s] INFO:colcon.colcon_core.shell:Creating environment hook '/home/lisvent/ros2_ws/install/live1288_service/share/live1288_service/hook/cmake_prefix_path.ps1'
[2.451s] INFO:colcon.colcon_core.shell:Creating environment descriptor '/home/lisvent/ros2_ws/install/live1288_service/share/live1288_service/hook/cmake_prefix_path.dsv'
[2.452s] INFO:colcon.colcon_core.shell:Creating environment hook '/home/lisvent/ros2_ws/install/live1288_service/share/live1288_service/hook/cmake_prefix_path.sh'
[2.453s] Level 1:colcon.colcon_core.environment:checking '/home/lisvent/ros2_ws/install/live1288_service/lib'
[2.454s] Level 1:colcon.colcon_core.shell:create_environment_hook('live1288_service', 'ld_library_path_lib')
[2.454s] INFO:colcon.colcon_core.shell:Creating environment hook '/home/lisvent/ros2_ws/install/live1288_service/share/live1288_service/hook/ld_library_path_lib.ps1'
[2.455s] INFO:colcon.colcon_core.shell:Creating environment descriptor '/home/lisvent/ros2_ws/install/live1288_service/share/live1288_service/hook/ld_library_path_lib.dsv'
[2.455s] INFO:colcon.colcon_core.shell:Creating environment hook '/home/lisvent/ros2_ws/install/live1288_service/share/live1288_service/hook/ld_library_path_lib.sh'
[2.456s] Level 1:colcon.colcon_core.environment:checking '/home/lisvent/ros2_ws/install/live1288_service/bin'
[2.456s] Level 1:colcon.colcon_core.environment:checking '/home/lisvent/ros2_ws/install/live1288_service/lib/pkgconfig/live1288_service.pc'
[2.457s] Level 1:colcon.colcon_core.environment:checking '/home/lisvent/ros2_ws/install/live1288_service/lib/python3.10/site-packages'
[2.457s] Level 1:colcon.colcon_core.environment:checking '/home/lisvent/ros2_ws/install/live1288_service/bin'
[2.458s] INFO:colcon.colcon_core.shell:Creating package script '/home/lisvent/ros2_ws/install/live1288_service/share/live1288_service/package.ps1'
[2.460s] INFO:colcon.colcon_core.shell:Creating package descriptor '/home/lisvent/ros2_ws/install/live1288_service/share/live1288_service/package.dsv'
[2.462s] INFO:colcon.colcon_core.shell:Creating package script '/home/lisvent/ros2_ws/install/live1288_service/share/live1288_service/package.sh'
[2.464s] INFO:colcon.colcon_core.shell:Creating package script '/home/lisvent/ros2_ws/install/live1288_service/share/live1288_service/package.bash'
[2.466s] INFO:colcon.colcon_core.shell:Creating package script '/home/lisvent/ros2_ws/install/live1288_service/share/live1288_service/package.zsh'
[2.468s] Level 1:colcon.colcon_core.environment:create_file_with_runtime_dependencies(/home/lisvent/ros2_ws/install/live1288_service/share/colcon-core/packages/live1288_service)
[2.470s] Level 1:colcon.colcon_core.environment:create_environment_scripts_only(live1288_service)
[2.470s] Level 1:colcon.colcon_core.environment:checking '/home/lisvent/ros2_ws/install/live1288_service' for CMake module files
[2.471s] Level 1:colcon.colcon_core.environment:checking '/home/lisvent/ros2_ws/install/live1288_service' for CMake config files
[2.472s] Level 1:colcon.colcon_core.shell:create_environment_hook('live1288_service', 'cmake_prefix_path')
[2.472s] INFO:colcon.colcon_core.shell:Creating environment hook '/home/lisvent/ros2_ws/install/live1288_service/share/live1288_service/hook/cmake_prefix_path.ps1'
[2.473s] INFO:colcon.colcon_core.shell:Creating environment descriptor '/home/lisvent/ros2_ws/install/live1288_service/share/live1288_service/hook/cmake_prefix_path.dsv'
[2.473s] INFO:colcon.colcon_core.shell:Creating environment hook '/home/lisvent/ros2_ws/install/live1288_service/share/live1288_service/hook/cmake_prefix_path.sh'
[2.474s] Level 1:colcon.colcon_core.environment:checking '/home/lisvent/ros2_ws/install/live1288_service/lib'
[2.474s] Level 1:colcon.colcon_core.shell:create_environment_hook('live1288_service', 'ld_library_path_lib')
[2.474s] INFO:colcon.colcon_core.shell:Creating environment hook '/home/lisvent/ros2_ws/install/live1288_service/share/live1288_service/hook/ld_library_path_lib.ps1'
[2.475s] INFO:colcon.colcon_core.shell:Creating environment descriptor '/home/lisvent/ros2_ws/install/live1288_service/share/live1288_service/hook/ld_library_path_lib.dsv'
[2.475s] INFO:colcon.colcon_core.shell:Creating environment hook '/home/lisvent/ros2_ws/install/live1288_service/share/live1288_service/hook/ld_library_path_lib.sh'
[2.476s] Level 1:colcon.colcon_core.environment:checking '/home/lisvent/ros2_ws/install/live1288_service/bin'
[2.476s] Level 1:colcon.colcon_core.environment:checking '/home/lisvent/ros2_ws/install/live1288_service/lib/pkgconfig/live1288_service.pc'
[2.477s] Level 1:colcon.colcon_core.environment:checking '/home/lisvent/ros2_ws/install/live1288_service/lib/python3.10/site-packages'
[2.477s] Level 1:colcon.colcon_core.environment:checking '/home/lisvent/ros2_ws/install/live1288_service/bin'
[2.478s] INFO:colcon.colcon_core.shell:Creating package script '/home/lisvent/ros2_ws/install/live1288_service/share/live1288_service/package.ps1'
[2.479s] INFO:colcon.colcon_core.shell:Creating package descriptor '/home/lisvent/ros2_ws/install/live1288_service/share/live1288_service/package.dsv'
[2.480s] INFO:colcon.colcon_core.shell:Creating package script '/home/lisvent/ros2_ws/install/live1288_service/share/live1288_service/package.sh'
[2.481s] INFO:colcon.colcon_core.shell:Creating package script '/home/lisvent/ros2_ws/install/live1288_service/share/live1288_service/package.bash'
[2.481s] INFO:colcon.colcon_core.shell:Creating package script '/home/lisvent/ros2_ws/install/live1288_service/share/live1288_service/package.zsh'
[2.482s] Level 1:colcon.colcon_core.environment:create_file_with_runtime_dependencies(/home/lisvent/ros2_ws/install/live1288_service/share/colcon-core/packages/live1288_service)
[2.482s] INFO:colcon.colcon_ros.task.ament_python.build:Building ROS package in '/home/lisvent/ros2_ws/src/live1288_hw1' with build type 'ament_python'
[2.482s] Level 1:colcon.colcon_core.shell:create_environment_hook('live1288_hw1', 'ament_prefix_path')
[2.483s] INFO:colcon.colcon_core.shell:Creating environment hook '/home/lisvent/ros2_ws/install/live1288_hw1/share/live1288_hw1/hook/ament_prefix_path.ps1'
[2.485s] INFO:colcon.colcon_core.shell:Creating environment descriptor '/home/lisvent/ros2_ws/install/live1288_hw1/share/live1288_hw1/hook/ament_prefix_path.dsv'
[2.485s] INFO:colcon.colcon_core.shell:Creating environment hook '/home/lisvent/ros2_ws/install/live1288_hw1/share/live1288_hw1/hook/ament_prefix_path.sh'
[2.486s] INFO:colcon.colcon_core.shell:Skip shell extension 'powershell' for command environment: Not usable outside of PowerShell
[2.486s] DEBUG:colcon.colcon_core.shell:Skip shell extension 'dsv' for command environment
[3.055s] INFO:colcon.colcon_core.task.python.build:Building Python package in '/home/lisvent/ros2_ws/src/live1288_hw1'
[3.055s] INFO:colcon.colcon_core.shell:Skip shell extension 'powershell' for command environment: Not usable outside of PowerShell
[3.055s] DEBUG:colcon.colcon_core.shell:Skip shell extension 'dsv' for command environment
[4.074s] DEBUG:colcon.colcon_core.event_handler.log_command:Invoking command in '/home/lisvent/ros2_ws/src/live1288_hw1': PYTHONPATH=/home/lisvent/ros2_ws/build/live1288_hw1/prefix_override:/usr/lib/python3/dist-packages/colcon_core/task/python/colcon_distutils_commands:/home/lisvent/ros2_ws/install/live1288_hw1/lib/python3.10/site-packages:${PYTHONPATH} /usr/bin/python3 -W ignore:setup.py install is deprecated -W ignore:easy_install command is deprecated setup.py egg_info --egg-base ../../build/live1288_hw1 build --build-base /home/lisvent/ros2_ws/build/live1288_hw1/build install --record /home/lisvent/ros2_ws/build/live1288_hw1/install.log --single-version-externally-managed install_data
[4.446s] Level 1:colcon.colcon_core.environment:checking '/home/lisvent/ros2_ws/install/live1288_hw1' for CMake module files
[4.447s] DEBUG:colcon.colcon_core.event_handler.log_command:Invoked command in '/home/lisvent/ros2_ws/src/live1288_hw1' returned '0': PYTHONPATH=/home/lisvent/ros2_ws/build/live1288_hw1/prefix_override:/usr/lib/python3/dist-packages/colcon_core/task/python/colcon_distutils_commands:/home/lisvent/ros2_ws/install/live1288_hw1/lib/python3.10/site-packages:${PYTHONPATH} /usr/bin/python3 -W ignore:setup.py install is deprecated -W ignore:easy_install command is deprecated setup.py egg_info --egg-base ../../build/live1288_hw1 build --build-base /home/lisvent/ros2_ws/build/live1288_hw1/build install --record /home/lisvent/ros2_ws/build/live1288_hw1/install.log --single-version-externally-managed install_data
[4.448s] Level 1:colcon.colcon_core.environment:checking '/home/lisvent/ros2_ws/install/live1288_hw1' for CMake config files
[4.452s] Level 1:colcon.colcon_core.environment:checking '/home/lisvent/ros2_ws/install/live1288_hw1/lib'
[4.452s] Level 1:colcon.colcon_core.environment:checking '/home/lisvent/ros2_ws/install/live1288_hw1/bin'
[4.452s] Level 1:colcon.colcon_core.environment:checking '/home/lisvent/ros2_ws/install/live1288_hw1/lib/pkgconfig/live1288_hw1.pc'
[4.453s] Level 1:colcon.colcon_core.environment:checking '/home/lisvent/ros2_ws/install/live1288_hw1/lib/python3.10/site-packages'
[4.453s] Level 1:colcon.colcon_core.shell:create_environment_hook('live1288_hw1', 'pythonpath')
[4.453s] INFO:colcon.colcon_core.shell:Creating environment hook '/home/lisvent/ros2_ws/install/live1288_hw1/share/live1288_hw1/hook/pythonpath.ps1'
[4.453s] INFO:colcon.colcon_core.shell:Creating environment descriptor '/home/lisvent/ros2_ws/install/live1288_hw1/share/live1288_hw1/hook/pythonpath.dsv'
[4.454s] INFO:colcon.colcon_core.shell:Creating environment hook '/home/lisvent/ros2_ws/install/live1288_hw1/share/live1288_hw1/hook/pythonpath.sh'
[4.454s] Level 1:colcon.colcon_core.environment:checking '/home/lisvent/ros2_ws/install/live1288_hw1/bin'
[4.454s] Level 1:colcon.colcon_core.environment:create_environment_scripts_only(live1288_hw1)
[4.455s] INFO:colcon.colcon_core.shell:Creating package script '/home/lisvent/ros2_ws/install/live1288_hw1/share/live1288_hw1/package.ps1'
[4.455s] INFO:colcon.colcon_core.shell:Creating package descriptor '/home/lisvent/ros2_ws/install/live1288_hw1/share/live1288_hw1/package.dsv'
[4.456s] INFO:colcon.colcon_core.shell:Creating package script '/home/lisvent/ros2_ws/install/live1288_hw1/share/live1288_hw1/package.sh'
[4.456s] INFO:colcon.colcon_core.shell:Creating package script '/home/lisvent/ros2_ws/install/live1288_hw1/share/live1288_hw1/package.bash'
[4.456s] INFO:colcon.colcon_core.shell:Creating package script '/home/lisvent/ros2_ws/install/live1288_hw1/share/live1288_hw1/package.zsh'
[4.457s] Level 1:colcon.colcon_core.environment:create_file_with_runtime_dependencies(/home/lisvent/ros2_ws/install/live1288_hw1/share/colcon-core/packages/live1288_hw1)
[4.457s] DEBUG:colcon.colcon_parallel_executor.executor.parallel:closing loop
[4.458s] DEBUG:colcon.colcon_parallel_executor.executor.parallel:loop closed
[4.458s] DEBUG:colcon.colcon_parallel_executor.executor.parallel:run_until_complete finished with '0'
[4.458s] DEBUG:colcon.colcon_core.event_reactor:joining thread
[4.580s] INFO:colcon.colcon_core.plugin_system:Skipping extension 'colcon_notification.desktop_notification.notify_send': Could not find 'notify-send'
[4.580s] INFO:colcon.colcon_core.plugin_system:Skipping extension 'colcon_notification.desktop_notification.terminal_notifier': Not used on non-Darwin systems
[4.581s] INFO:colcon.colcon_core.plugin_system:Skipping extension 'colcon_notification.desktop_notification.win32': Not used on non-Windows systems
[4.581s] INFO:colcon.colcon_notification.desktop_notification:Sending desktop notification using 'notify2'
[4.581s] DEBUG:colcon.colcon_notification.desktop_notification.notify2:Failed to initialize notify2: org.freedesktop.DBus.Error.FileNotFound: Failed to connect to socket /run/user/1000/bus: No such file or directory
[4.581s] DEBUG:colcon.colcon_core.event_reactor:joined thread
[4.582s] INFO:colcon.colcon_core.shell:Creating prefix script '/home/lisvent/ros2_ws/install/local_setup.ps1'
[4.584s] INFO:colcon.colcon_core.shell:Creating prefix util module '/home/lisvent/ros2_ws/install/_local_setup_util_ps1.py'
[4.589s] INFO:colcon.colcon_core.shell:Creating prefix chain script '/home/lisvent/ros2_ws/install/setup.ps1'
[4.592s] INFO:colcon.colcon_core.shell:Creating prefix script '/home/lisvent/ros2_ws/install/local_setup.sh'
[4.594s] INFO:colcon.colcon_core.shell:Creating prefix util module '/home/lisvent/ros2_ws/install/_local_setup_util_sh.py'
[4.595s] INFO:colcon.colcon_core.shell:Creating prefix chain script '/home/lisvent/ros2_ws/install/setup.sh'
[4.597s] INFO:colcon.colcon_core.shell:Creating prefix script '/home/lisvent/ros2_ws/install/local_setup.bash'
[4.598s] INFO:colcon.colcon_core.shell:Creating prefix chain script '/home/lisvent/ros2_ws/install/setup.bash'
[4.600s] INFO:colcon.colcon_core.shell:Creating prefix script '/home/lisvent/ros2_ws/install/local_setup.zsh'
[4.601s] INFO:colcon.colcon_core.shell:Creating prefix chain script '/home/lisvent/ros2_ws/install/setup.zsh'
