[0.932s] Invoking command in '/home/lisvent/ros2_ws/src/live1288_hw1': PYTHONPATH=/home/lisvent/ros2_ws/src/live1288_hw1/build/live1288_hw1/prefix_override:/usr/lib/python3/dist-packages/colcon_core/task/python/colcon_distutils_commands:/home/lisvent/ros2_ws/src/live1288_hw1/install/live1288_hw1/lib/python3.10/site-packages:${PYTHONPATH} /usr/bin/python3 -W ignore:setup.py install is deprecated -W ignore:easy_install command is deprecated setup.py egg_info --egg-base build/live1288_hw1 build --build-base /home/lisvent/ros2_ws/src/live1288_hw1/build/live1288_hw1/build install --record /home/lisvent/ros2_ws/src/live1288_hw1/build/live1288_hw1/install.log --single-version-externally-managed install_data
[1.227s] running egg_info
[1.228s] creating build/live1288_hw1/live1288_hw1.egg-info
[1.228s] writing build/live1288_hw1/live1288_hw1.egg-info/PKG-INFO
[1.229s] writing dependency_links to build/live1288_hw1/live1288_hw1.egg-info/dependency_links.txt
[1.229s] writing entry points to build/live1288_hw1/live1288_hw1.egg-info/entry_points.txt
[1.229s] writing requirements to build/live1288_hw1/live1288_hw1.egg-info/requires.txt
[1.229s] writing top-level names to build/live1288_hw1/live1288_hw1.egg-info/top_level.txt
[1.229s] writing manifest file 'build/live1288_hw1/live1288_hw1.egg-info/SOURCES.txt'
[1.231s] reading manifest file 'build/live1288_hw1/live1288_hw1.egg-info/SOURCES.txt'
[1.231s] adding license file 'LICENSE'
[1.232s] writing manifest file 'build/live1288_hw1/live1288_hw1.egg-info/SOURCES.txt'
[1.233s] running build
[1.233s] running install
[1.234s] running install_data
[1.234s] creating /home/lisvent/ros2_ws/src/live1288_hw1/install/live1288_hw1/share/ament_index
[1.234s] creating /home/lisvent/ros2_ws/src/live1288_hw1/install/live1288_hw1/share/ament_index/resource_index
[1.235s] creating /home/lisvent/ros2_ws/src/live1288_hw1/install/live1288_hw1/share/ament_index/resource_index/packages
[1.235s] copying resource/live1288_hw1 -> /home/lisvent/ros2_ws/src/live1288_hw1/install/live1288_hw1/share/ament_index/resource_index/packages
[1.235s] copying package.xml -> /home/lisvent/ros2_ws/src/live1288_hw1/install/live1288_hw1/share/live1288_hw1
[1.235s] running install_egg_info
[1.238s] Copying build/live1288_hw1/live1288_hw1.egg-info to /home/lisvent/ros2_ws/src/live1288_hw1/install/live1288_hw1/lib/python3.10/site-packages/live1288_hw1-0.0.0-py3.10.egg-info
[1.239s] running install_scripts
[1.264s] Installing service_client script to /home/lisvent/ros2_ws/src/live1288_hw1/install/live1288_hw1/lib/live1288_hw1
[1.265s] Installing service_server script to /home/lisvent/ros2_ws/src/live1288_hw1/install/live1288_hw1/lib/live1288_hw1
[1.265s] writing list of installed files to '/home/lisvent/ros2_ws/src/live1288_hw1/build/live1288_hw1/install.log'
[1.293s] Invoked command in '/home/lisvent/ros2_ws/src/live1288_hw1' returned '0': PYTHONPATH=/home/lisvent/ros2_ws/src/live1288_hw1/build/live1288_hw1/prefix_override:/usr/lib/python3/dist-packages/colcon_core/task/python/colcon_distutils_commands:/home/lisvent/ros2_ws/src/live1288_hw1/install/live1288_hw1/lib/python3.10/site-packages:${PYTHONPATH} /usr/bin/python3 -W ignore:setup.py install is deprecated -W ignore:easy_install command is deprecated setup.py egg_info --egg-base build/live1288_hw1 build --build-base /home/lisvent/ros2_ws/src/live1288_hw1/build/live1288_hw1/build install --record /home/lisvent/ros2_ws/src/live1288_hw1/build/live1288_hw1/install.log --single-version-externally-managed install_data
