[0.016s] Invoking command in '/home/lisvent/ros2_ws/build/live1288_service': CMAKE_PREFIX_PATH=/home/lisvent/ros2_ws/install/live1288_hw1:/opt/ros/humble /usr/bin/cmake /home/lisvent/ros2_ws/src/live1288_service -DCMAKE_INSTALL_PREFIX=/home/lisvent/ros2_ws/install/live1288_service
[0.280s] -- The C compiler identification is GNU 11.4.0
[0.915s] -- The CXX compiler identification is GNU 11.4.0
[1.303s] -- Detecting C compiler ABI info
[1.451s] -- Detecting C compiler ABI info - done
[1.456s] -- Check for working C compiler: /usr/bin/cc - skipped
[1.468s] -- Detecting C compile features
[1.469s] -- Detecting C compile features - done
[1.473s] -- Detecting CXX compiler ABI info
[1.622s] -- Detecting CXX compiler ABI info - done
[1.629s] -- Check for working CXX compiler: /usr/bin/c++ - skipped
[1.629s] -- Detecting CXX compile features
[1.629s] -- Detecting CXX compile features - done
[1.651s] -- Found ament_cmake: 1.3.12 (/opt/ros/humble/share/ament_cmake/cmake)
[1.772s] -- Found Python3: /usr/bin/python3 (found version "3.10.12") found components: Interpreter 
[1.883s] -- Found rosidl_default_generators: 1.2.0 (/opt/ros/humble/share/rosidl_default_generators/cmake)
[1.890s] -- Using all available rosidl_typesupport_c: rosidl_typesupport_fastrtps_c;rosidl_typesupport_introspection_c
[1.903s] -- Found rosidl_adapter: 3.1.7 (/opt/ros/humble/share/rosidl_adapter/cmake)
[2.106s] -- Using all available rosidl_typesupport_cpp: rosidl_typesupport_fastrtps_cpp;rosidl_typesupport_introspection_cpp
[2.162s] -- Found std_msgs: 4.9.0 (/opt/ros/humble/share/std_msgs/cmake)
[2.408s] -- Found ament_cmake_ros: 0.10.0 (/opt/ros/humble/share/ament_cmake_ros/cmake)
[2.569s] -- Using all available rosidl_typesupport_c: rosidl_typesupport_fastrtps_c;rosidl_typesupport_introspection_c
[2.776s] -- Using all available rosidl_typesupport_cpp: rosidl_typesupport_fastrtps_cpp;rosidl_typesupport_introspection_cpp
[2.910s] -- Found PythonInterp: /usr/bin/python3 (found suitable version "3.10.12", minimum required is "3.6") 
[2.923s] -- Found python_cmake_module: 0.10.0 (/opt/ros/humble/share/python_cmake_module/cmake)
[3.426s] -- Found PythonLibs: /usr/lib/x86_64-linux-gnu/libpython3.10.so (found suitable version "3.10.12", minimum required is "3.5") 
[3.426s] -- Using PYTHON_EXECUTABLE: /usr/bin/python3
[3.426s] -- Using PYTHON_INCLUDE_DIRS: /usr/include/python3.10
[3.426s] -- Using PYTHON_LIBRARIES: /usr/lib/x86_64-linux-gnu/libpython3.10.so
[3.442s] -- Found PythonExtra: .so  
[3.524s] -- Found ament_lint_auto: 0.12.14 (/opt/ros/humble/share/ament_lint_auto/cmake)
[3.560s] -- Added test 'copyright' to check source files copyright and LICENSE
[3.564s] -- Added test 'lint_cmake' to check CMake code style
[3.566s] -- Added test 'xmllint' to check XML markup files
[3.569s] -- Configuring done
[3.601s] -- Generating done
[3.609s] -- Build files have been written to: /home/lisvent/ros2_ws/build/live1288_service
[3.616s] Invoked command in '/home/lisvent/ros2_ws/build/live1288_service' returned '0': CMAKE_PREFIX_PATH=/home/lisvent/ros2_ws/install/live1288_hw1:/opt/ros/humble /usr/bin/cmake /home/lisvent/ros2_ws/src/live1288_service -DCMAKE_INSTALL_PREFIX=/home/lisvent/ros2_ws/install/live1288_service
[3.618s] Invoking command in '/home/lisvent/ros2_ws/build/live1288_service': CMAKE_PREFIX_PATH=/home/lisvent/ros2_ws/install/live1288_hw1:/opt/ros/humble /usr/bin/cmake --build /home/lisvent/ros2_ws/build/live1288_service -- -j8 -l8
[3.648s] [  3%] [34m[1mGenerating C code for ROS interfaces[0m
[3.656s] [  6%] [34m[1mGenerating C++ code for ROS interfaces[0m
[3.664s] [  6%] Built target ament_cmake_python_copy_live1288_service
[3.884s] running egg_info
[3.885s] creating live1288_service.egg-info
[3.886s] writing live1288_service.egg-info/PKG-INFO
[3.886s] writing dependency_links to live1288_service.egg-info/dependency_links.txt
[3.886s] writing top-level names to live1288_service.egg-info/top_level.txt
[3.887s] writing manifest file 'live1288_service.egg-info/SOURCES.txt'
[3.891s] reading manifest file 'live1288_service.egg-info/SOURCES.txt'
[3.892s] writing manifest file 'live1288_service.egg-info/SOURCES.txt'
[3.921s] [  6%] Built target ament_cmake_python_build_live1288_service_egg
[3.921s] [  9%] [32mBuilding C object CMakeFiles/live1288_service__rosidl_generator_c.dir/rosidl_generator_c/live1288_service/srv/detail/live1288_service__functions.c.o[0m
[3.935s] [  9%] Built target live1288_service__cpp
[3.944s] [ 16%] [34m[1mGenerating C++ introspection for ROS interfaces[0m
[3.945s] [ 16%] [34m[1mGenerating C++ type support dispatch for ROS interfaces[0m
[3.945s] [ 19%] [34m[1mGenerating C++ type support for eProsima Fast-RTPS[0m
[4.003s] [ 22%] [32m[1mLinking C shared library liblive1288_service__rosidl_generator_c.so[0m
[4.107s] [ 22%] Built target live1288_service__rosidl_generator_c
[4.118s] [ 25%] [34m[1mGenerating C introspection for ROS interfaces[0m
[4.120s] [ 32%] [34m[1mGenerating C type support dispatch for ROS interfaces[0m
[4.120s] [ 32%] [34m[1mGenerating C type support for eProsima Fast-RTPS[0m
[4.232s] [ 35%] [32mBuilding CXX object CMakeFiles/live1288_service__rosidl_typesupport_cpp.dir/rosidl_typesupport_cpp/live1288_service/srv/live1288_service__type_support.cpp.o[0m
[4.266s] [ 38%] [32mBuilding CXX object CMakeFiles/live1288_service__rosidl_typesupport_introspection_cpp.dir/rosidl_typesupport_introspection_cpp/live1288_service/srv/detail/live1288_service__type_support.cpp.o[0m
[4.294s] [ 41%] [32mBuilding CXX object CMakeFiles/live1288_service__rosidl_typesupport_fastrtps_cpp.dir/rosidl_typesupport_fastrtps_cpp/live1288_service/srv/detail/dds_fastrtps/live1288_service__type_support.cpp.o[0m
[4.424s] [ 45%] [32mBuilding CXX object CMakeFiles/live1288_service__rosidl_typesupport_c.dir/rosidl_typesupport_c/live1288_service/srv/live1288_service__type_support.cpp.o[0m
[4.461s] [ 48%] [32m[1mLinking CXX shared library liblive1288_service__rosidl_typesupport_c.so[0m
[4.465s] [ 51%] [32mBuilding C object CMakeFiles/live1288_service__rosidl_typesupport_introspection_c.dir/rosidl_typesupport_introspection_c/live1288_service/srv/detail/live1288_service__type_support.c.o[0m
[4.477s] [ 54%] [32mBuilding CXX object CMakeFiles/live1288_service__rosidl_typesupport_fastrtps_c.dir/rosidl_typesupport_fastrtps_c/live1288_service/srv/detail/live1288_service__type_support_c.cpp.o[0m
[4.512s] [ 58%] [32m[1mLinking C shared library liblive1288_service__rosidl_typesupport_introspection_c.so[0m
[4.586s] [ 61%] [32m[1mLinking CXX shared library liblive1288_service__rosidl_typesupport_cpp.so[0m
[4.587s] [ 61%] Built target live1288_service__rosidl_typesupport_c
[4.613s] [ 61%] Built target live1288_service__rosidl_typesupport_introspection_c
[4.702s] [ 61%] Built target live1288_service__rosidl_typesupport_cpp
[4.708s] [ 64%] [32m[1mLinking CXX shared library liblive1288_service__rosidl_typesupport_introspection_cpp.so[0m
[4.790s] [ 67%] [32m[1mLinking CXX shared library liblive1288_service__rosidl_typesupport_fastrtps_cpp.so[0m
[4.849s] [ 67%] Built target live1288_service__rosidl_typesupport_introspection_cpp
[4.859s] [ 70%] [32m[1mLinking CXX shared library liblive1288_service__rosidl_typesupport_fastrtps_c.so[0m
[4.914s] [ 70%] Built target live1288_service__rosidl_typesupport_fastrtps_cpp
[4.984s] [ 70%] Built target live1288_service__rosidl_typesupport_fastrtps_c
[5.000s] [ 70%] Built target live1288_service
[5.017s] [ 74%] [34m[1mGenerating Python code for ROS interfaces[0m
[5.309s] [ 74%] Built target live1288_service__py
[5.326s] [ 77%] [32mBuilding C object CMakeFiles/live1288_service__rosidl_generator_py.dir/rosidl_generator_py/live1288_service/srv/_live1288_service_s.c.o[0m
[5.490s] [ 80%] [32m[1mLinking C shared library rosidl_generator_py/live1288_service/liblive1288_service__rosidl_generator_py.so[0m
[5.611s] [ 80%] Built target live1288_service__rosidl_generator_py
[5.631s] [ 83%] [32mBuilding C object CMakeFiles/live1288_service__rosidl_typesupport_c__pyext.dir/rosidl_generator_py/live1288_service/_live1288_service_s.ep.rosidl_typesupport_c.c.o[0m
[5.631s] [ 90%] [32mBuilding C object CMakeFiles/live1288_service__rosidl_typesupport_fastrtps_c__pyext.dir/rosidl_generator_py/live1288_service/_live1288_service_s.ep.rosidl_typesupport_fastrtps_c.c.o[0m
[5.632s] [ 90%] [32mBuilding C object CMakeFiles/live1288_service__rosidl_typesupport_introspection_c__pyext.dir/rosidl_generator_py/live1288_service/_live1288_service_s.ep.rosidl_typesupport_introspection_c.c.o[0m
[5.734s] [ 93%] [32m[1mLinking C shared library rosidl_generator_py/live1288_service/live1288_service_s__rosidl_typesupport_c.cpython-310-x86_64-linux-gnu.so[0m
[5.739s] [ 96%] [32m[1mLinking C shared library rosidl_generator_py/live1288_service/live1288_service_s__rosidl_typesupport_fastrtps_c.cpython-310-x86_64-linux-gnu.so[0m
[5.739s] [100%] [32m[1mLinking C shared library rosidl_generator_py/live1288_service/live1288_service_s__rosidl_typesupport_introspection_c.cpython-310-x86_64-linux-gnu.so[0m
[5.805s] [100%] Built target live1288_service__rosidl_typesupport_fastrtps_c__pyext
[5.808s] [100%] Built target live1288_service__rosidl_typesupport_c__pyext
[5.809s] [100%] Built target live1288_service__rosidl_typesupport_introspection_c__pyext
[5.819s] Invoked command in '/home/lisvent/ros2_ws/build/live1288_service' returned '0': CMAKE_PREFIX_PATH=/home/lisvent/ros2_ws/install/live1288_hw1:/opt/ros/humble /usr/bin/cmake --build /home/lisvent/ros2_ws/build/live1288_service -- -j8 -l8
[5.829s] Invoking command in '/home/lisvent/ros2_ws/build/live1288_service': CMAKE_PREFIX_PATH=/home/lisvent/ros2_ws/install/live1288_hw1:/opt/ros/humble /usr/bin/cmake --install /home/lisvent/ros2_ws/build/live1288_service
[5.835s] -- Install configuration: ""
[5.836s] -- Installing: /home/lisvent/ros2_ws/install/live1288_service/share/ament_index/resource_index/rosidl_interfaces/live1288_service
[5.836s] -- Installing: /home/lisvent/ros2_ws/install/live1288_service/include/live1288_service/live1288_service
[5.837s] -- Installing: /home/lisvent/ros2_ws/install/live1288_service/include/live1288_service/live1288_service/srv
[5.837s] -- Installing: /home/lisvent/ros2_ws/install/live1288_service/include/live1288_service/live1288_service/srv/detail
[5.837s] -- Installing: /home/lisvent/ros2_ws/install/live1288_service/include/live1288_service/live1288_service/srv/detail/live1288_service__type_support.h
[5.837s] -- Installing: /home/lisvent/ros2_ws/install/live1288_service/include/live1288_service/live1288_service/srv/detail/live1288_service__functions.c
[5.837s] -- Installing: /home/lisvent/ros2_ws/install/live1288_service/include/live1288_service/live1288_service/srv/detail/live1288_service__struct.h
[5.837s] -- Installing: /home/lisvent/ros2_ws/install/live1288_service/include/live1288_service/live1288_service/srv/detail/live1288_service__functions.h
[5.838s] -- Installing: /home/lisvent/ros2_ws/install/live1288_service/include/live1288_service/live1288_service/srv/live1288_service.h
[5.838s] -- Installing: /home/lisvent/ros2_ws/install/live1288_service/include/live1288_service/live1288_service/msg
[5.838s] -- Installing: /home/lisvent/ros2_ws/install/live1288_service/include/live1288_service/live1288_service/msg/rosidl_generator_c__visibility_control.h
[5.838s] -- Installing: /home/lisvent/ros2_ws/install/live1288_service/share/live1288_service/environment/library_path.sh
[5.838s] -- Installing: /home/lisvent/ros2_ws/install/live1288_service/share/live1288_service/environment/library_path.dsv
[5.839s] -- Installing: /home/lisvent/ros2_ws/install/live1288_service/lib/liblive1288_service__rosidl_generator_c.so
[5.839s] -- Set runtime path of "/home/lisvent/ros2_ws/install/live1288_service/lib/liblive1288_service__rosidl_generator_c.so" to ""
[5.839s] -- Up-to-date: /home/lisvent/ros2_ws/install/live1288_service/include/live1288_service/live1288_service
[5.839s] -- Up-to-date: /home/lisvent/ros2_ws/install/live1288_service/include/live1288_service/live1288_service/srv
[5.840s] -- Up-to-date: /home/lisvent/ros2_ws/install/live1288_service/include/live1288_service/live1288_service/srv/detail
[5.840s] -- Installing: /home/lisvent/ros2_ws/install/live1288_service/include/live1288_service/live1288_service/srv/detail/live1288_service__rosidl_typesupport_fastrtps_c.h
[5.840s] -- Up-to-date: /home/lisvent/ros2_ws/install/live1288_service/include/live1288_service/live1288_service/msg
[5.840s] -- Installing: /home/lisvent/ros2_ws/install/live1288_service/include/live1288_service/live1288_service/msg/rosidl_typesupport_fastrtps_c__visibility_control.h
[5.840s] -- Installing: /home/lisvent/ros2_ws/install/live1288_service/lib/liblive1288_service__rosidl_typesupport_fastrtps_c.so
[5.840s] -- Set runtime path of "/home/lisvent/ros2_ws/install/live1288_service/lib/liblive1288_service__rosidl_typesupport_fastrtps_c.so" to ""
[5.840s] -- Up-to-date: /home/lisvent/ros2_ws/install/live1288_service/include/live1288_service/live1288_service
[5.840s] -- Up-to-date: /home/lisvent/ros2_ws/install/live1288_service/include/live1288_service/live1288_service/srv
[5.841s] -- Up-to-date: /home/lisvent/ros2_ws/install/live1288_service/include/live1288_service/live1288_service/srv/detail
[5.841s] -- Installing: /home/lisvent/ros2_ws/install/live1288_service/include/live1288_service/live1288_service/srv/detail/live1288_service__type_support.c
[5.841s] -- Installing: /home/lisvent/ros2_ws/install/live1288_service/include/live1288_service/live1288_service/srv/detail/live1288_service__rosidl_typesupport_introspection_c.h
[5.841s] -- Up-to-date: /home/lisvent/ros2_ws/install/live1288_service/include/live1288_service/live1288_service/msg
[5.841s] -- Installing: /home/lisvent/ros2_ws/install/live1288_service/include/live1288_service/live1288_service/msg/rosidl_typesupport_introspection_c__visibility_control.h
[5.841s] -- Installing: /home/lisvent/ros2_ws/install/live1288_service/lib/liblive1288_service__rosidl_typesupport_introspection_c.so
[5.841s] -- Set runtime path of "/home/lisvent/ros2_ws/install/live1288_service/lib/liblive1288_service__rosidl_typesupport_introspection_c.so" to ""
[5.842s] -- Installing: /home/lisvent/ros2_ws/install/live1288_service/lib/liblive1288_service__rosidl_typesupport_c.so
[5.842s] -- Set runtime path of "/home/lisvent/ros2_ws/install/live1288_service/lib/liblive1288_service__rosidl_typesupport_c.so" to ""
[5.842s] -- Up-to-date: /home/lisvent/ros2_ws/install/live1288_service/include/live1288_service/live1288_service
[5.842s] -- Up-to-date: /home/lisvent/ros2_ws/install/live1288_service/include/live1288_service/live1288_service/srv
[5.843s] -- Up-to-date: /home/lisvent/ros2_ws/install/live1288_service/include/live1288_service/live1288_service/srv/detail
[5.843s] -- Installing: /home/lisvent/ros2_ws/install/live1288_service/include/live1288_service/live1288_service/srv/detail/live1288_service__struct.hpp
[5.843s] -- Installing: /home/lisvent/ros2_ws/install/live1288_service/include/live1288_service/live1288_service/srv/detail/live1288_service__type_support.hpp
[5.843s] -- Installing: /home/lisvent/ros2_ws/install/live1288_service/include/live1288_service/live1288_service/srv/detail/live1288_service__builder.hpp
[5.843s] -- Installing: /home/lisvent/ros2_ws/install/live1288_service/include/live1288_service/live1288_service/srv/detail/live1288_service__traits.hpp
[5.843s] -- Installing: /home/lisvent/ros2_ws/install/live1288_service/include/live1288_service/live1288_service/srv/live1288_service.hpp
[5.843s] -- Up-to-date: /home/lisvent/ros2_ws/install/live1288_service/include/live1288_service/live1288_service/msg
[5.843s] -- Installing: /home/lisvent/ros2_ws/install/live1288_service/include/live1288_service/live1288_service/msg/rosidl_generator_cpp__visibility_control.hpp
[5.844s] -- Up-to-date: /home/lisvent/ros2_ws/install/live1288_service/include/live1288_service/live1288_service
[5.844s] -- Up-to-date: /home/lisvent/ros2_ws/install/live1288_service/include/live1288_service/live1288_service/srv
[5.844s] -- Up-to-date: /home/lisvent/ros2_ws/install/live1288_service/include/live1288_service/live1288_service/srv/detail
[5.844s] -- Installing: /home/lisvent/ros2_ws/install/live1288_service/include/live1288_service/live1288_service/srv/detail/dds_fastrtps
[5.844s] -- Installing: /home/lisvent/ros2_ws/install/live1288_service/include/live1288_service/live1288_service/srv/detail/live1288_service__rosidl_typesupport_fastrtps_cpp.hpp
[5.844s] -- Up-to-date: /home/lisvent/ros2_ws/install/live1288_service/include/live1288_service/live1288_service/msg
[5.844s] -- Installing: /home/lisvent/ros2_ws/install/live1288_service/include/live1288_service/live1288_service/msg/rosidl_typesupport_fastrtps_cpp__visibility_control.h
[5.845s] -- Installing: /home/lisvent/ros2_ws/install/live1288_service/lib/liblive1288_service__rosidl_typesupport_fastrtps_cpp.so
[5.845s] -- Set runtime path of "/home/lisvent/ros2_ws/install/live1288_service/lib/liblive1288_service__rosidl_typesupport_fastrtps_cpp.so" to ""
[5.845s] -- Up-to-date: /home/lisvent/ros2_ws/install/live1288_service/include/live1288_service/live1288_service
[5.845s] -- Up-to-date: /home/lisvent/ros2_ws/install/live1288_service/include/live1288_service/live1288_service/srv
[5.845s] -- Up-to-date: /home/lisvent/ros2_ws/install/live1288_service/include/live1288_service/live1288_service/srv/detail
[5.845s] -- Installing: /home/lisvent/ros2_ws/install/live1288_service/include/live1288_service/live1288_service/srv/detail/live1288_service__rosidl_typesupport_introspection_cpp.hpp
[5.846s] -- Installing: /home/lisvent/ros2_ws/install/live1288_service/include/live1288_service/live1288_service/srv/detail/live1288_service__type_support.cpp
[5.846s] -- Installing: /home/lisvent/ros2_ws/install/live1288_service/lib/liblive1288_service__rosidl_typesupport_introspection_cpp.so
[5.846s] -- Set runtime path of "/home/lisvent/ros2_ws/install/live1288_service/lib/liblive1288_service__rosidl_typesupport_introspection_cpp.so" to ""
[5.846s] -- Installing: /home/lisvent/ros2_ws/install/live1288_service/lib/liblive1288_service__rosidl_typesupport_cpp.so
[5.846s] -- Set runtime path of "/home/lisvent/ros2_ws/install/live1288_service/lib/liblive1288_service__rosidl_typesupport_cpp.so" to ""
[5.846s] -- Installing: /home/lisvent/ros2_ws/install/live1288_service/share/live1288_service/environment/pythonpath.sh
[5.846s] -- Installing: /home/lisvent/ros2_ws/install/live1288_service/share/live1288_service/environment/pythonpath.dsv
[5.846s] -- Installing: /home/lisvent/ros2_ws/install/live1288_service/local/lib/python3.10/dist-packages/live1288_service-0.0.0-py3.10.egg-info
[5.846s] -- Installing: /home/lisvent/ros2_ws/install/live1288_service/local/lib/python3.10/dist-packages/live1288_service-0.0.0-py3.10.egg-info/SOURCES.txt
[5.847s] -- Installing: /home/lisvent/ros2_ws/install/live1288_service/local/lib/python3.10/dist-packages/live1288_service-0.0.0-py3.10.egg-info/dependency_links.txt
[5.847s] -- Installing: /home/lisvent/ros2_ws/install/live1288_service/local/lib/python3.10/dist-packages/live1288_service-0.0.0-py3.10.egg-info/PKG-INFO
[5.847s] -- Installing: /home/lisvent/ros2_ws/install/live1288_service/local/lib/python3.10/dist-packages/live1288_service-0.0.0-py3.10.egg-info/top_level.txt
[5.847s] -- Installing: /home/lisvent/ros2_ws/install/live1288_service/local/lib/python3.10/dist-packages/live1288_service
[5.848s] -- Installing: /home/lisvent/ros2_ws/install/live1288_service/local/lib/python3.10/dist-packages/live1288_service/live1288_service_s__rosidl_typesupport_c.cpython-310-x86_64-linux-gnu.so
[5.848s] -- Installing: /home/lisvent/ros2_ws/install/live1288_service/local/lib/python3.10/dist-packages/live1288_service/_live1288_service_s.ep.rosidl_typesupport_fastrtps_c.c
[5.848s] -- Installing: /home/lisvent/ros2_ws/install/live1288_service/local/lib/python3.10/dist-packages/live1288_service/live1288_service_s__rosidl_typesupport_introspection_c.cpython-310-x86_64-linux-gnu.so
[5.848s] -- Installing: /home/lisvent/ros2_ws/install/live1288_service/local/lib/python3.10/dist-packages/live1288_service/_live1288_service_s.ep.rosidl_typesupport_c.c
[5.848s] -- Installing: /home/lisvent/ros2_ws/install/live1288_service/local/lib/python3.10/dist-packages/live1288_service/srv
[5.849s] -- Installing: /home/lisvent/ros2_ws/install/live1288_service/local/lib/python3.10/dist-packages/live1288_service/srv/_live1288_service.py
[5.849s] -- Installing: /home/lisvent/ros2_ws/install/live1288_service/local/lib/python3.10/dist-packages/live1288_service/srv/_live1288_service_s.c
[5.849s] -- Installing: /home/lisvent/ros2_ws/install/live1288_service/local/lib/python3.10/dist-packages/live1288_service/srv/__init__.py
[5.849s] -- Installing: /home/lisvent/ros2_ws/install/live1288_service/local/lib/python3.10/dist-packages/live1288_service/liblive1288_service__rosidl_generator_py.so
[5.849s] -- Installing: /home/lisvent/ros2_ws/install/live1288_service/local/lib/python3.10/dist-packages/live1288_service/_live1288_service_s.ep.rosidl_typesupport_introspection_c.c
[5.849s] -- Installing: /home/lisvent/ros2_ws/install/live1288_service/local/lib/python3.10/dist-packages/live1288_service/__init__.py
[5.849s] -- Installing: /home/lisvent/ros2_ws/install/live1288_service/local/lib/python3.10/dist-packages/live1288_service/live1288_service_s__rosidl_typesupport_fastrtps_c.cpython-310-x86_64-linux-gnu.so
[5.879s] Listing '/home/lisvent/ros2_ws/install/live1288_service/local/lib/python3.10/dist-packages/live1288_service'...
[5.879s] Compiling '/home/lisvent/ros2_ws/install/live1288_service/local/lib/python3.10/dist-packages/live1288_service/__init__.py'...
[5.880s] Listing '/home/lisvent/ros2_ws/install/live1288_service/local/lib/python3.10/dist-packages/live1288_service/srv'...
[5.880s] Compiling '/home/lisvent/ros2_ws/install/live1288_service/local/lib/python3.10/dist-packages/live1288_service/srv/__init__.py'...
[5.880s] Compiling '/home/lisvent/ros2_ws/install/live1288_service/local/lib/python3.10/dist-packages/live1288_service/srv/_live1288_service.py'...
[5.884s] -- Installing: /home/lisvent/ros2_ws/install/live1288_service/local/lib/python3.10/dist-packages/live1288_service/live1288_service_s__rosidl_typesupport_fastrtps_c.cpython-310-x86_64-linux-gnu.so
[5.885s] -- Set runtime path of "/home/lisvent/ros2_ws/install/live1288_service/local/lib/python3.10/dist-packages/live1288_service/live1288_service_s__rosidl_typesupport_fastrtps_c.cpython-310-x86_64-linux-gnu.so" to ""
[5.886s] -- Installing: /home/lisvent/ros2_ws/install/live1288_service/local/lib/python3.10/dist-packages/live1288_service/live1288_service_s__rosidl_typesupport_introspection_c.cpython-310-x86_64-linux-gnu.so
[5.886s] -- Set runtime path of "/home/lisvent/ros2_ws/install/live1288_service/local/lib/python3.10/dist-packages/live1288_service/live1288_service_s__rosidl_typesupport_introspection_c.cpython-310-x86_64-linux-gnu.so" to ""
[5.886s] -- Installing: /home/lisvent/ros2_ws/install/live1288_service/local/lib/python3.10/dist-packages/live1288_service/live1288_service_s__rosidl_typesupport_c.cpython-310-x86_64-linux-gnu.so
[5.887s] -- Set runtime path of "/home/lisvent/ros2_ws/install/live1288_service/local/lib/python3.10/dist-packages/live1288_service/live1288_service_s__rosidl_typesupport_c.cpython-310-x86_64-linux-gnu.so" to ""
[5.887s] -- Installing: /home/lisvent/ros2_ws/install/live1288_service/lib/liblive1288_service__rosidl_generator_py.so
[5.888s] -- Set runtime path of "/home/lisvent/ros2_ws/install/live1288_service/lib/liblive1288_service__rosidl_generator_py.so" to ""
[5.889s] -- Installing: /home/lisvent/ros2_ws/install/live1288_service/share/live1288_service/srv/Live1288Service.idl
[5.890s] -- Installing: /home/lisvent/ros2_ws/install/live1288_service/share/live1288_service/srv/Live1288Service.srv
[5.890s] -- Installing: /home/lisvent/ros2_ws/install/live1288_service/share/live1288_service/srv/Live1288Service_Request.msg
[5.891s] -- Installing: /home/lisvent/ros2_ws/install/live1288_service/share/live1288_service/srv/Live1288Service_Response.msg
[5.893s] -- Installing: /home/lisvent/ros2_ws/install/live1288_service/share/ament_index/resource_index/package_run_dependencies/live1288_service
[5.894s] -- Installing: /home/lisvent/ros2_ws/install/live1288_service/share/ament_index/resource_index/parent_prefix_path/live1288_service
[5.894s] -- Installing: /home/lisvent/ros2_ws/install/live1288_service/share/live1288_service/environment/ament_prefix_path.sh
[5.895s] -- Installing: /home/lisvent/ros2_ws/install/live1288_service/share/live1288_service/environment/ament_prefix_path.dsv
[5.896s] -- Installing: /home/lisvent/ros2_ws/install/live1288_service/share/live1288_service/environment/path.sh
[5.896s] -- Installing: /home/lisvent/ros2_ws/install/live1288_service/share/live1288_service/environment/path.dsv
[5.897s] -- Installing: /home/lisvent/ros2_ws/install/live1288_service/share/live1288_service/local_setup.bash
[5.897s] -- Installing: /home/lisvent/ros2_ws/install/live1288_service/share/live1288_service/local_setup.sh
[5.897s] -- Installing: /home/lisvent/ros2_ws/install/live1288_service/share/live1288_service/local_setup.zsh
[5.897s] -- Installing: /home/lisvent/ros2_ws/install/live1288_service/share/live1288_service/local_setup.dsv
[5.897s] -- Installing: /home/lisvent/ros2_ws/install/live1288_service/share/live1288_service/package.dsv
[5.897s] -- Installing: /home/lisvent/ros2_ws/install/live1288_service/share/ament_index/resource_index/packages/live1288_service
[5.899s] -- Installing: /home/lisvent/ros2_ws/install/live1288_service/share/live1288_service/cmake/export_live1288_service__rosidl_generator_cExport.cmake
[5.899s] -- Installing: /home/lisvent/ros2_ws/install/live1288_service/share/live1288_service/cmake/export_live1288_service__rosidl_generator_cExport-noconfig.cmake
[5.899s] -- Installing: /home/lisvent/ros2_ws/install/live1288_service/share/live1288_service/cmake/export_live1288_service__rosidl_typesupport_fastrtps_cExport.cmake
[5.900s] -- Installing: /home/lisvent/ros2_ws/install/live1288_service/share/live1288_service/cmake/export_live1288_service__rosidl_typesupport_fastrtps_cExport-noconfig.cmake
[5.900s] -- Installing: /home/lisvent/ros2_ws/install/live1288_service/share/live1288_service/cmake/live1288_service__rosidl_typesupport_introspection_cExport.cmake
[5.901s] -- Installing: /home/lisvent/ros2_ws/install/live1288_service/share/live1288_service/cmake/live1288_service__rosidl_typesupport_introspection_cExport-noconfig.cmake
[5.901s] -- Installing: /home/lisvent/ros2_ws/install/live1288_service/share/live1288_service/cmake/live1288_service__rosidl_typesupport_cExport.cmake
[5.901s] -- Installing: /home/lisvent/ros2_ws/install/live1288_service/share/live1288_service/cmake/live1288_service__rosidl_typesupport_cExport-noconfig.cmake
[5.901s] -- Installing: /home/lisvent/ros2_ws/install/live1288_service/share/live1288_service/cmake/export_live1288_service__rosidl_generator_cppExport.cmake
[5.902s] -- Installing: /home/lisvent/ros2_ws/install/live1288_service/share/live1288_service/cmake/export_live1288_service__rosidl_typesupport_fastrtps_cppExport.cmake
[5.902s] -- Installing: /home/lisvent/ros2_ws/install/live1288_service/share/live1288_service/cmake/export_live1288_service__rosidl_typesupport_fastrtps_cppExport-noconfig.cmake
[5.902s] -- Installing: /home/lisvent/ros2_ws/install/live1288_service/share/live1288_service/cmake/live1288_service__rosidl_typesupport_introspection_cppExport.cmake
[5.902s] -- Installing: /home/lisvent/ros2_ws/install/live1288_service/share/live1288_service/cmake/live1288_service__rosidl_typesupport_introspection_cppExport-noconfig.cmake
[5.902s] -- Installing: /home/lisvent/ros2_ws/install/live1288_service/share/live1288_service/cmake/live1288_service__rosidl_typesupport_cppExport.cmake
[5.902s] -- Installing: /home/lisvent/ros2_ws/install/live1288_service/share/live1288_service/cmake/live1288_service__rosidl_typesupport_cppExport-noconfig.cmake
[5.903s] -- Installing: /home/lisvent/ros2_ws/install/live1288_service/share/live1288_service/cmake/export_live1288_service__rosidl_generator_pyExport.cmake
[5.903s] -- Installing: /home/lisvent/ros2_ws/install/live1288_service/share/live1288_service/cmake/export_live1288_service__rosidl_generator_pyExport-noconfig.cmake
[5.903s] -- Installing: /home/lisvent/ros2_ws/install/live1288_service/share/live1288_service/cmake/rosidl_cmake-extras.cmake
[5.903s] -- Installing: /home/lisvent/ros2_ws/install/live1288_service/share/live1288_service/cmake/ament_cmake_export_dependencies-extras.cmake
[5.903s] -- Installing: /home/lisvent/ros2_ws/install/live1288_service/share/live1288_service/cmake/ament_cmake_export_include_directories-extras.cmake
[5.904s] -- Installing: /home/lisvent/ros2_ws/install/live1288_service/share/live1288_service/cmake/ament_cmake_export_libraries-extras.cmake
[5.904s] -- Installing: /home/lisvent/ros2_ws/install/live1288_service/share/live1288_service/cmake/ament_cmake_export_targets-extras.cmake
[5.904s] -- Installing: /home/lisvent/ros2_ws/install/live1288_service/share/live1288_service/cmake/rosidl_cmake_export_typesupport_targets-extras.cmake
[5.904s] -- Installing: /home/lisvent/ros2_ws/install/live1288_service/share/live1288_service/cmake/rosidl_cmake_export_typesupport_libraries-extras.cmake
[5.904s] -- Installing: /home/lisvent/ros2_ws/install/live1288_service/share/live1288_service/cmake/live1288_serviceConfig.cmake
[5.905s] -- Installing: /home/lisvent/ros2_ws/install/live1288_service/share/live1288_service/cmake/live1288_serviceConfig-version.cmake
[5.905s] -- Installing: /home/lisvent/ros2_ws/install/live1288_service/share/live1288_service/package.xml
[5.908s] Invoked command in '/home/lisvent/ros2_ws/build/live1288_service' returned '0': CMAKE_PREFIX_PATH=/home/lisvent/ros2_ws/install/live1288_hw1:/opt/ros/humble /usr/bin/cmake --install /home/lisvent/ros2_ws/build/live1288_service
