/home/lisvent/ros2_ws/install/live1288_hw1/lib/python3.10/site-packages/live1288_hw1/publisher.py
/home/lisvent/ros2_ws/install/live1288_hw1/lib/python3.10/site-packages/live1288_hw1/service_server.py
/home/lisvent/ros2_ws/install/live1288_hw1/lib/python3.10/site-packages/live1288_hw1/service_client.py
/home/lisvent/ros2_ws/install/live1288_hw1/lib/python3.10/site-packages/live1288_hw1/subscriber.py
/home/lisvent/ros2_ws/install/live1288_hw1/lib/python3.10/site-packages/live1288_hw1/__init__.py
/home/lisvent/ros2_ws/install/live1288_hw1/lib/python3.10/site-packages/live1288_hw1/__pycache__/publisher.cpython-310.pyc
/home/lisvent/ros2_ws/install/live1288_hw1/lib/python3.10/site-packages/live1288_hw1/__pycache__/service_server.cpython-310.pyc
/home/lisvent/ros2_ws/install/live1288_hw1/lib/python3.10/site-packages/live1288_hw1/__pycache__/service_client.cpython-310.pyc
/home/lisvent/ros2_ws/install/live1288_hw1/lib/python3.10/site-packages/live1288_hw1/__pycache__/subscriber.cpython-310.pyc
/home/lisvent/ros2_ws/install/live1288_hw1/lib/python3.10/site-packages/live1288_hw1/__pycache__/__init__.cpython-310.pyc
/home/lisvent/ros2_ws/install/live1288_hw1/share/ament_index/resource_index/packages/live1288_hw1
/home/lisvent/ros2_ws/install/live1288_hw1/share/live1288_hw1/package.xml
/home/lisvent/ros2_ws/install/live1288_hw1/lib/python3.10/site-packages/live1288_hw1-0.0.0-py3.10.egg-info/entry_points.txt
/home/lisvent/ros2_ws/install/live1288_hw1/lib/python3.10/site-packages/live1288_hw1-0.0.0-py3.10.egg-info/SOURCES.txt
/home/lisvent/ros2_ws/install/live1288_hw1/lib/python3.10/site-packages/live1288_hw1-0.0.0-py3.10.egg-info/requires.txt
/home/lisvent/ros2_ws/install/live1288_hw1/lib/python3.10/site-packages/live1288_hw1-0.0.0-py3.10.egg-info/zip-safe
/home/lisvent/ros2_ws/install/live1288_hw1/lib/python3.10/site-packages/live1288_hw1-0.0.0-py3.10.egg-info/dependency_links.txt
/home/lisvent/ros2_ws/install/live1288_hw1/lib/python3.10/site-packages/live1288_hw1-0.0.0-py3.10.egg-info/PKG-INFO
/home/lisvent/ros2_ws/install/live1288_hw1/lib/python3.10/site-packages/live1288_hw1-0.0.0-py3.10.egg-info/top_level.txt
/home/lisvent/ros2_ws/install/live1288_hw1/lib/live1288_hw1/publisher
/home/lisvent/ros2_ws/install/live1288_hw1/lib/live1288_hw1/service_client
/home/lisvent/ros2_ws/install/live1288_hw1/lib/live1288_hw1/service_server
/home/lisvent/ros2_ws/install/live1288_hw1/lib/live1288_hw1/subscriber
