[0.027s] Invoking command in '/home/lisvent/ros2_ws/build/live1288_service': CMAKE_PREFIX_PATH=${CMAKE_PREFIX_PATH}:/home/lisvent/ros2_ws/install/live1288_hw1:/opt/ros/humble /usr/bin/cmake --build /home/lisvent/ros2_ws/build/live1288_service -- -j8 -l8
[0.211s] [  3%] Built target live1288_service__cpp
[0.225s] [ 12%] Built target live1288_service__rosidl_generator_c
[0.248s] [ 12%] Built target ament_cmake_python_copy_live1288_service
[0.264s] [ 29%] Built target live1288_service__rosidl_typesupport_cpp
[0.265s] [ 32%] Built target live1288_service__rosidl_typesupport_introspection_cpp
[0.269s] [ 41%] Built target live1288_service__rosidl_typesupport_fastrtps_cpp
[0.273s] [ 51%] Built target live1288_service__rosidl_typesupport_fastrtps_c
[0.277s] [ 70%] Built target live1288_service__rosidl_typesupport_introspection_c
[0.277s] [ 70%] Built target live1288_service__rosidl_typesupport_c
[0.309s] [ 70%] Built target live1288_service
[0.344s] [ 74%] Built target live1288_service__py
[0.388s] [ 80%] Built target live1288_service__rosidl_generator_py
[0.422s] [ 96%] Built target live1288_service__rosidl_typesupport_introspection_c__pyext
[0.422s] [ 96%] Built target live1288_service__rosidl_typesupport_c__pyext
[0.422s] [100%] Built target live1288_service__rosidl_typesupport_fastrtps_c__pyext
[0.550s] running egg_info
[0.551s] writing live1288_service.egg-info/PKG-INFO
[0.552s] writing dependency_links to live1288_service.egg-info/dependency_links.txt
[0.553s] writing top-level names to live1288_service.egg-info/top_level.txt
[0.558s] reading manifest file 'live1288_service.egg-info/SOURCES.txt'
[0.561s] writing manifest file 'live1288_service.egg-info/SOURCES.txt'
[0.604s] [100%] Built target ament_cmake_python_build_live1288_service_egg
[0.631s] Invoked command in '/home/lisvent/ros2_ws/build/live1288_service' returned '0': CMAKE_PREFIX_PATH=${CMAKE_PREFIX_PATH}:/home/lisvent/ros2_ws/install/live1288_hw1:/opt/ros/humble /usr/bin/cmake --build /home/lisvent/ros2_ws/build/live1288_service -- -j8 -l8
[0.660s] Invoking command in '/home/lisvent/ros2_ws/build/live1288_service': CMAKE_PREFIX_PATH=${CMAKE_PREFIX_PATH}:/home/lisvent/ros2_ws/install/live1288_hw1:/opt/ros/humble /usr/bin/cmake --install /home/lisvent/ros2_ws/build/live1288_service
[0.679s] -- Install configuration: ""
[0.680s] -- Up-to-date: /home/lisvent/ros2_ws/install/live1288_service/share/ament_index/resource_index/rosidl_interfaces/live1288_service
[0.681s] -- Up-to-date: /home/lisvent/ros2_ws/install/live1288_service/include/live1288_service/live1288_service
[0.681s] -- Up-to-date: /home/lisvent/ros2_ws/install/live1288_service/include/live1288_service/live1288_service/srv
[0.682s] -- Up-to-date: /home/lisvent/ros2_ws/install/live1288_service/include/live1288_service/live1288_service/srv/detail
[0.683s] -- Up-to-date: /home/lisvent/ros2_ws/install/live1288_service/include/live1288_service/live1288_service/srv/detail/live1288_service__type_support.h
[0.683s] -- Up-to-date: /home/lisvent/ros2_ws/install/live1288_service/include/live1288_service/live1288_service/srv/detail/live1288_service__functions.c
[0.683s] -- Up-to-date: /home/lisvent/ros2_ws/install/live1288_service/include/live1288_service/live1288_service/srv/detail/live1288_service__struct.h
[0.683s] -- Up-to-date: /home/lisvent/ros2_ws/install/live1288_service/include/live1288_service/live1288_service/srv/detail/live1288_service__functions.h
[0.683s] -- Up-to-date: /home/lisvent/ros2_ws/install/live1288_service/include/live1288_service/live1288_service/srv/live1288_service.h
[0.684s] -- Up-to-date: /home/lisvent/ros2_ws/install/live1288_service/include/live1288_service/live1288_service/msg
[0.684s] -- Up-to-date: /home/lisvent/ros2_ws/install/live1288_service/include/live1288_service/live1288_service/msg/rosidl_generator_c__visibility_control.h
[0.685s] -- Up-to-date: /home/lisvent/ros2_ws/install/live1288_service/share/live1288_service/environment/library_path.sh
[0.685s] -- Up-to-date: /home/lisvent/ros2_ws/install/live1288_service/share/live1288_service/environment/library_path.dsv
[0.687s] -- Up-to-date: /home/lisvent/ros2_ws/install/live1288_service/lib/liblive1288_service__rosidl_generator_c.so
[0.688s] -- Up-to-date: /home/lisvent/ros2_ws/install/live1288_service/include/live1288_service/live1288_service
[0.688s] -- Up-to-date: /home/lisvent/ros2_ws/install/live1288_service/include/live1288_service/live1288_service/srv
[0.689s] -- Up-to-date: /home/lisvent/ros2_ws/install/live1288_service/include/live1288_service/live1288_service/srv/detail
[0.690s] -- Up-to-date: /home/lisvent/ros2_ws/install/live1288_service/include/live1288_service/live1288_service/srv/detail/live1288_service__rosidl_typesupport_fastrtps_c.h
[0.690s] -- Up-to-date: /home/lisvent/ros2_ws/install/live1288_service/include/live1288_service/live1288_service/msg
[0.691s] -- Up-to-date: /home/lisvent/ros2_ws/install/live1288_service/include/live1288_service/live1288_service/msg/rosidl_typesupport_fastrtps_c__visibility_control.h
[0.693s] -- Up-to-date: /home/lisvent/ros2_ws/install/live1288_service/lib/liblive1288_service__rosidl_typesupport_fastrtps_c.so
[0.694s] -- Up-to-date: /home/lisvent/ros2_ws/install/live1288_service/include/live1288_service/live1288_service
[0.694s] -- Up-to-date: /home/lisvent/ros2_ws/install/live1288_service/include/live1288_service/live1288_service/srv
[0.695s] -- Up-to-date: /home/lisvent/ros2_ws/install/live1288_service/include/live1288_service/live1288_service/srv/detail
[0.695s] -- Up-to-date: /home/lisvent/ros2_ws/install/live1288_service/include/live1288_service/live1288_service/srv/detail/live1288_service__type_support.c
[0.696s] -- Up-to-date: /home/lisvent/ros2_ws/install/live1288_service/include/live1288_service/live1288_service/srv/detail/live1288_service__rosidl_typesupport_introspection_c.h
[0.696s] -- Up-to-date: /home/lisvent/ros2_ws/install/live1288_service/include/live1288_service/live1288_service/msg
[0.697s] -- Up-to-date: /home/lisvent/ros2_ws/install/live1288_service/include/live1288_service/live1288_service/msg/rosidl_typesupport_introspection_c__visibility_control.h
[0.698s] -- Up-to-date: /home/lisvent/ros2_ws/install/live1288_service/lib/liblive1288_service__rosidl_typesupport_introspection_c.so
[0.700s] -- Up-to-date: /home/lisvent/ros2_ws/install/live1288_service/lib/liblive1288_service__rosidl_typesupport_c.so
[0.700s] -- Up-to-date: /home/lisvent/ros2_ws/install/live1288_service/include/live1288_service/live1288_service
[0.701s] -- Up-to-date: /home/lisvent/ros2_ws/install/live1288_service/include/live1288_service/live1288_service/srv
[0.702s] -- Up-to-date: /home/lisvent/ros2_ws/install/live1288_service/include/live1288_service/live1288_service/srv/detail
[0.703s] -- Up-to-date: /home/lisvent/ros2_ws/install/live1288_service/include/live1288_service/live1288_service/srv/detail/live1288_service__struct.hpp
[0.703s] -- Up-to-date: /home/lisvent/ros2_ws/install/live1288_service/include/live1288_service/live1288_service/srv/detail/live1288_service__type_support.hpp
[0.703s] -- Up-to-date: /home/lisvent/ros2_ws/install/live1288_service/include/live1288_service/live1288_service/srv/detail/live1288_service__builder.hpp
[0.704s] -- Up-to-date: /home/lisvent/ros2_ws/install/live1288_service/include/live1288_service/live1288_service/srv/detail/live1288_service__traits.hpp
[0.705s] -- Up-to-date: /home/lisvent/ros2_ws/install/live1288_service/include/live1288_service/live1288_service/srv/live1288_service.hpp
[0.705s] -- Up-to-date: /home/lisvent/ros2_ws/install/live1288_service/include/live1288_service/live1288_service/msg
[0.705s] -- Up-to-date: /home/lisvent/ros2_ws/install/live1288_service/include/live1288_service/live1288_service/msg/rosidl_generator_cpp__visibility_control.hpp
[0.705s] -- Up-to-date: /home/lisvent/ros2_ws/install/live1288_service/include/live1288_service/live1288_service
[0.705s] -- Up-to-date: /home/lisvent/ros2_ws/install/live1288_service/include/live1288_service/live1288_service/srv
[0.706s] -- Up-to-date: /home/lisvent/ros2_ws/install/live1288_service/include/live1288_service/live1288_service/srv/detail
[0.707s] -- Up-to-date: /home/lisvent/ros2_ws/install/live1288_service/include/live1288_service/live1288_service/srv/detail/dds_fastrtps
[0.708s] -- Up-to-date: /home/lisvent/ros2_ws/install/live1288_service/include/live1288_service/live1288_service/srv/detail/live1288_service__rosidl_typesupport_fastrtps_cpp.hpp
[0.708s] -- Up-to-date: /home/lisvent/ros2_ws/install/live1288_service/include/live1288_service/live1288_service/msg
[0.709s] -- Up-to-date: /home/lisvent/ros2_ws/install/live1288_service/include/live1288_service/live1288_service/msg/rosidl_typesupport_fastrtps_cpp__visibility_control.h
[0.710s] -- Up-to-date: /home/lisvent/ros2_ws/install/live1288_service/lib/liblive1288_service__rosidl_typesupport_fastrtps_cpp.so
[0.710s] -- Up-to-date: /home/lisvent/ros2_ws/install/live1288_service/include/live1288_service/live1288_service
[0.711s] -- Up-to-date: /home/lisvent/ros2_ws/install/live1288_service/include/live1288_service/live1288_service/srv
[0.712s] -- Up-to-date: /home/lisvent/ros2_ws/install/live1288_service/include/live1288_service/live1288_service/srv/detail
[0.712s] -- Up-to-date: /home/lisvent/ros2_ws/install/live1288_service/include/live1288_service/live1288_service/srv/detail/live1288_service__rosidl_typesupport_introspection_cpp.hpp
[0.713s] -- Up-to-date: /home/lisvent/ros2_ws/install/live1288_service/include/live1288_service/live1288_service/srv/detail/live1288_service__type_support.cpp
[0.714s] -- Up-to-date: /home/lisvent/ros2_ws/install/live1288_service/lib/liblive1288_service__rosidl_typesupport_introspection_cpp.so
[0.715s] -- Up-to-date: /home/lisvent/ros2_ws/install/live1288_service/lib/liblive1288_service__rosidl_typesupport_cpp.so
[0.716s] -- Up-to-date: /home/lisvent/ros2_ws/install/live1288_service/share/live1288_service/environment/pythonpath.sh
[0.716s] -- Up-to-date: /home/lisvent/ros2_ws/install/live1288_service/share/live1288_service/environment/pythonpath.dsv
[0.716s] -- Up-to-date: /home/lisvent/ros2_ws/install/live1288_service/local/lib/python3.10/dist-packages/live1288_service-0.0.0-py3.10.egg-info
[0.716s] -- Installing: /home/lisvent/ros2_ws/install/live1288_service/local/lib/python3.10/dist-packages/live1288_service-0.0.0-py3.10.egg-info/SOURCES.txt
[0.717s] -- Installing: /home/lisvent/ros2_ws/install/live1288_service/local/lib/python3.10/dist-packages/live1288_service-0.0.0-py3.10.egg-info/dependency_links.txt
[0.717s] -- Installing: /home/lisvent/ros2_ws/install/live1288_service/local/lib/python3.10/dist-packages/live1288_service-0.0.0-py3.10.egg-info/PKG-INFO
[0.718s] -- Installing: /home/lisvent/ros2_ws/install/live1288_service/local/lib/python3.10/dist-packages/live1288_service-0.0.0-py3.10.egg-info/top_level.txt
[0.718s] -- Up-to-date: /home/lisvent/ros2_ws/install/live1288_service/local/lib/python3.10/dist-packages/live1288_service
[0.719s] -- Up-to-date: /home/lisvent/ros2_ws/install/live1288_service/local/lib/python3.10/dist-packages/live1288_service/live1288_service_s__rosidl_typesupport_c.cpython-310-x86_64-linux-gnu.so
[0.720s] -- Up-to-date: /home/lisvent/ros2_ws/install/live1288_service/local/lib/python3.10/dist-packages/live1288_service/_live1288_service_s.ep.rosidl_typesupport_fastrtps_c.c
[0.720s] -- Up-to-date: /home/lisvent/ros2_ws/install/live1288_service/local/lib/python3.10/dist-packages/live1288_service/live1288_service_s__rosidl_typesupport_introspection_c.cpython-310-x86_64-linux-gnu.so
[0.720s] -- Up-to-date: /home/lisvent/ros2_ws/install/live1288_service/local/lib/python3.10/dist-packages/live1288_service/_live1288_service_s.ep.rosidl_typesupport_c.c
[0.721s] -- Up-to-date: /home/lisvent/ros2_ws/install/live1288_service/local/lib/python3.10/dist-packages/live1288_service/srv
[0.721s] -- Up-to-date: /home/lisvent/ros2_ws/install/live1288_service/local/lib/python3.10/dist-packages/live1288_service/srv/_live1288_service.py
[0.721s] -- Up-to-date: /home/lisvent/ros2_ws/install/live1288_service/local/lib/python3.10/dist-packages/live1288_service/srv/_live1288_service_s.c
[0.721s] -- Up-to-date: /home/lisvent/ros2_ws/install/live1288_service/local/lib/python3.10/dist-packages/live1288_service/srv/__init__.py
[0.721s] -- Up-to-date: /home/lisvent/ros2_ws/install/live1288_service/local/lib/python3.10/dist-packages/live1288_service/liblive1288_service__rosidl_generator_py.so
[0.721s] -- Up-to-date: /home/lisvent/ros2_ws/install/live1288_service/local/lib/python3.10/dist-packages/live1288_service/_live1288_service_s.ep.rosidl_typesupport_introspection_c.c
[0.721s] -- Up-to-date: /home/lisvent/ros2_ws/install/live1288_service/local/lib/python3.10/dist-packages/live1288_service/__init__.py
[0.722s] -- Up-to-date: /home/lisvent/ros2_ws/install/live1288_service/local/lib/python3.10/dist-packages/live1288_service/live1288_service_s__rosidl_typesupport_fastrtps_c.cpython-310-x86_64-linux-gnu.so
[0.764s] Listing '/home/lisvent/ros2_ws/install/live1288_service/local/lib/python3.10/dist-packages/live1288_service'...
[0.764s] Listing '/home/lisvent/ros2_ws/install/live1288_service/local/lib/python3.10/dist-packages/live1288_service/srv'...
[0.770s] -- Up-to-date: /home/lisvent/ros2_ws/install/live1288_service/local/lib/python3.10/dist-packages/live1288_service/live1288_service_s__rosidl_typesupport_fastrtps_c.cpython-310-x86_64-linux-gnu.so
[0.771s] -- Up-to-date: /home/lisvent/ros2_ws/install/live1288_service/local/lib/python3.10/dist-packages/live1288_service/live1288_service_s__rosidl_typesupport_introspection_c.cpython-310-x86_64-linux-gnu.so
[0.772s] -- Up-to-date: /home/lisvent/ros2_ws/install/live1288_service/local/lib/python3.10/dist-packages/live1288_service/live1288_service_s__rosidl_typesupport_c.cpython-310-x86_64-linux-gnu.so
[0.773s] -- Up-to-date: /home/lisvent/ros2_ws/install/live1288_service/lib/liblive1288_service__rosidl_generator_py.so
[0.773s] -- Up-to-date: /home/lisvent/ros2_ws/install/live1288_service/share/live1288_service/srv/Live1288Service.idl
[0.773s] -- Up-to-date: /home/lisvent/ros2_ws/install/live1288_service/share/live1288_service/srv/Live1288Service.srv
[0.773s] -- Up-to-date: /home/lisvent/ros2_ws/install/live1288_service/share/live1288_service/srv/Live1288Service_Request.msg
[0.773s] -- Up-to-date: /home/lisvent/ros2_ws/install/live1288_service/share/live1288_service/srv/Live1288Service_Response.msg
[0.774s] -- Up-to-date: /home/lisvent/ros2_ws/install/live1288_service/share/ament_index/resource_index/package_run_dependencies/live1288_service
[0.774s] -- Up-to-date: /home/lisvent/ros2_ws/install/live1288_service/share/ament_index/resource_index/parent_prefix_path/live1288_service
[0.774s] -- Up-to-date: /home/lisvent/ros2_ws/install/live1288_service/share/live1288_service/environment/ament_prefix_path.sh
[0.774s] -- Up-to-date: /home/lisvent/ros2_ws/install/live1288_service/share/live1288_service/environment/ament_prefix_path.dsv
[0.774s] -- Up-to-date: /home/lisvent/ros2_ws/install/live1288_service/share/live1288_service/environment/path.sh
[0.774s] -- Up-to-date: /home/lisvent/ros2_ws/install/live1288_service/share/live1288_service/environment/path.dsv
[0.774s] -- Up-to-date: /home/lisvent/ros2_ws/install/live1288_service/share/live1288_service/local_setup.bash
[0.775s] -- Up-to-date: /home/lisvent/ros2_ws/install/live1288_service/share/live1288_service/local_setup.sh
[0.775s] -- Up-to-date: /home/lisvent/ros2_ws/install/live1288_service/share/live1288_service/local_setup.zsh
[0.775s] -- Up-to-date: /home/lisvent/ros2_ws/install/live1288_service/share/live1288_service/local_setup.dsv
[0.775s] -- Installing: /home/lisvent/ros2_ws/install/live1288_service/share/live1288_service/package.dsv
[0.776s] -- Up-to-date: /home/lisvent/ros2_ws/install/live1288_service/share/ament_index/resource_index/packages/live1288_service
[0.777s] -- Up-to-date: /home/lisvent/ros2_ws/install/live1288_service/share/live1288_service/cmake/export_live1288_service__rosidl_generator_cExport.cmake
[0.777s] -- Up-to-date: /home/lisvent/ros2_ws/install/live1288_service/share/live1288_service/cmake/export_live1288_service__rosidl_generator_cExport-noconfig.cmake
[0.778s] -- Up-to-date: /home/lisvent/ros2_ws/install/live1288_service/share/live1288_service/cmake/export_live1288_service__rosidl_typesupport_fastrtps_cExport.cmake
[0.778s] -- Up-to-date: /home/lisvent/ros2_ws/install/live1288_service/share/live1288_service/cmake/export_live1288_service__rosidl_typesupport_fastrtps_cExport-noconfig.cmake
[0.779s] -- Up-to-date: /home/lisvent/ros2_ws/install/live1288_service/share/live1288_service/cmake/live1288_service__rosidl_typesupport_introspection_cExport.cmake
[0.779s] -- Up-to-date: /home/lisvent/ros2_ws/install/live1288_service/share/live1288_service/cmake/live1288_service__rosidl_typesupport_introspection_cExport-noconfig.cmake
[0.779s] -- Up-to-date: /home/lisvent/ros2_ws/install/live1288_service/share/live1288_service/cmake/live1288_service__rosidl_typesupport_cExport.cmake
[0.780s] -- Up-to-date: /home/lisvent/ros2_ws/install/live1288_service/share/live1288_service/cmake/live1288_service__rosidl_typesupport_cExport-noconfig.cmake
[0.780s] -- Up-to-date: /home/lisvent/ros2_ws/install/live1288_service/share/live1288_service/cmake/export_live1288_service__rosidl_generator_cppExport.cmake
[0.781s] -- Up-to-date: /home/lisvent/ros2_ws/install/live1288_service/share/live1288_service/cmake/export_live1288_service__rosidl_typesupport_fastrtps_cppExport.cmake
[0.781s] -- Up-to-date: /home/lisvent/ros2_ws/install/live1288_service/share/live1288_service/cmake/export_live1288_service__rosidl_typesupport_fastrtps_cppExport-noconfig.cmake
[0.782s] -- Up-to-date: /home/lisvent/ros2_ws/install/live1288_service/share/live1288_service/cmake/live1288_service__rosidl_typesupport_introspection_cppExport.cmake
[0.782s] -- Up-to-date: /home/lisvent/ros2_ws/install/live1288_service/share/live1288_service/cmake/live1288_service__rosidl_typesupport_introspection_cppExport-noconfig.cmake
[0.783s] -- Up-to-date: /home/lisvent/ros2_ws/install/live1288_service/share/live1288_service/cmake/live1288_service__rosidl_typesupport_cppExport.cmake
[0.783s] -- Up-to-date: /home/lisvent/ros2_ws/install/live1288_service/share/live1288_service/cmake/live1288_service__rosidl_typesupport_cppExport-noconfig.cmake
[0.784s] -- Up-to-date: /home/lisvent/ros2_ws/install/live1288_service/share/live1288_service/cmake/export_live1288_service__rosidl_generator_pyExport.cmake
[0.785s] -- Up-to-date: /home/lisvent/ros2_ws/install/live1288_service/share/live1288_service/cmake/export_live1288_service__rosidl_generator_pyExport-noconfig.cmake
[0.785s] -- Up-to-date: /home/lisvent/ros2_ws/install/live1288_service/share/live1288_service/cmake/rosidl_cmake-extras.cmake
[0.785s] -- Up-to-date: /home/lisvent/ros2_ws/install/live1288_service/share/live1288_service/cmake/ament_cmake_export_dependencies-extras.cmake
[0.785s] -- Up-to-date: /home/lisvent/ros2_ws/install/live1288_service/share/live1288_service/cmake/ament_cmake_export_include_directories-extras.cmake
[0.785s] -- Up-to-date: /home/lisvent/ros2_ws/install/live1288_service/share/live1288_service/cmake/ament_cmake_export_libraries-extras.cmake
[0.786s] -- Up-to-date: /home/lisvent/ros2_ws/install/live1288_service/share/live1288_service/cmake/ament_cmake_export_targets-extras.cmake
[0.786s] -- Up-to-date: /home/lisvent/ros2_ws/install/live1288_service/share/live1288_service/cmake/rosidl_cmake_export_typesupport_targets-extras.cmake
[0.786s] -- Up-to-date: /home/lisvent/ros2_ws/install/live1288_service/share/live1288_service/cmake/rosidl_cmake_export_typesupport_libraries-extras.cmake
[0.786s] -- Up-to-date: /home/lisvent/ros2_ws/install/live1288_service/share/live1288_service/cmake/live1288_serviceConfig.cmake
[0.786s] -- Up-to-date: /home/lisvent/ros2_ws/install/live1288_service/share/live1288_service/cmake/live1288_serviceConfig-version.cmake
[0.787s] -- Up-to-date: /home/lisvent/ros2_ws/install/live1288_service/share/live1288_service/package.xml
[0.790s] Invoked command in '/home/lisvent/ros2_ws/build/live1288_service' returned '0': CMAKE_PREFIX_PATH=${CMAKE_PREFIX_PATH}:/home/lisvent/ros2_ws/install/live1288_hw1:/opt/ros/humble /usr/bin/cmake --install /home/lisvent/ros2_ws/build/live1288_service
