[0.399s] DEBUG:colcon:Command line arguments: ['/usr/bin/colcon', 'build']
[0.399s] DEBUG:colcon:Parsed command line arguments: Namespace(log_base=None, log_level=None, verb_name='build', build_base='build', install_base='install', merge_install=False, symlink_install=False, test_result_base=None, continue_on_error=False, executor='parallel', parallel_workers=8, event_handlers=None, ignore_user_meta=False, metas=['./colcon.meta'], base_paths=['.'], packages_ignore=None, packages_ignore_regex=None, paths=None, packages_up_to=None, packages_up_to_regex=None, packages_above=None, packages_above_and_dependencies=None, packages_above_depth=None, packages_select_by_dep=None, packages_skip_by_dep=None, packages_skip_up_to=None, packages_select_build_failed=False, packages_skip_build_finished=False, packages_select_test_failures=False, packages_skip_test_passed=False, packages_select=None, packages_skip=None, packages_select_regex=None, packages_skip_regex=None, packages_start=None, packages_end=None, allow_overriding=[], cmake_args=None, cmake_target=None, cmake_target_skip_unavailable=False, cmake_clean_cache=False, cmake_clean_first=False, cmake_force_configure=False, ament_cmake_args=None, catkin_cmake_args=None, catkin_skip_building_tests=False, verb_parser=<colcon_defaults.argument_parser.defaults.DefaultArgumentsDecorator object at 0x780d60efbaf0>, verb_extension=<colcon_core.verb.build.BuildVerb object at 0x780d610c8880>, main=<bound method BuildVerb.main of <colcon_core.verb.build.BuildVerb object at 0x780d610c8880>>)
[0.563s] Level 1:colcon.colcon_core.package_discovery:discover_packages(colcon_meta) check parameters
[0.563s] Level 1:colcon.colcon_core.package_discovery:discover_packages(recursive) check parameters
[0.563s] Level 1:colcon.colcon_core.package_discovery:discover_packages(ignore) check parameters
[0.563s] Level 1:colcon.colcon_core.package_discovery:discover_packages(path) check parameters
[0.563s] Level 1:colcon.colcon_core.package_discovery:discover_packages(colcon_meta) discover
[0.563s] Level 1:colcon.colcon_core.package_discovery:discover_packages(recursive) discover
[0.563s] INFO:colcon.colcon_core.package_discovery:Crawling recursively for packages in '/home/lisvent/ros2_ws'
[0.563s] Level 1:colcon.colcon_core.package_identification:_identify(.) by extensions ['ignore', 'ignore_ament_install']
[0.564s] Level 1:colcon.colcon_core.package_identification:_identify(.) by extension 'ignore'
[0.564s] Level 1:colcon.colcon_core.package_identification:_identify(.) by extension 'ignore_ament_install'
[0.564s] Level 1:colcon.colcon_core.package_identification:_identify(.) by extensions ['colcon_pkg']
[0.564s] Level 1:colcon.colcon_core.package_identification:_identify(.) by extension 'colcon_pkg'
[0.564s] Level 1:colcon.colcon_core.package_identification:_identify(.) by extensions ['colcon_meta']
[0.564s] Level 1:colcon.colcon_core.package_identification:_identify(.) by extension 'colcon_meta'
[0.564s] Level 1:colcon.colcon_core.package_identification:_identify(.) by extensions ['ros']
[0.564s] Level 1:colcon.colcon_core.package_identification:_identify(.) by extension 'ros'
[0.578s] Level 1:colcon.colcon_core.package_identification:_identify(.) by extensions ['cmake', 'python']
[0.578s] Level 1:colcon.colcon_core.package_identification:_identify(.) by extension 'cmake'
[0.578s] Level 1:colcon.colcon_core.package_identification:_identify(.) by extension 'python'
[0.578s] Level 1:colcon.colcon_core.package_identification:_identify(.) by extensions ['python_setup_py']
[0.578s] Level 1:colcon.colcon_core.package_identification:_identify(.) by extension 'python_setup_py'
[0.578s] Level 1:colcon.colcon_core.package_identification:_identify(build) by extensions ['ignore', 'ignore_ament_install']
[0.579s] Level 1:colcon.colcon_core.package_identification:_identify(build) by extension 'ignore'
[0.579s] Level 1:colcon.colcon_core.package_identification:_identify(build) ignored
[0.579s] Level 1:colcon.colcon_core.package_identification:_identify(install) by extensions ['ignore', 'ignore_ament_install']
[0.579s] Level 1:colcon.colcon_core.package_identification:_identify(install) by extension 'ignore'
[0.579s] Level 1:colcon.colcon_core.package_identification:_identify(install) ignored
[0.579s] Level 1:colcon.colcon_core.package_identification:_identify(log) by extensions ['ignore', 'ignore_ament_install']
[0.579s] Level 1:colcon.colcon_core.package_identification:_identify(log) by extension 'ignore'
[0.579s] Level 1:colcon.colcon_core.package_identification:_identify(log) ignored
[0.579s] Level 1:colcon.colcon_core.package_identification:_identify(src) by extensions ['ignore', 'ignore_ament_install']
[0.579s] Level 1:colcon.colcon_core.package_identification:_identify(src) by extension 'ignore'
[0.579s] Level 1:colcon.colcon_core.package_identification:_identify(src) by extension 'ignore_ament_install'
[0.579s] Level 1:colcon.colcon_core.package_identification:_identify(src) by extensions ['colcon_pkg']
[0.579s] Level 1:colcon.colcon_core.package_identification:_identify(src) by extension 'colcon_pkg'
[0.579s] Level 1:colcon.colcon_core.package_identification:_identify(src) by extensions ['colcon_meta']
[0.579s] Level 1:colcon.colcon_core.package_identification:_identify(src) by extension 'colcon_meta'
[0.579s] Level 1:colcon.colcon_core.package_identification:_identify(src) by extensions ['ros']
[0.579s] Level 1:colcon.colcon_core.package_identification:_identify(src) by extension 'ros'
[0.580s] Level 1:colcon.colcon_core.package_identification:_identify(src) by extensions ['cmake', 'python']
[0.580s] Level 1:colcon.colcon_core.package_identification:_identify(src) by extension 'cmake'
[0.580s] Level 1:colcon.colcon_core.package_identification:_identify(src) by extension 'python'
[0.580s] Level 1:colcon.colcon_core.package_identification:_identify(src) by extensions ['python_setup_py']
[0.580s] Level 1:colcon.colcon_core.package_identification:_identify(src) by extension 'python_setup_py'
[0.580s] Level 1:colcon.colcon_core.package_identification:_identify(src/live1288_hw1) by extensions ['ignore', 'ignore_ament_install']
[0.580s] Level 1:colcon.colcon_core.package_identification:_identify(src/live1288_hw1) by extension 'ignore'
[0.580s] Level 1:colcon.colcon_core.package_identification:_identify(src/live1288_hw1) by extension 'ignore_ament_install'
[0.580s] Level 1:colcon.colcon_core.package_identification:_identify(src/live1288_hw1) by extensions ['colcon_pkg']
[0.580s] Level 1:colcon.colcon_core.package_identification:_identify(src/live1288_hw1) by extension 'colcon_pkg'
[0.580s] Level 1:colcon.colcon_core.package_identification:_identify(src/live1288_hw1) by extensions ['colcon_meta']
[0.580s] Level 1:colcon.colcon_core.package_identification:_identify(src/live1288_hw1) by extension 'colcon_meta'
[0.580s] Level 1:colcon.colcon_core.package_identification:_identify(src/live1288_hw1) by extensions ['ros']
[0.580s] Level 1:colcon.colcon_core.package_identification:_identify(src/live1288_hw1) by extension 'ros'
[0.583s] DEBUG:colcon.colcon_core.package_identification:Package 'src/live1288_hw1' with type 'ros.ament_python' and name 'live1288_hw1'
[0.583s] Level 1:colcon.colcon_core.package_identification:_identify(src/live1288_service) by extensions ['ignore', 'ignore_ament_install']
[0.583s] Level 1:colcon.colcon_core.package_identification:_identify(src/live1288_service) by extension 'ignore'
[0.583s] Level 1:colcon.colcon_core.package_identification:_identify(src/live1288_service) by extension 'ignore_ament_install'
[0.583s] Level 1:colcon.colcon_core.package_identification:_identify(src/live1288_service) by extensions ['colcon_pkg']
[0.583s] Level 1:colcon.colcon_core.package_identification:_identify(src/live1288_service) by extension 'colcon_pkg'
[0.583s] Level 1:colcon.colcon_core.package_identification:_identify(src/live1288_service) by extensions ['colcon_meta']
[0.583s] Level 1:colcon.colcon_core.package_identification:_identify(src/live1288_service) by extension 'colcon_meta'
[0.583s] Level 1:colcon.colcon_core.package_identification:_identify(src/live1288_service) by extensions ['ros']
[0.583s] Level 1:colcon.colcon_core.package_identification:_identify(src/live1288_service) by extension 'ros'
[0.584s] DEBUG:colcon.colcon_core.package_identification:Package 'src/live1288_service' with type 'ros.ament_cmake' and name 'live1288_service'
[0.584s] Level 1:colcon.colcon_core.package_discovery:discover_packages(recursive) using defaults
[0.584s] Level 1:colcon.colcon_core.package_discovery:discover_packages(ignore) discover
[0.584s] Level 1:colcon.colcon_core.package_discovery:discover_packages(ignore) using defaults
[0.584s] Level 1:colcon.colcon_core.package_discovery:discover_packages(path) discover
[0.584s] Level 1:colcon.colcon_core.package_discovery:discover_packages(path) using defaults
[0.605s] Level 1:colcon.colcon_core.package_discovery:discover_packages(prefix_path) check parameters
[0.605s] Level 1:colcon.colcon_core.package_discovery:discover_packages(prefix_path) discover
[0.607s] DEBUG:colcon.colcon_installed_package_information.package_discovery:Found 2 installed packages in /home/lisvent/ros2_ws/install
[0.608s] DEBUG:colcon.colcon_installed_package_information.package_discovery:Found 271 installed packages in /opt/ros/humble
[0.611s] Level 1:colcon.colcon_core.package_discovery:discover_packages(prefix_path) using defaults
[0.662s] Level 5:colcon.colcon_core.verb:set package 'live1288_service' build argument 'cmake_args' from command line to 'None'
[0.662s] Level 5:colcon.colcon_core.verb:set package 'live1288_service' build argument 'cmake_target' from command line to 'None'
[0.662s] Level 5:colcon.colcon_core.verb:set package 'live1288_service' build argument 'cmake_target_skip_unavailable' from command line to 'False'
[0.662s] Level 5:colcon.colcon_core.verb:set package 'live1288_service' build argument 'cmake_clean_cache' from command line to 'False'
[0.662s] Level 5:colcon.colcon_core.verb:set package 'live1288_service' build argument 'cmake_clean_first' from command line to 'False'
[0.662s] Level 5:colcon.colcon_core.verb:set package 'live1288_service' build argument 'cmake_force_configure' from command line to 'False'
[0.662s] Level 5:colcon.colcon_core.verb:set package 'live1288_service' build argument 'ament_cmake_args' from command line to 'None'
[0.662s] Level 5:colcon.colcon_core.verb:set package 'live1288_service' build argument 'catkin_cmake_args' from command line to 'None'
[0.662s] Level 5:colcon.colcon_core.verb:set package 'live1288_service' build argument 'catkin_skip_building_tests' from command line to 'False'
[0.662s] DEBUG:colcon.colcon_core.verb:Building package 'live1288_service' with the following arguments: {'ament_cmake_args': None, 'build_base': '/home/lisvent/ros2_ws/build/live1288_service', 'catkin_cmake_args': None, 'catkin_skip_building_tests': False, 'cmake_args': None, 'cmake_clean_cache': False, 'cmake_clean_first': False, 'cmake_force_configure': False, 'cmake_target': None, 'cmake_target_skip_unavailable': False, 'install_base': '/home/lisvent/ros2_ws/install/live1288_service', 'merge_install': False, 'path': '/home/lisvent/ros2_ws/src/live1288_service', 'symlink_install': False, 'test_result_base': None}
[0.663s] Level 5:colcon.colcon_core.verb:set package 'live1288_hw1' build argument 'cmake_args' from command line to 'None'
[0.663s] Level 5:colcon.colcon_core.verb:set package 'live1288_hw1' build argument 'cmake_target' from command line to 'None'
[0.663s] Level 5:colcon.colcon_core.verb:set package 'live1288_hw1' build argument 'cmake_target_skip_unavailable' from command line to 'False'
[0.663s] Level 5:colcon.colcon_core.verb:set package 'live1288_hw1' build argument 'cmake_clean_cache' from command line to 'False'
[0.663s] Level 5:colcon.colcon_core.verb:set package 'live1288_hw1' build argument 'cmake_clean_first' from command line to 'False'
[0.663s] Level 5:colcon.colcon_core.verb:set package 'live1288_hw1' build argument 'cmake_force_configure' from command line to 'False'
[0.664s] Level 5:colcon.colcon_core.verb:set package 'live1288_hw1' build argument 'ament_cmake_args' from command line to 'None'
[0.664s] Level 5:colcon.colcon_core.verb:set package 'live1288_hw1' build argument 'catkin_cmake_args' from command line to 'None'
[0.664s] Level 5:colcon.colcon_core.verb:set package 'live1288_hw1' build argument 'catkin_skip_building_tests' from command line to 'False'
[0.664s] DEBUG:colcon.colcon_core.verb:Building package 'live1288_hw1' with the following arguments: {'ament_cmake_args': None, 'build_base': '/home/lisvent/ros2_ws/build/live1288_hw1', 'catkin_cmake_args': None, 'catkin_skip_building_tests': False, 'cmake_args': None, 'cmake_clean_cache': False, 'cmake_clean_first': False, 'cmake_force_configure': False, 'cmake_target': None, 'cmake_target_skip_unavailable': False, 'install_base': '/home/lisvent/ros2_ws/install/live1288_hw1', 'merge_install': False, 'path': '/home/lisvent/ros2_ws/src/live1288_hw1', 'symlink_install': False, 'test_result_base': None}
[0.664s] INFO:colcon.colcon_core.executor:Executing jobs using 'parallel' executor
[0.666s] DEBUG:colcon.colcon_parallel_executor.executor.parallel:run_until_complete
[0.667s] INFO:colcon.colcon_ros.task.ament_cmake.build:Building ROS package in '/home/lisvent/ros2_ws/src/live1288_service' with build type 'ament_cmake'
[0.667s] INFO:colcon.colcon_cmake.task.cmake.build:Building CMake package in '/home/lisvent/ros2_ws/src/live1288_service'
[0.670s] INFO:colcon.colcon_core.plugin_system:Skipping extension 'colcon_core.shell.bat': Not used on non-Windows systems
[0.671s] INFO:colcon.colcon_core.shell:Skip shell extension 'powershell' for command environment: Not usable outside of PowerShell
[0.671s] DEBUG:colcon.colcon_core.shell:Skip shell extension 'dsv' for command environment
[0.692s] DEBUG:colcon.colcon_core.event_handler.log_command:Invoking command in '/home/lisvent/ros2_ws/build/live1288_service': CMAKE_PREFIX_PATH=${CMAKE_PREFIX_PATH}:/home/lisvent/ros2_ws/install/live1288_hw1:/opt/ros/humble /usr/bin/cmake --build /home/lisvent/ros2_ws/build/live1288_service -- -j8 -l8
[1.159s] DEBUG:colcon.colcon_core.event_handler.log_command:Invoked command in '/home/lisvent/ros2_ws/build/live1288_service' returned '0': CMAKE_PREFIX_PATH=${CMAKE_PREFIX_PATH}:/home/lisvent/ros2_ws/install/live1288_hw1:/opt/ros/humble /usr/bin/cmake --build /home/lisvent/ros2_ws/build/live1288_service -- -j8 -l8
[1.184s] DEBUG:colcon.colcon_core.event_handler.log_command:Invoking command in '/home/lisvent/ros2_ws/build/live1288_service': CMAKE_PREFIX_PATH=${CMAKE_PREFIX_PATH}:/home/lisvent/ros2_ws/install/live1288_hw1:/opt/ros/humble /usr/bin/cmake --install /home/lisvent/ros2_ws/build/live1288_service
[1.257s] Level 1:colcon.colcon_core.environment:create_environment_scripts_only(live1288_service)
[1.258s] DEBUG:colcon.colcon_core.event_handler.log_command:Invoked command in '/home/lisvent/ros2_ws/build/live1288_service' returned '0': CMAKE_PREFIX_PATH=${CMAKE_PREFIX_PATH}:/home/lisvent/ros2_ws/install/live1288_hw1:/opt/ros/humble /usr/bin/cmake --install /home/lisvent/ros2_ws/build/live1288_service
[1.260s] Level 1:colcon.colcon_core.environment:checking '/home/lisvent/ros2_ws/install/live1288_service' for CMake module files
[1.261s] Level 1:colcon.colcon_core.environment:checking '/home/lisvent/ros2_ws/install/live1288_service' for CMake config files
[1.261s] Level 1:colcon.colcon_core.shell:create_environment_hook('live1288_service', 'cmake_prefix_path')
[1.262s] INFO:colcon.colcon_core.shell:Creating environment hook '/home/lisvent/ros2_ws/install/live1288_service/share/live1288_service/hook/cmake_prefix_path.ps1'
[1.262s] INFO:colcon.colcon_core.shell:Creating environment descriptor '/home/lisvent/ros2_ws/install/live1288_service/share/live1288_service/hook/cmake_prefix_path.dsv'
[1.263s] INFO:colcon.colcon_core.shell:Creating environment hook '/home/lisvent/ros2_ws/install/live1288_service/share/live1288_service/hook/cmake_prefix_path.sh'
[1.264s] Level 1:colcon.colcon_core.environment:checking '/home/lisvent/ros2_ws/install/live1288_service/lib'
[1.264s] Level 1:colcon.colcon_core.shell:create_environment_hook('live1288_service', 'ld_library_path_lib')
[1.264s] INFO:colcon.colcon_core.shell:Creating environment hook '/home/lisvent/ros2_ws/install/live1288_service/share/live1288_service/hook/ld_library_path_lib.ps1'
[1.265s] INFO:colcon.colcon_core.shell:Creating environment descriptor '/home/lisvent/ros2_ws/install/live1288_service/share/live1288_service/hook/ld_library_path_lib.dsv'
[1.265s] INFO:colcon.colcon_core.shell:Creating environment hook '/home/lisvent/ros2_ws/install/live1288_service/share/live1288_service/hook/ld_library_path_lib.sh'
[1.265s] Level 1:colcon.colcon_core.environment:checking '/home/lisvent/ros2_ws/install/live1288_service/bin'
[1.265s] Level 1:colcon.colcon_core.environment:checking '/home/lisvent/ros2_ws/install/live1288_service/lib/pkgconfig/live1288_service.pc'
[1.266s] Level 1:colcon.colcon_core.environment:checking '/home/lisvent/ros2_ws/install/live1288_service/lib/python3.10/site-packages'
[1.266s] Level 1:colcon.colcon_core.environment:checking '/home/lisvent/ros2_ws/install/live1288_service/bin'
[1.267s] INFO:colcon.colcon_core.shell:Creating package script '/home/lisvent/ros2_ws/install/live1288_service/share/live1288_service/package.ps1'
[1.268s] INFO:colcon.colcon_core.shell:Creating package descriptor '/home/lisvent/ros2_ws/install/live1288_service/share/live1288_service/package.dsv'
[1.269s] INFO:colcon.colcon_core.shell:Creating package script '/home/lisvent/ros2_ws/install/live1288_service/share/live1288_service/package.sh'
[1.270s] INFO:colcon.colcon_core.shell:Creating package script '/home/lisvent/ros2_ws/install/live1288_service/share/live1288_service/package.bash'
[1.271s] INFO:colcon.colcon_core.shell:Creating package script '/home/lisvent/ros2_ws/install/live1288_service/share/live1288_service/package.zsh'
[1.272s] Level 1:colcon.colcon_core.environment:create_file_with_runtime_dependencies(/home/lisvent/ros2_ws/install/live1288_service/share/colcon-core/packages/live1288_service)
[1.273s] Level 1:colcon.colcon_core.environment:create_environment_scripts_only(live1288_service)
[1.273s] Level 1:colcon.colcon_core.environment:checking '/home/lisvent/ros2_ws/install/live1288_service' for CMake module files
[1.274s] Level 1:colcon.colcon_core.environment:checking '/home/lisvent/ros2_ws/install/live1288_service' for CMake config files
[1.274s] Level 1:colcon.colcon_core.shell:create_environment_hook('live1288_service', 'cmake_prefix_path')
[1.275s] INFO:colcon.colcon_core.shell:Creating environment hook '/home/lisvent/ros2_ws/install/live1288_service/share/live1288_service/hook/cmake_prefix_path.ps1'
[1.275s] INFO:colcon.colcon_core.shell:Creating environment descriptor '/home/lisvent/ros2_ws/install/live1288_service/share/live1288_service/hook/cmake_prefix_path.dsv'
[1.275s] INFO:colcon.colcon_core.shell:Creating environment hook '/home/lisvent/ros2_ws/install/live1288_service/share/live1288_service/hook/cmake_prefix_path.sh'
[1.276s] Level 1:colcon.colcon_core.environment:checking '/home/lisvent/ros2_ws/install/live1288_service/lib'
[1.276s] Level 1:colcon.colcon_core.shell:create_environment_hook('live1288_service', 'ld_library_path_lib')
[1.276s] INFO:colcon.colcon_core.shell:Creating environment hook '/home/lisvent/ros2_ws/install/live1288_service/share/live1288_service/hook/ld_library_path_lib.ps1'
[1.277s] INFO:colcon.colcon_core.shell:Creating environment descriptor '/home/lisvent/ros2_ws/install/live1288_service/share/live1288_service/hook/ld_library_path_lib.dsv'
[1.277s] INFO:colcon.colcon_core.shell:Creating environment hook '/home/lisvent/ros2_ws/install/live1288_service/share/live1288_service/hook/ld_library_path_lib.sh'
[1.277s] Level 1:colcon.colcon_core.environment:checking '/home/lisvent/ros2_ws/install/live1288_service/bin'
[1.277s] Level 1:colcon.colcon_core.environment:checking '/home/lisvent/ros2_ws/install/live1288_service/lib/pkgconfig/live1288_service.pc'
[1.278s] Level 1:colcon.colcon_core.environment:checking '/home/lisvent/ros2_ws/install/live1288_service/lib/python3.10/site-packages'
[1.278s] Level 1:colcon.colcon_core.environment:checking '/home/lisvent/ros2_ws/install/live1288_service/bin'
[1.278s] INFO:colcon.colcon_core.shell:Creating package script '/home/lisvent/ros2_ws/install/live1288_service/share/live1288_service/package.ps1'
[1.279s] INFO:colcon.colcon_core.shell:Creating package descriptor '/home/lisvent/ros2_ws/install/live1288_service/share/live1288_service/package.dsv'
[1.280s] INFO:colcon.colcon_core.shell:Creating package script '/home/lisvent/ros2_ws/install/live1288_service/share/live1288_service/package.sh'
[1.280s] INFO:colcon.colcon_core.shell:Creating package script '/home/lisvent/ros2_ws/install/live1288_service/share/live1288_service/package.bash'
[1.281s] INFO:colcon.colcon_core.shell:Creating package script '/home/lisvent/ros2_ws/install/live1288_service/share/live1288_service/package.zsh'
[1.281s] Level 1:colcon.colcon_core.environment:create_file_with_runtime_dependencies(/home/lisvent/ros2_ws/install/live1288_service/share/colcon-core/packages/live1288_service)
[1.282s] INFO:colcon.colcon_ros.task.ament_python.build:Building ROS package in '/home/lisvent/ros2_ws/src/live1288_hw1' with build type 'ament_python'
[1.282s] Level 1:colcon.colcon_core.shell:create_environment_hook('live1288_hw1', 'ament_prefix_path')
[1.282s] INFO:colcon.colcon_core.shell:Creating environment hook '/home/lisvent/ros2_ws/install/live1288_hw1/share/live1288_hw1/hook/ament_prefix_path.ps1'
[1.283s] INFO:colcon.colcon_core.shell:Creating environment descriptor '/home/lisvent/ros2_ws/install/live1288_hw1/share/live1288_hw1/hook/ament_prefix_path.dsv'
[1.284s] INFO:colcon.colcon_core.shell:Creating environment hook '/home/lisvent/ros2_ws/install/live1288_hw1/share/live1288_hw1/hook/ament_prefix_path.sh'
[1.285s] INFO:colcon.colcon_core.shell:Skip shell extension 'powershell' for command environment: Not usable outside of PowerShell
[1.285s] DEBUG:colcon.colcon_core.shell:Skip shell extension 'dsv' for command environment
[1.939s] INFO:colcon.colcon_core.task.python.build:Building Python package in '/home/lisvent/ros2_ws/src/live1288_hw1'
[1.940s] INFO:colcon.colcon_core.shell:Skip shell extension 'powershell' for command environment: Not usable outside of PowerShell
[1.941s] DEBUG:colcon.colcon_core.shell:Skip shell extension 'dsv' for command environment
[2.667s] DEBUG:colcon.colcon_core.event_handler.log_command:Invoking command in '/home/lisvent/ros2_ws/src/live1288_hw1': PYTHONPATH=/home/lisvent/ros2_ws/build/live1288_hw1/prefix_override:/usr/lib/python3/dist-packages/colcon_core/task/python/colcon_distutils_commands:/home/lisvent/ros2_ws/install/live1288_hw1/lib/python3.10/site-packages:${PYTHONPATH} /usr/bin/python3 -W ignore:setup.py install is deprecated -W ignore:easy_install command is deprecated setup.py egg_info --egg-base ../../build/live1288_hw1 build --build-base /home/lisvent/ros2_ws/build/live1288_hw1/build install --record /home/lisvent/ros2_ws/build/live1288_hw1/install.log --single-version-externally-managed install_data
[3.057s] Level 1:colcon.colcon_core.environment:checking '/home/lisvent/ros2_ws/install/live1288_hw1' for CMake module files
[3.058s] DEBUG:colcon.colcon_core.event_handler.log_command:Invoked command in '/home/lisvent/ros2_ws/src/live1288_hw1' returned '0': PYTHONPATH=/home/lisvent/ros2_ws/build/live1288_hw1/prefix_override:/usr/lib/python3/dist-packages/colcon_core/task/python/colcon_distutils_commands:/home/lisvent/ros2_ws/install/live1288_hw1/lib/python3.10/site-packages:${PYTHONPATH} /usr/bin/python3 -W ignore:setup.py install is deprecated -W ignore:easy_install command is deprecated setup.py egg_info --egg-base ../../build/live1288_hw1 build --build-base /home/lisvent/ros2_ws/build/live1288_hw1/build install --record /home/lisvent/ros2_ws/build/live1288_hw1/install.log --single-version-externally-managed install_data
[3.059s] Level 1:colcon.colcon_core.environment:checking '/home/lisvent/ros2_ws/install/live1288_hw1' for CMake config files
[3.060s] Level 1:colcon.colcon_core.environment:checking '/home/lisvent/ros2_ws/install/live1288_hw1/lib'
[3.060s] Level 1:colcon.colcon_core.environment:checking '/home/lisvent/ros2_ws/install/live1288_hw1/bin'
[3.060s] Level 1:colcon.colcon_core.environment:checking '/home/lisvent/ros2_ws/install/live1288_hw1/lib/pkgconfig/live1288_hw1.pc'
[3.060s] Level 1:colcon.colcon_core.environment:checking '/home/lisvent/ros2_ws/install/live1288_hw1/lib/python3.10/site-packages'
[3.061s] Level 1:colcon.colcon_core.shell:create_environment_hook('live1288_hw1', 'pythonpath')
[3.061s] INFO:colcon.colcon_core.shell:Creating environment hook '/home/lisvent/ros2_ws/install/live1288_hw1/share/live1288_hw1/hook/pythonpath.ps1'
[3.062s] INFO:colcon.colcon_core.shell:Creating environment descriptor '/home/lisvent/ros2_ws/install/live1288_hw1/share/live1288_hw1/hook/pythonpath.dsv'
[3.063s] INFO:colcon.colcon_core.shell:Creating environment hook '/home/lisvent/ros2_ws/install/live1288_hw1/share/live1288_hw1/hook/pythonpath.sh'
[3.065s] Level 1:colcon.colcon_core.environment:checking '/home/lisvent/ros2_ws/install/live1288_hw1/bin'
[3.065s] Level 1:colcon.colcon_core.environment:create_environment_scripts_only(live1288_hw1)
[3.066s] INFO:colcon.colcon_core.shell:Creating package script '/home/lisvent/ros2_ws/install/live1288_hw1/share/live1288_hw1/package.ps1'
[3.068s] INFO:colcon.colcon_core.shell:Creating package descriptor '/home/lisvent/ros2_ws/install/live1288_hw1/share/live1288_hw1/package.dsv'
[3.069s] INFO:colcon.colcon_core.shell:Creating package script '/home/lisvent/ros2_ws/install/live1288_hw1/share/live1288_hw1/package.sh'
[3.070s] INFO:colcon.colcon_core.shell:Creating package script '/home/lisvent/ros2_ws/install/live1288_hw1/share/live1288_hw1/package.bash'
[3.070s] INFO:colcon.colcon_core.shell:Creating package script '/home/lisvent/ros2_ws/install/live1288_hw1/share/live1288_hw1/package.zsh'
[3.071s] Level 1:colcon.colcon_core.environment:create_file_with_runtime_dependencies(/home/lisvent/ros2_ws/install/live1288_hw1/share/colcon-core/packages/live1288_hw1)
[3.072s] DEBUG:colcon.colcon_parallel_executor.executor.parallel:closing loop
[3.072s] DEBUG:colcon.colcon_parallel_executor.executor.parallel:loop closed
[3.072s] DEBUG:colcon.colcon_parallel_executor.executor.parallel:run_until_complete finished with '0'
[3.073s] DEBUG:colcon.colcon_core.event_reactor:joining thread
[3.244s] INFO:colcon.colcon_core.plugin_system:Skipping extension 'colcon_notification.desktop_notification.notify_send': Could not find 'notify-send'
[3.244s] INFO:colcon.colcon_core.plugin_system:Skipping extension 'colcon_notification.desktop_notification.terminal_notifier': Not used on non-Darwin systems
[3.245s] INFO:colcon.colcon_core.plugin_system:Skipping extension 'colcon_notification.desktop_notification.win32': Not used on non-Windows systems
[3.245s] INFO:colcon.colcon_notification.desktop_notification:Sending desktop notification using 'notify2'
[3.245s] DEBUG:colcon.colcon_notification.desktop_notification.notify2:Failed to initialize notify2: org.freedesktop.DBus.Error.FileNotFound: Failed to connect to socket /run/user/1000/bus: No such file or directory
[3.246s] DEBUG:colcon.colcon_core.event_reactor:joined thread
[3.246s] INFO:colcon.colcon_core.shell:Creating prefix script '/home/lisvent/ros2_ws/install/local_setup.ps1'
[3.249s] INFO:colcon.colcon_core.shell:Creating prefix util module '/home/lisvent/ros2_ws/install/_local_setup_util_ps1.py'
[3.252s] INFO:colcon.colcon_core.shell:Creating prefix chain script '/home/lisvent/ros2_ws/install/setup.ps1'
[3.254s] INFO:colcon.colcon_core.shell:Creating prefix script '/home/lisvent/ros2_ws/install/local_setup.sh'
[3.255s] INFO:colcon.colcon_core.shell:Creating prefix util module '/home/lisvent/ros2_ws/install/_local_setup_util_sh.py'
[3.256s] INFO:colcon.colcon_core.shell:Creating prefix chain script '/home/lisvent/ros2_ws/install/setup.sh'
[3.259s] INFO:colcon.colcon_core.shell:Creating prefix script '/home/lisvent/ros2_ws/install/local_setup.bash'
[3.260s] INFO:colcon.colcon_core.shell:Creating prefix chain script '/home/lisvent/ros2_ws/install/setup.bash'
[3.262s] INFO:colcon.colcon_core.shell:Creating prefix script '/home/lisvent/ros2_ws/install/local_setup.zsh'
[3.263s] INFO:colcon.colcon_core.shell:Creating prefix chain script '/home/lisvent/ros2_ws/install/setup.zsh'
