[0.445s] DEBUG:colcon:Command line arguments: ['/usr/bin/colcon', 'build']
[0.445s] DEBUG:colcon:Parsed command line arguments: Namespace(log_base=None, log_level=None, verb_name='build', build_base='build', install_base='install', merge_install=False, symlink_install=False, test_result_base=None, continue_on_error=False, executor='parallel', parallel_workers=8, event_handlers=None, ignore_user_meta=False, metas=['./colcon.meta'], base_paths=['.'], packages_ignore=None, packages_ignore_regex=None, paths=None, packages_up_to=None, packages_up_to_regex=None, packages_above=None, packages_above_and_dependencies=None, packages_above_depth=None, packages_select_by_dep=None, packages_skip_by_dep=None, packages_skip_up_to=None, packages_select_build_failed=False, packages_skip_build_finished=False, packages_select_test_failures=False, packages_skip_test_passed=False, packages_select=None, packages_skip=None, packages_select_regex=None, packages_skip_regex=None, packages_start=None, packages_end=None, allow_overriding=[], cmake_args=None, cmake_target=None, cmake_target_skip_unavailable=False, cmake_clean_cache=False, cmake_clean_first=False, cmake_force_configure=False, ament_cmake_args=None, catkin_cmake_args=None, catkin_skip_building_tests=False, verb_parser=<colcon_defaults.argument_parser.defaults.DefaultArgumentsDecorator object at 0x7a46940ff250>, verb_extension=<colcon_core.verb.build.BuildVerb object at 0x7a46942646a0>, main=<bound method BuildVerb.main of <colcon_core.verb.build.BuildVerb object at 0x7a46942646a0>>)
[0.834s] Level 1:colcon.colcon_core.package_discovery:discover_packages(colcon_meta) check parameters
[0.834s] Level 1:colcon.colcon_core.package_discovery:discover_packages(recursive) check parameters
[0.834s] Level 1:colcon.colcon_core.package_discovery:discover_packages(ignore) check parameters
[0.834s] Level 1:colcon.colcon_core.package_discovery:discover_packages(path) check parameters
[0.834s] Level 1:colcon.colcon_core.package_discovery:discover_packages(colcon_meta) discover
[0.834s] Level 1:colcon.colcon_core.package_discovery:discover_packages(recursive) discover
[0.834s] INFO:colcon.colcon_core.package_discovery:Crawling recursively for packages in '/home/lisvent/ros2_ws/src/live1288_hw1'
[0.834s] Level 1:colcon.colcon_core.package_identification:_identify(.) by extensions ['ignore', 'ignore_ament_install']
[0.834s] Level 1:colcon.colcon_core.package_identification:_identify(.) by extension 'ignore'
[0.835s] Level 1:colcon.colcon_core.package_identification:_identify(.) by extension 'ignore_ament_install'
[0.835s] Level 1:colcon.colcon_core.package_identification:_identify(.) by extensions ['colcon_pkg']
[0.835s] Level 1:colcon.colcon_core.package_identification:_identify(.) by extension 'colcon_pkg'
[0.835s] Level 1:colcon.colcon_core.package_identification:_identify(.) by extensions ['colcon_meta']
[0.835s] Level 1:colcon.colcon_core.package_identification:_identify(.) by extension 'colcon_meta'
[0.835s] Level 1:colcon.colcon_core.package_identification:_identify(.) by extensions ['ros']
[0.835s] Level 1:colcon.colcon_core.package_identification:_identify(.) by extension 'ros'
[0.862s] DEBUG:colcon.colcon_core.package_identification:Package '.' with type 'ros.ament_python' and name 'live1288_hw1'
[0.862s] Level 1:colcon.colcon_core.package_discovery:discover_packages(recursive) using defaults
[0.862s] Level 1:colcon.colcon_core.package_discovery:discover_packages(ignore) discover
[0.862s] Level 1:colcon.colcon_core.package_discovery:discover_packages(ignore) using defaults
[0.862s] Level 1:colcon.colcon_core.package_discovery:discover_packages(path) discover
[0.862s] Level 1:colcon.colcon_core.package_discovery:discover_packages(path) using defaults
[0.905s] Level 1:colcon.colcon_core.package_discovery:discover_packages(prefix_path) check parameters
[0.906s] Level 1:colcon.colcon_core.package_discovery:discover_packages(prefix_path) discover
[0.913s] DEBUG:colcon.colcon_installed_package_information.package_discovery:Found 271 installed packages in /opt/ros/humble
[0.914s] Level 1:colcon.colcon_core.package_discovery:discover_packages(prefix_path) using defaults
[1.033s] Level 5:colcon.colcon_core.verb:set package 'live1288_hw1' build argument 'cmake_args' from command line to 'None'
[1.033s] Level 5:colcon.colcon_core.verb:set package 'live1288_hw1' build argument 'cmake_target' from command line to 'None'
[1.033s] Level 5:colcon.colcon_core.verb:set package 'live1288_hw1' build argument 'cmake_target_skip_unavailable' from command line to 'False'
[1.033s] Level 5:colcon.colcon_core.verb:set package 'live1288_hw1' build argument 'cmake_clean_cache' from command line to 'False'
[1.033s] Level 5:colcon.colcon_core.verb:set package 'live1288_hw1' build argument 'cmake_clean_first' from command line to 'False'
[1.033s] Level 5:colcon.colcon_core.verb:set package 'live1288_hw1' build argument 'cmake_force_configure' from command line to 'False'
[1.033s] Level 5:colcon.colcon_core.verb:set package 'live1288_hw1' build argument 'ament_cmake_args' from command line to 'None'
[1.033s] Level 5:colcon.colcon_core.verb:set package 'live1288_hw1' build argument 'catkin_cmake_args' from command line to 'None'
[1.033s] Level 5:colcon.colcon_core.verb:set package 'live1288_hw1' build argument 'catkin_skip_building_tests' from command line to 'False'
[1.033s] DEBUG:colcon.colcon_core.verb:Building package 'live1288_hw1' with the following arguments: {'ament_cmake_args': None, 'build_base': '/home/lisvent/ros2_ws/src/live1288_hw1/build/live1288_hw1', 'catkin_cmake_args': None, 'catkin_skip_building_tests': False, 'cmake_args': None, 'cmake_clean_cache': False, 'cmake_clean_first': False, 'cmake_force_configure': False, 'cmake_target': None, 'cmake_target_skip_unavailable': False, 'install_base': '/home/lisvent/ros2_ws/src/live1288_hw1/install/live1288_hw1', 'merge_install': False, 'path': '/home/lisvent/ros2_ws/src/live1288_hw1', 'symlink_install': False, 'test_result_base': None}
[1.034s] INFO:colcon.colcon_core.executor:Executing jobs using 'parallel' executor
[1.035s] DEBUG:colcon.colcon_parallel_executor.executor.parallel:run_until_complete
[1.036s] INFO:colcon.colcon_ros.task.ament_python.build:Building ROS package in '/home/lisvent/ros2_ws/src/live1288_hw1' with build type 'ament_python'
[1.036s] Level 1:colcon.colcon_core.shell:create_environment_hook('live1288_hw1', 'ament_prefix_path')
[1.046s] INFO:colcon.colcon_core.plugin_system:Skipping extension 'colcon_core.shell.bat': Not used on non-Windows systems
[1.046s] INFO:colcon.colcon_core.shell:Creating environment hook '/home/lisvent/ros2_ws/src/live1288_hw1/install/live1288_hw1/share/live1288_hw1/hook/ament_prefix_path.ps1'
[1.048s] INFO:colcon.colcon_core.shell:Creating environment descriptor '/home/lisvent/ros2_ws/src/live1288_hw1/install/live1288_hw1/share/live1288_hw1/hook/ament_prefix_path.dsv'
[1.049s] INFO:colcon.colcon_core.shell:Creating environment hook '/home/lisvent/ros2_ws/src/live1288_hw1/install/live1288_hw1/share/live1288_hw1/hook/ament_prefix_path.sh'
[1.049s] INFO:colcon.colcon_core.shell:Skip shell extension 'powershell' for command environment: Not usable outside of PowerShell
[1.050s] DEBUG:colcon.colcon_core.shell:Skip shell extension 'dsv' for command environment
[1.341s] INFO:colcon.colcon_core.task.python.build:Building Python package in '/home/lisvent/ros2_ws/src/live1288_hw1'
[1.341s] INFO:colcon.colcon_core.shell:Skip shell extension 'powershell' for command environment: Not usable outside of PowerShell
[1.341s] DEBUG:colcon.colcon_core.shell:Skip shell extension 'dsv' for command environment
[1.969s] DEBUG:colcon.colcon_core.event_handler.log_command:Invoking command in '/home/lisvent/ros2_ws/src/live1288_hw1': PYTHONPATH=/home/lisvent/ros2_ws/src/live1288_hw1/build/live1288_hw1/prefix_override:/usr/lib/python3/dist-packages/colcon_core/task/python/colcon_distutils_commands:/home/lisvent/ros2_ws/src/live1288_hw1/install/live1288_hw1/lib/python3.10/site-packages:${PYTHONPATH} /usr/bin/python3 -W ignore:setup.py install is deprecated -W ignore:easy_install command is deprecated setup.py egg_info --egg-base build/live1288_hw1 build --build-base /home/lisvent/ros2_ws/src/live1288_hw1/build/live1288_hw1/build install --record /home/lisvent/ros2_ws/src/live1288_hw1/build/live1288_hw1/install.log --single-version-externally-managed install_data
[2.330s] DEBUG:colcon.colcon_core.event_handler.log_command:Invoked command in '/home/lisvent/ros2_ws/src/live1288_hw1' returned '0': PYTHONPATH=/home/lisvent/ros2_ws/src/live1288_hw1/build/live1288_hw1/prefix_override:/usr/lib/python3/dist-packages/colcon_core/task/python/colcon_distutils_commands:/home/lisvent/ros2_ws/src/live1288_hw1/install/live1288_hw1/lib/python3.10/site-packages:${PYTHONPATH} /usr/bin/python3 -W ignore:setup.py install is deprecated -W ignore:easy_install command is deprecated setup.py egg_info --egg-base build/live1288_hw1 build --build-base /home/lisvent/ros2_ws/src/live1288_hw1/build/live1288_hw1/build install --record /home/lisvent/ros2_ws/src/live1288_hw1/build/live1288_hw1/install.log --single-version-externally-managed install_data
[2.337s] Level 1:colcon.colcon_core.environment:checking '/home/lisvent/ros2_ws/src/live1288_hw1/install/live1288_hw1' for CMake module files
[2.337s] Level 1:colcon.colcon_core.environment:checking '/home/lisvent/ros2_ws/src/live1288_hw1/install/live1288_hw1' for CMake config files
[2.338s] Level 1:colcon.colcon_core.environment:checking '/home/lisvent/ros2_ws/src/live1288_hw1/install/live1288_hw1/lib'
[2.338s] Level 1:colcon.colcon_core.environment:checking '/home/lisvent/ros2_ws/src/live1288_hw1/install/live1288_hw1/bin'
[2.338s] Level 1:colcon.colcon_core.environment:checking '/home/lisvent/ros2_ws/src/live1288_hw1/install/live1288_hw1/lib/pkgconfig/live1288_hw1.pc'
[2.339s] Level 1:colcon.colcon_core.environment:checking '/home/lisvent/ros2_ws/src/live1288_hw1/install/live1288_hw1/lib/python3.10/site-packages'
[2.339s] Level 1:colcon.colcon_core.shell:create_environment_hook('live1288_hw1', 'pythonpath')
[2.339s] INFO:colcon.colcon_core.shell:Creating environment hook '/home/lisvent/ros2_ws/src/live1288_hw1/install/live1288_hw1/share/live1288_hw1/hook/pythonpath.ps1'
[2.339s] INFO:colcon.colcon_core.shell:Creating environment descriptor '/home/lisvent/ros2_ws/src/live1288_hw1/install/live1288_hw1/share/live1288_hw1/hook/pythonpath.dsv'
[2.340s] INFO:colcon.colcon_core.shell:Creating environment hook '/home/lisvent/ros2_ws/src/live1288_hw1/install/live1288_hw1/share/live1288_hw1/hook/pythonpath.sh'
[2.340s] Level 1:colcon.colcon_core.environment:checking '/home/lisvent/ros2_ws/src/live1288_hw1/install/live1288_hw1/bin'
[2.340s] Level 1:colcon.colcon_core.environment:create_environment_scripts_only(live1288_hw1)
[2.341s] INFO:colcon.colcon_core.shell:Creating package script '/home/lisvent/ros2_ws/src/live1288_hw1/install/live1288_hw1/share/live1288_hw1/package.ps1'
[2.342s] INFO:colcon.colcon_core.shell:Creating package descriptor '/home/lisvent/ros2_ws/src/live1288_hw1/install/live1288_hw1/share/live1288_hw1/package.dsv'
[2.343s] INFO:colcon.colcon_core.shell:Creating package script '/home/lisvent/ros2_ws/src/live1288_hw1/install/live1288_hw1/share/live1288_hw1/package.sh'
[2.345s] INFO:colcon.colcon_core.shell:Creating package script '/home/lisvent/ros2_ws/src/live1288_hw1/install/live1288_hw1/share/live1288_hw1/package.bash'
[2.347s] INFO:colcon.colcon_core.shell:Creating package script '/home/lisvent/ros2_ws/src/live1288_hw1/install/live1288_hw1/share/live1288_hw1/package.zsh'
[2.348s] Level 1:colcon.colcon_core.environment:create_file_with_runtime_dependencies(/home/lisvent/ros2_ws/src/live1288_hw1/install/live1288_hw1/share/colcon-core/packages/live1288_hw1)
[2.350s] DEBUG:colcon.colcon_parallel_executor.executor.parallel:closing loop
[2.351s] DEBUG:colcon.colcon_parallel_executor.executor.parallel:loop closed
[2.351s] DEBUG:colcon.colcon_parallel_executor.executor.parallel:run_until_complete finished with '0'
[2.352s] DEBUG:colcon.colcon_core.event_reactor:joining thread
[2.435s] INFO:colcon.colcon_core.plugin_system:Skipping extension 'colcon_notification.desktop_notification.notify_send': Could not find 'notify-send'
[2.436s] INFO:colcon.colcon_core.plugin_system:Skipping extension 'colcon_notification.desktop_notification.terminal_notifier': Not used on non-Darwin systems
[2.436s] INFO:colcon.colcon_core.plugin_system:Skipping extension 'colcon_notification.desktop_notification.win32': Not used on non-Windows systems
[2.436s] INFO:colcon.colcon_notification.desktop_notification:Sending desktop notification using 'notify2'
[2.436s] DEBUG:colcon.colcon_notification.desktop_notification.notify2:Failed to initialize notify2: org.freedesktop.DBus.Error.FileNotFound: Failed to connect to socket /run/user/1000/bus: No such file or directory
[2.437s] DEBUG:colcon.colcon_core.event_reactor:joined thread
[2.437s] INFO:colcon.colcon_core.shell:Creating prefix script '/home/lisvent/ros2_ws/src/live1288_hw1/install/local_setup.ps1'
[2.451s] INFO:colcon.colcon_core.shell:Creating prefix util module '/home/lisvent/ros2_ws/src/live1288_hw1/install/_local_setup_util_ps1.py'
[2.454s] INFO:colcon.colcon_core.shell:Creating prefix chain script '/home/lisvent/ros2_ws/src/live1288_hw1/install/setup.ps1'
[2.455s] INFO:colcon.colcon_core.shell:Creating prefix script '/home/lisvent/ros2_ws/src/live1288_hw1/install/local_setup.sh'
[2.456s] INFO:colcon.colcon_core.shell:Creating prefix util module '/home/lisvent/ros2_ws/src/live1288_hw1/install/_local_setup_util_sh.py'
[2.457s] INFO:colcon.colcon_core.shell:Creating prefix chain script '/home/lisvent/ros2_ws/src/live1288_hw1/install/setup.sh'
[2.458s] INFO:colcon.colcon_core.shell:Creating prefix script '/home/lisvent/ros2_ws/src/live1288_hw1/install/local_setup.bash'
[2.459s] INFO:colcon.colcon_core.shell:Creating prefix chain script '/home/lisvent/ros2_ws/src/live1288_hw1/install/setup.bash'
[2.460s] INFO:colcon.colcon_core.shell:Creating prefix script '/home/lisvent/ros2_ws/src/live1288_hw1/install/local_setup.zsh'
[2.461s] INFO:colcon.colcon_core.shell:Creating prefix chain script '/home/lisvent/ros2_ws/src/live1288_hw1/install/setup.zsh'
