running egg_info
writing ../../build/live1288_hw1/live1288_hw1.egg-info/PKG-INFO
writing dependency_links to ../../build/live1288_hw1/live1288_hw1.egg-info/dependency_links.txt
writing entry points to ../../build/live1288_hw1/live1288_hw1.egg-info/entry_points.txt
writing requirements to ../../build/live1288_hw1/live1288_hw1.egg-info/requires.txt
writing top-level names to ../../build/live1288_hw1/live1288_hw1.egg-info/top_level.txt
reading manifest file '../../build/live1288_hw1/live1288_hw1.egg-info/SOURCES.txt'
adding license file 'LICENSE'
writing manifest file '../../build/live1288_hw1/live1288_hw1.egg-info/SOURCES.txt'
running build
running build_py
copying live1288_hw1/service_server.py -> /home/lisvent/ros2_ws/build/live1288_hw1/build/lib/live1288_hw1
copying live1288_hw1/service_client.py -> /home/lisvent/ros2_ws/build/live1288_hw1/build/lib/live1288_hw1
running install
running install_lib
copying /home/lisvent/ros2_ws/build/live1288_hw1/build/lib/live1288_hw1/service_server.py -> /home/lisvent/ros2_ws/install/live1288_hw1/lib/python3.10/site-packages/live1288_hw1
copying /home/lisvent/ros2_ws/build/live1288_hw1/build/lib/live1288_hw1/service_client.py -> /home/lisvent/ros2_ws/install/live1288_hw1/lib/python3.10/site-packages/live1288_hw1
byte-compiling /home/lisvent/ros2_ws/install/live1288_hw1/lib/python3.10/site-packages/live1288_hw1/service_server.py to service_server.cpython-310.pyc
byte-compiling /home/lisvent/ros2_ws/install/live1288_hw1/lib/python3.10/site-packages/live1288_hw1/service_client.py to service_client.cpython-310.pyc
running install_data
running install_egg_info
removing '/home/lisvent/ros2_ws/install/live1288_hw1/lib/python3.10/site-packages/live1288_hw1-0.0.0-py3.10.egg-info' (and everything under it)
Copying ../../build/live1288_hw1/live1288_hw1.egg-info to /home/lisvent/ros2_ws/install/live1288_hw1/lib/python3.10/site-packages/live1288_hw1-0.0.0-py3.10.egg-info
running install_scripts
Installing publisher script to /home/lisvent/ros2_ws/install/live1288_hw1/lib/live1288_hw1
Installing service_client script to /home/lisvent/ros2_ws/install/live1288_hw1/lib/live1288_hw1
Installing service_server script to /home/lisvent/ros2_ws/install/live1288_hw1/lib/live1288_hw1
Installing subscriber script to /home/lisvent/ros2_ws/install/live1288_hw1/lib/live1288_hw1
writing list of installed files to '/home/lisvent/ros2_ws/build/live1288_hw1/install.log'
