[0.023s] Invoking command in '/home/lisvent/ros2_ws/build/live1288_service': CMAKE_PREFIX_PATH=${CMAKE_PREFIX_PATH}:/home/lisvent/ros2_ws/install/live1288_hw1:/opt/ros/humble /usr/bin/cmake --build /home/lisvent/ros2_ws/build/live1288_service -- -j8 -l8
[0.118s] [  3%] Built target live1288_service__cpp
[0.128s] [ 12%] Built target live1288_service__rosidl_generator_c
[0.155s] [ 12%] Built target ament_cmake_python_copy_live1288_service
[0.172s] [ 22%] Built target live1288_service__rosidl_typesupport_cpp
[0.174s] [ 41%] Built target live1288_service__rosidl_typesupport_fastrtps_cpp
[0.174s] [ 41%] Built target live1288_service__rosidl_typesupport_introspection_cpp
[0.183s] [ 51%] Built target live1288_service__rosidl_typesupport_fastrtps_c
[0.184s] [ 61%] Built target live1288_service__rosidl_typesupport_introspection_c
[0.187s] [ 70%] Built target live1288_service__rosidl_typesupport_c
[0.213s] [ 70%] Built target live1288_service
[0.241s] [ 74%] Built target live1288_service__py
[0.275s] [ 80%] Built target live1288_service__rosidl_generator_py
[0.318s] [ 96%] Built target live1288_service__rosidl_typesupport_c__pyext
[0.319s] [ 96%] Built target live1288_service__rosidl_typesupport_fastrtps_c__pyext
[0.319s] [100%] Built target live1288_service__rosidl_typesupport_introspection_c__pyext
[0.451s] running egg_info
[0.452s] writing live1288_service.egg-info/PKG-INFO
[0.453s] writing dependency_links to live1288_service.egg-info/dependency_links.txt
[0.453s] writing top-level names to live1288_service.egg-info/top_level.txt
[0.456s] reading manifest file 'live1288_service.egg-info/SOURCES.txt'
[0.457s] writing manifest file 'live1288_service.egg-info/SOURCES.txt'
[0.494s] [100%] Built target ament_cmake_python_build_live1288_service_egg
[0.512s] Invoked command in '/home/lisvent/ros2_ws/build/live1288_service' returned '0': CMAKE_PREFIX_PATH=${CMAKE_PREFIX_PATH}:/home/lisvent/ros2_ws/install/live1288_hw1:/opt/ros/humble /usr/bin/cmake --build /home/lisvent/ros2_ws/build/live1288_service -- -j8 -l8
[0.528s] Invoking command in '/home/lisvent/ros2_ws/build/live1288_service': CMAKE_PREFIX_PATH=${CMAKE_PREFIX_PATH}:/home/lisvent/ros2_ws/install/live1288_hw1:/opt/ros/humble /usr/bin/cmake --install /home/lisvent/ros2_ws/build/live1288_service
[0.542s] -- Install configuration: ""
[0.543s] -- Up-to-date: /home/lisvent/ros2_ws/install/live1288_service/share/ament_index/resource_index/rosidl_interfaces/live1288_service
[0.543s] -- Up-to-date: /home/lisvent/ros2_ws/install/live1288_service/include/live1288_service/live1288_service
[0.544s] -- Up-to-date: /home/lisvent/ros2_ws/install/live1288_service/include/live1288_service/live1288_service/srv
[0.544s] -- Up-to-date: /home/lisvent/ros2_ws/install/live1288_service/include/live1288_service/live1288_service/srv/detail
[0.544s] -- Up-to-date: /home/lisvent/ros2_ws/install/live1288_service/include/live1288_service/live1288_service/srv/detail/live1288_service__type_support.h
[0.545s] -- Up-to-date: /home/lisvent/ros2_ws/install/live1288_service/include/live1288_service/live1288_service/srv/detail/live1288_service__functions.c
[0.545s] -- Up-to-date: /home/lisvent/ros2_ws/install/live1288_service/include/live1288_service/live1288_service/srv/detail/live1288_service__struct.h
[0.545s] -- Up-to-date: /home/lisvent/ros2_ws/install/live1288_service/include/live1288_service/live1288_service/srv/detail/live1288_service__functions.h
[0.545s] -- Up-to-date: /home/lisvent/ros2_ws/install/live1288_service/include/live1288_service/live1288_service/srv/live1288_service.h
[0.546s] -- Up-to-date: /home/lisvent/ros2_ws/install/live1288_service/include/live1288_service/live1288_service/msg
[0.546s] -- Up-to-date: /home/lisvent/ros2_ws/install/live1288_service/include/live1288_service/live1288_service/msg/rosidl_generator_c__visibility_control.h
[0.546s] -- Up-to-date: /home/lisvent/ros2_ws/install/live1288_service/share/live1288_service/environment/library_path.sh
[0.547s] -- Up-to-date: /home/lisvent/ros2_ws/install/live1288_service/share/live1288_service/environment/library_path.dsv
[0.547s] -- Up-to-date: /home/lisvent/ros2_ws/install/live1288_service/lib/liblive1288_service__rosidl_generator_c.so
[0.547s] -- Up-to-date: /home/lisvent/ros2_ws/install/live1288_service/include/live1288_service/live1288_service
[0.547s] -- Up-to-date: /home/lisvent/ros2_ws/install/live1288_service/include/live1288_service/live1288_service/srv
[0.547s] -- Up-to-date: /home/lisvent/ros2_ws/install/live1288_service/include/live1288_service/live1288_service/srv/detail
[0.548s] -- Up-to-date: /home/lisvent/ros2_ws/install/live1288_service/include/live1288_service/live1288_service/srv/detail/live1288_service__rosidl_typesupport_fastrtps_c.h
[0.548s] -- Up-to-date: /home/lisvent/ros2_ws/install/live1288_service/include/live1288_service/live1288_service/msg
[0.548s] -- Up-to-date: /home/lisvent/ros2_ws/install/live1288_service/include/live1288_service/live1288_service/msg/rosidl_typesupport_fastrtps_c__visibility_control.h
[0.549s] -- Up-to-date: /home/lisvent/ros2_ws/install/live1288_service/lib/liblive1288_service__rosidl_typesupport_fastrtps_c.so
[0.549s] -- Up-to-date: /home/lisvent/ros2_ws/install/live1288_service/include/live1288_service/live1288_service
[0.549s] -- Up-to-date: /home/lisvent/ros2_ws/install/live1288_service/include/live1288_service/live1288_service/srv
[0.550s] -- Up-to-date: /home/lisvent/ros2_ws/install/live1288_service/include/live1288_service/live1288_service/srv/detail
[0.550s] -- Up-to-date: /home/lisvent/ros2_ws/install/live1288_service/include/live1288_service/live1288_service/srv/detail/live1288_service__type_support.c
[0.550s] -- Up-to-date: /home/lisvent/ros2_ws/install/live1288_service/include/live1288_service/live1288_service/srv/detail/live1288_service__rosidl_typesupport_introspection_c.h
[0.550s] -- Up-to-date: /home/lisvent/ros2_ws/install/live1288_service/include/live1288_service/live1288_service/msg
[0.550s] -- Up-to-date: /home/lisvent/ros2_ws/install/live1288_service/include/live1288_service/live1288_service/msg/rosidl_typesupport_introspection_c__visibility_control.h
[0.550s] -- Up-to-date: /home/lisvent/ros2_ws/install/live1288_service/lib/liblive1288_service__rosidl_typesupport_introspection_c.so
[0.550s] -- Up-to-date: /home/lisvent/ros2_ws/install/live1288_service/lib/liblive1288_service__rosidl_typesupport_c.so
[0.551s] -- Up-to-date: /home/lisvent/ros2_ws/install/live1288_service/include/live1288_service/live1288_service
[0.551s] -- Up-to-date: /home/lisvent/ros2_ws/install/live1288_service/include/live1288_service/live1288_service/srv
[0.551s] -- Up-to-date: /home/lisvent/ros2_ws/install/live1288_service/include/live1288_service/live1288_service/srv/detail
[0.552s] -- Up-to-date: /home/lisvent/ros2_ws/install/live1288_service/include/live1288_service/live1288_service/srv/detail/live1288_service__struct.hpp
[0.552s] -- Up-to-date: /home/lisvent/ros2_ws/install/live1288_service/include/live1288_service/live1288_service/srv/detail/live1288_service__type_support.hpp
[0.552s] -- Up-to-date: /home/lisvent/ros2_ws/install/live1288_service/include/live1288_service/live1288_service/srv/detail/live1288_service__builder.hpp
[0.553s] -- Up-to-date: /home/lisvent/ros2_ws/install/live1288_service/include/live1288_service/live1288_service/srv/detail/live1288_service__traits.hpp
[0.553s] -- Up-to-date: /home/lisvent/ros2_ws/install/live1288_service/include/live1288_service/live1288_service/srv/live1288_service.hpp
[0.553s] -- Up-to-date: /home/lisvent/ros2_ws/install/live1288_service/include/live1288_service/live1288_service/msg
[0.553s] -- Up-to-date: /home/lisvent/ros2_ws/install/live1288_service/include/live1288_service/live1288_service/msg/rosidl_generator_cpp__visibility_control.hpp
[0.553s] -- Up-to-date: /home/lisvent/ros2_ws/install/live1288_service/include/live1288_service/live1288_service
[0.553s] -- Up-to-date: /home/lisvent/ros2_ws/install/live1288_service/include/live1288_service/live1288_service/srv
[0.553s] -- Up-to-date: /home/lisvent/ros2_ws/install/live1288_service/include/live1288_service/live1288_service/srv/detail
[0.553s] -- Up-to-date: /home/lisvent/ros2_ws/install/live1288_service/include/live1288_service/live1288_service/srv/detail/dds_fastrtps
[0.554s] -- Up-to-date: /home/lisvent/ros2_ws/install/live1288_service/include/live1288_service/live1288_service/srv/detail/live1288_service__rosidl_typesupport_fastrtps_cpp.hpp
[0.554s] -- Up-to-date: /home/lisvent/ros2_ws/install/live1288_service/include/live1288_service/live1288_service/msg
[0.554s] -- Up-to-date: /home/lisvent/ros2_ws/install/live1288_service/include/live1288_service/live1288_service/msg/rosidl_typesupport_fastrtps_cpp__visibility_control.h
[0.554s] -- Up-to-date: /home/lisvent/ros2_ws/install/live1288_service/lib/liblive1288_service__rosidl_typesupport_fastrtps_cpp.so
[0.554s] -- Up-to-date: /home/lisvent/ros2_ws/install/live1288_service/include/live1288_service/live1288_service
[0.554s] -- Up-to-date: /home/lisvent/ros2_ws/install/live1288_service/include/live1288_service/live1288_service/srv
[0.554s] -- Up-to-date: /home/lisvent/ros2_ws/install/live1288_service/include/live1288_service/live1288_service/srv/detail
[0.554s] -- Up-to-date: /home/lisvent/ros2_ws/install/live1288_service/include/live1288_service/live1288_service/srv/detail/live1288_service__rosidl_typesupport_introspection_cpp.hpp
[0.554s] -- Up-to-date: /home/lisvent/ros2_ws/install/live1288_service/include/live1288_service/live1288_service/srv/detail/live1288_service__type_support.cpp
[0.554s] -- Up-to-date: /home/lisvent/ros2_ws/install/live1288_service/lib/liblive1288_service__rosidl_typesupport_introspection_cpp.so
[0.554s] -- Up-to-date: /home/lisvent/ros2_ws/install/live1288_service/lib/liblive1288_service__rosidl_typesupport_cpp.so
[0.554s] -- Up-to-date: /home/lisvent/ros2_ws/install/live1288_service/share/live1288_service/environment/pythonpath.sh
[0.554s] -- Up-to-date: /home/lisvent/ros2_ws/install/live1288_service/share/live1288_service/environment/pythonpath.dsv
[0.554s] -- Up-to-date: /home/lisvent/ros2_ws/install/live1288_service/local/lib/python3.10/dist-packages/live1288_service-0.0.0-py3.10.egg-info
[0.554s] -- Installing: /home/lisvent/ros2_ws/install/live1288_service/local/lib/python3.10/dist-packages/live1288_service-0.0.0-py3.10.egg-info/SOURCES.txt
[0.554s] -- Installing: /home/lisvent/ros2_ws/install/live1288_service/local/lib/python3.10/dist-packages/live1288_service-0.0.0-py3.10.egg-info/dependency_links.txt
[0.554s] -- Installing: /home/lisvent/ros2_ws/install/live1288_service/local/lib/python3.10/dist-packages/live1288_service-0.0.0-py3.10.egg-info/PKG-INFO
[0.554s] -- Installing: /home/lisvent/ros2_ws/install/live1288_service/local/lib/python3.10/dist-packages/live1288_service-0.0.0-py3.10.egg-info/top_level.txt
[0.554s] -- Up-to-date: /home/lisvent/ros2_ws/install/live1288_service/local/lib/python3.10/dist-packages/live1288_service
[0.554s] -- Up-to-date: /home/lisvent/ros2_ws/install/live1288_service/local/lib/python3.10/dist-packages/live1288_service/live1288_service_s__rosidl_typesupport_c.cpython-310-x86_64-linux-gnu.so
[0.554s] -- Up-to-date: /home/lisvent/ros2_ws/install/live1288_service/local/lib/python3.10/dist-packages/live1288_service/_live1288_service_s.ep.rosidl_typesupport_fastrtps_c.c
[0.555s] -- Up-to-date: /home/lisvent/ros2_ws/install/live1288_service/local/lib/python3.10/dist-packages/live1288_service/live1288_service_s__rosidl_typesupport_introspection_c.cpython-310-x86_64-linux-gnu.so
[0.555s] -- Up-to-date: /home/lisvent/ros2_ws/install/live1288_service/local/lib/python3.10/dist-packages/live1288_service/_live1288_service_s.ep.rosidl_typesupport_c.c
[0.555s] -- Up-to-date: /home/lisvent/ros2_ws/install/live1288_service/local/lib/python3.10/dist-packages/live1288_service/srv
[0.555s] -- Up-to-date: /home/lisvent/ros2_ws/install/live1288_service/local/lib/python3.10/dist-packages/live1288_service/srv/_live1288_service.py
[0.555s] -- Up-to-date: /home/lisvent/ros2_ws/install/live1288_service/local/lib/python3.10/dist-packages/live1288_service/srv/_live1288_service_s.c
[0.555s] -- Up-to-date: /home/lisvent/ros2_ws/install/live1288_service/local/lib/python3.10/dist-packages/live1288_service/srv/__init__.py
[0.555s] -- Up-to-date: /home/lisvent/ros2_ws/install/live1288_service/local/lib/python3.10/dist-packages/live1288_service/liblive1288_service__rosidl_generator_py.so
[0.555s] -- Up-to-date: /home/lisvent/ros2_ws/install/live1288_service/local/lib/python3.10/dist-packages/live1288_service/_live1288_service_s.ep.rosidl_typesupport_introspection_c.c
[0.555s] -- Up-to-date: /home/lisvent/ros2_ws/install/live1288_service/local/lib/python3.10/dist-packages/live1288_service/__init__.py
[0.555s] -- Up-to-date: /home/lisvent/ros2_ws/install/live1288_service/local/lib/python3.10/dist-packages/live1288_service/live1288_service_s__rosidl_typesupport_fastrtps_c.cpython-310-x86_64-linux-gnu.so
[0.594s] Listing '/home/lisvent/ros2_ws/install/live1288_service/local/lib/python3.10/dist-packages/live1288_service'...
[0.594s] Listing '/home/lisvent/ros2_ws/install/live1288_service/local/lib/python3.10/dist-packages/live1288_service/srv'...
[0.598s] -- Up-to-date: /home/lisvent/ros2_ws/install/live1288_service/local/lib/python3.10/dist-packages/live1288_service/live1288_service_s__rosidl_typesupport_fastrtps_c.cpython-310-x86_64-linux-gnu.so
[0.599s] -- Up-to-date: /home/lisvent/ros2_ws/install/live1288_service/local/lib/python3.10/dist-packages/live1288_service/live1288_service_s__rosidl_typesupport_introspection_c.cpython-310-x86_64-linux-gnu.so
[0.599s] -- Up-to-date: /home/lisvent/ros2_ws/install/live1288_service/local/lib/python3.10/dist-packages/live1288_service/live1288_service_s__rosidl_typesupport_c.cpython-310-x86_64-linux-gnu.so
[0.599s] -- Up-to-date: /home/lisvent/ros2_ws/install/live1288_service/lib/liblive1288_service__rosidl_generator_py.so
[0.599s] -- Up-to-date: /home/lisvent/ros2_ws/install/live1288_service/share/live1288_service/srv/Live1288Service.idl
[0.599s] -- Up-to-date: /home/lisvent/ros2_ws/install/live1288_service/share/live1288_service/srv/Live1288Service.srv
[0.600s] -- Up-to-date: /home/lisvent/ros2_ws/install/live1288_service/share/live1288_service/srv/Live1288Service_Request.msg
[0.600s] -- Up-to-date: /home/lisvent/ros2_ws/install/live1288_service/share/live1288_service/srv/Live1288Service_Response.msg
[0.600s] -- Up-to-date: /home/lisvent/ros2_ws/install/live1288_service/share/ament_index/resource_index/package_run_dependencies/live1288_service
[0.600s] -- Up-to-date: /home/lisvent/ros2_ws/install/live1288_service/share/ament_index/resource_index/parent_prefix_path/live1288_service
[0.601s] -- Up-to-date: /home/lisvent/ros2_ws/install/live1288_service/share/live1288_service/environment/ament_prefix_path.sh
[0.601s] -- Up-to-date: /home/lisvent/ros2_ws/install/live1288_service/share/live1288_service/environment/ament_prefix_path.dsv
[0.601s] -- Up-to-date: /home/lisvent/ros2_ws/install/live1288_service/share/live1288_service/environment/path.sh
[0.601s] -- Up-to-date: /home/lisvent/ros2_ws/install/live1288_service/share/live1288_service/environment/path.dsv
[0.601s] -- Up-to-date: /home/lisvent/ros2_ws/install/live1288_service/share/live1288_service/local_setup.bash
[0.602s] -- Up-to-date: /home/lisvent/ros2_ws/install/live1288_service/share/live1288_service/local_setup.sh
[0.602s] -- Up-to-date: /home/lisvent/ros2_ws/install/live1288_service/share/live1288_service/local_setup.zsh
[0.602s] -- Up-to-date: /home/lisvent/ros2_ws/install/live1288_service/share/live1288_service/local_setup.dsv
[0.602s] -- Installing: /home/lisvent/ros2_ws/install/live1288_service/share/live1288_service/package.dsv
[0.602s] -- Up-to-date: /home/lisvent/ros2_ws/install/live1288_service/share/ament_index/resource_index/packages/live1288_service
[0.602s] -- Up-to-date: /home/lisvent/ros2_ws/install/live1288_service/share/live1288_service/cmake/export_live1288_service__rosidl_generator_cExport.cmake
[0.603s] -- Up-to-date: /home/lisvent/ros2_ws/install/live1288_service/share/live1288_service/cmake/export_live1288_service__rosidl_generator_cExport-noconfig.cmake
[0.603s] -- Up-to-date: /home/lisvent/ros2_ws/install/live1288_service/share/live1288_service/cmake/export_live1288_service__rosidl_typesupport_fastrtps_cExport.cmake
[0.603s] -- Up-to-date: /home/lisvent/ros2_ws/install/live1288_service/share/live1288_service/cmake/export_live1288_service__rosidl_typesupport_fastrtps_cExport-noconfig.cmake
[0.603s] -- Up-to-date: /home/lisvent/ros2_ws/install/live1288_service/share/live1288_service/cmake/live1288_service__rosidl_typesupport_introspection_cExport.cmake
[0.603s] -- Up-to-date: /home/lisvent/ros2_ws/install/live1288_service/share/live1288_service/cmake/live1288_service__rosidl_typesupport_introspection_cExport-noconfig.cmake
[0.603s] -- Up-to-date: /home/lisvent/ros2_ws/install/live1288_service/share/live1288_service/cmake/live1288_service__rosidl_typesupport_cExport.cmake
[0.603s] -- Up-to-date: /home/lisvent/ros2_ws/install/live1288_service/share/live1288_service/cmake/live1288_service__rosidl_typesupport_cExport-noconfig.cmake
[0.603s] -- Up-to-date: /home/lisvent/ros2_ws/install/live1288_service/share/live1288_service/cmake/export_live1288_service__rosidl_generator_cppExport.cmake
[0.603s] -- Up-to-date: /home/lisvent/ros2_ws/install/live1288_service/share/live1288_service/cmake/export_live1288_service__rosidl_typesupport_fastrtps_cppExport.cmake
[0.603s] -- Up-to-date: /home/lisvent/ros2_ws/install/live1288_service/share/live1288_service/cmake/export_live1288_service__rosidl_typesupport_fastrtps_cppExport-noconfig.cmake
[0.603s] -- Up-to-date: /home/lisvent/ros2_ws/install/live1288_service/share/live1288_service/cmake/live1288_service__rosidl_typesupport_introspection_cppExport.cmake
[0.603s] -- Up-to-date: /home/lisvent/ros2_ws/install/live1288_service/share/live1288_service/cmake/live1288_service__rosidl_typesupport_introspection_cppExport-noconfig.cmake
[0.603s] -- Up-to-date: /home/lisvent/ros2_ws/install/live1288_service/share/live1288_service/cmake/live1288_service__rosidl_typesupport_cppExport.cmake
[0.603s] -- Up-to-date: /home/lisvent/ros2_ws/install/live1288_service/share/live1288_service/cmake/live1288_service__rosidl_typesupport_cppExport-noconfig.cmake
[0.604s] -- Up-to-date: /home/lisvent/ros2_ws/install/live1288_service/share/live1288_service/cmake/export_live1288_service__rosidl_generator_pyExport.cmake
[0.604s] -- Up-to-date: /home/lisvent/ros2_ws/install/live1288_service/share/live1288_service/cmake/export_live1288_service__rosidl_generator_pyExport-noconfig.cmake
[0.604s] -- Up-to-date: /home/lisvent/ros2_ws/install/live1288_service/share/live1288_service/cmake/rosidl_cmake-extras.cmake
[0.604s] -- Up-to-date: /home/lisvent/ros2_ws/install/live1288_service/share/live1288_service/cmake/ament_cmake_export_dependencies-extras.cmake
[0.604s] -- Up-to-date: /home/lisvent/ros2_ws/install/live1288_service/share/live1288_service/cmake/ament_cmake_export_include_directories-extras.cmake
[0.604s] -- Up-to-date: /home/lisvent/ros2_ws/install/live1288_service/share/live1288_service/cmake/ament_cmake_export_libraries-extras.cmake
[0.604s] -- Up-to-date: /home/lisvent/ros2_ws/install/live1288_service/share/live1288_service/cmake/ament_cmake_export_targets-extras.cmake
[0.604s] -- Up-to-date: /home/lisvent/ros2_ws/install/live1288_service/share/live1288_service/cmake/rosidl_cmake_export_typesupport_targets-extras.cmake
[0.604s] -- Up-to-date: /home/lisvent/ros2_ws/install/live1288_service/share/live1288_service/cmake/rosidl_cmake_export_typesupport_libraries-extras.cmake
[0.604s] -- Up-to-date: /home/lisvent/ros2_ws/install/live1288_service/share/live1288_service/cmake/live1288_serviceConfig.cmake
[0.605s] -- Up-to-date: /home/lisvent/ros2_ws/install/live1288_service/share/live1288_service/cmake/live1288_serviceConfig-version.cmake
[0.605s] -- Up-to-date: /home/lisvent/ros2_ws/install/live1288_service/share/live1288_service/package.xml
[0.607s] Invoked command in '/home/lisvent/ros2_ws/build/live1288_service' returned '0': CMAKE_PREFIX_PATH=${CMAKE_PREFIX_PATH}:/home/lisvent/ros2_ws/install/live1288_hw1:/opt/ros/humble /usr/bin/cmake --install /home/lisvent/ros2_ws/build/live1288_service
