[0.624s] DEBUG:colcon:Command line arguments: ['/usr/bin/colcon', 'build']
[0.624s] DEBUG:colcon:Parsed command line arguments: Namespace(log_base=None, log_level=None, verb_name='build', build_base='build', install_base='install', merge_install=False, symlink_install=False, test_result_base=None, continue_on_error=False, executor='parallel', parallel_workers=8, event_handlers=None, ignore_user_meta=False, metas=['./colcon.meta'], base_paths=['.'], packages_ignore=None, packages_ignore_regex=None, paths=None, packages_up_to=None, packages_up_to_regex=None, packages_above=None, packages_above_and_dependencies=None, packages_above_depth=None, packages_select_by_dep=None, packages_skip_by_dep=None, packages_skip_up_to=None, packages_select_build_failed=False, packages_skip_build_finished=False, packages_select_test_failures=False, packages_skip_test_passed=False, packages_select=None, packages_skip=None, packages_select_regex=None, packages_skip_regex=None, packages_start=None, packages_end=None, allow_overriding=[], cmake_args=None, cmake_target=None, cmake_target_skip_unavailable=False, cmake_clean_cache=False, cmake_clean_first=False, cmake_force_configure=False, ament_cmake_args=None, catkin_cmake_args=None, catkin_skip_building_tests=False, verb_parser=<colcon_defaults.argument_parser.defaults.DefaultArgumentsDecorator object at 0x77e2ff50faf0>, verb_extension=<colcon_core.verb.build.BuildVerb object at 0x77e2ff6bc880>, main=<bound method BuildVerb.main of <colcon_core.verb.build.BuildVerb object at 0x77e2ff6bc880>>)
[1.145s] Level 1:colcon.colcon_core.package_discovery:discover_packages(colcon_meta) check parameters
[1.146s] Level 1:colcon.colcon_core.package_discovery:discover_packages(recursive) check parameters
[1.146s] Level 1:colcon.colcon_core.package_discovery:discover_packages(ignore) check parameters
[1.146s] Level 1:colcon.colcon_core.package_discovery:discover_packages(path) check parameters
[1.146s] Level 1:colcon.colcon_core.package_discovery:discover_packages(colcon_meta) discover
[1.146s] Level 1:colcon.colcon_core.package_discovery:discover_packages(recursive) discover
[1.146s] INFO:colcon.colcon_core.package_discovery:Crawling recursively for packages in '/home/lisvent/ros2_ws'
[1.146s] Level 1:colcon.colcon_core.package_identification:_identify(.) by extensions ['ignore', 'ignore_ament_install']
[1.146s] Level 1:colcon.colcon_core.package_identification:_identify(.) by extension 'ignore'
[1.146s] Level 1:colcon.colcon_core.package_identification:_identify(.) by extension 'ignore_ament_install'
[1.146s] Level 1:colcon.colcon_core.package_identification:_identify(.) by extensions ['colcon_pkg']
[1.146s] Level 1:colcon.colcon_core.package_identification:_identify(.) by extension 'colcon_pkg'
[1.146s] Level 1:colcon.colcon_core.package_identification:_identify(.) by extensions ['colcon_meta']
[1.146s] Level 1:colcon.colcon_core.package_identification:_identify(.) by extension 'colcon_meta'
[1.146s] Level 1:colcon.colcon_core.package_identification:_identify(.) by extensions ['ros']
[1.146s] Level 1:colcon.colcon_core.package_identification:_identify(.) by extension 'ros'
[1.162s] Level 1:colcon.colcon_core.package_identification:_identify(.) by extensions ['cmake', 'python']
[1.162s] Level 1:colcon.colcon_core.package_identification:_identify(.) by extension 'cmake'
[1.162s] Level 1:colcon.colcon_core.package_identification:_identify(.) by extension 'python'
[1.162s] Level 1:colcon.colcon_core.package_identification:_identify(.) by extensions ['python_setup_py']
[1.162s] Level 1:colcon.colcon_core.package_identification:_identify(.) by extension 'python_setup_py'
[1.163s] Level 1:colcon.colcon_core.package_identification:_identify(build) by extensions ['ignore', 'ignore_ament_install']
[1.163s] Level 1:colcon.colcon_core.package_identification:_identify(build) by extension 'ignore'
[1.163s] Level 1:colcon.colcon_core.package_identification:_identify(build) ignored
[1.164s] Level 1:colcon.colcon_core.package_identification:_identify(install) by extensions ['ignore', 'ignore_ament_install']
[1.164s] Level 1:colcon.colcon_core.package_identification:_identify(install) by extension 'ignore'
[1.164s] Level 1:colcon.colcon_core.package_identification:_identify(install) ignored
[1.165s] Level 1:colcon.colcon_core.package_identification:_identify(log) by extensions ['ignore', 'ignore_ament_install']
[1.165s] Level 1:colcon.colcon_core.package_identification:_identify(log) by extension 'ignore'
[1.165s] Level 1:colcon.colcon_core.package_identification:_identify(log) ignored
[1.165s] Level 1:colcon.colcon_core.package_identification:_identify(src) by extensions ['ignore', 'ignore_ament_install']
[1.165s] Level 1:colcon.colcon_core.package_identification:_identify(src) by extension 'ignore'
[1.165s] Level 1:colcon.colcon_core.package_identification:_identify(src) by extension 'ignore_ament_install'
[1.165s] Level 1:colcon.colcon_core.package_identification:_identify(src) by extensions ['colcon_pkg']
[1.165s] Level 1:colcon.colcon_core.package_identification:_identify(src) by extension 'colcon_pkg'
[1.165s] Level 1:colcon.colcon_core.package_identification:_identify(src) by extensions ['colcon_meta']
[1.165s] Level 1:colcon.colcon_core.package_identification:_identify(src) by extension 'colcon_meta'
[1.165s] Level 1:colcon.colcon_core.package_identification:_identify(src) by extensions ['ros']
[1.165s] Level 1:colcon.colcon_core.package_identification:_identify(src) by extension 'ros'
[1.165s] Level 1:colcon.colcon_core.package_identification:_identify(src) by extensions ['cmake', 'python']
[1.165s] Level 1:colcon.colcon_core.package_identification:_identify(src) by extension 'cmake'
[1.165s] Level 1:colcon.colcon_core.package_identification:_identify(src) by extension 'python'
[1.165s] Level 1:colcon.colcon_core.package_identification:_identify(src) by extensions ['python_setup_py']
[1.165s] Level 1:colcon.colcon_core.package_identification:_identify(src) by extension 'python_setup_py'
[1.165s] Level 1:colcon.colcon_core.package_identification:_identify(src/live1288_hw1) by extensions ['ignore', 'ignore_ament_install']
[1.165s] Level 1:colcon.colcon_core.package_identification:_identify(src/live1288_hw1) by extension 'ignore'
[1.166s] Level 1:colcon.colcon_core.package_identification:_identify(src/live1288_hw1) by extension 'ignore_ament_install'
[1.166s] Level 1:colcon.colcon_core.package_identification:_identify(src/live1288_hw1) by extensions ['colcon_pkg']
[1.166s] Level 1:colcon.colcon_core.package_identification:_identify(src/live1288_hw1) by extension 'colcon_pkg'
[1.166s] Level 1:colcon.colcon_core.package_identification:_identify(src/live1288_hw1) by extensions ['colcon_meta']
[1.166s] Level 1:colcon.colcon_core.package_identification:_identify(src/live1288_hw1) by extension 'colcon_meta'
[1.166s] Level 1:colcon.colcon_core.package_identification:_identify(src/live1288_hw1) by extensions ['ros']
[1.166s] Level 1:colcon.colcon_core.package_identification:_identify(src/live1288_hw1) by extension 'ros'
[1.171s] DEBUG:colcon.colcon_core.package_identification:Package 'src/live1288_hw1' with type 'ros.ament_python' and name 'live1288_hw1'
[1.171s] Level 1:colcon.colcon_core.package_identification:_identify(src/live1288_service) by extensions ['ignore', 'ignore_ament_install']
[1.171s] Level 1:colcon.colcon_core.package_identification:_identify(src/live1288_service) by extension 'ignore'
[1.172s] Level 1:colcon.colcon_core.package_identification:_identify(src/live1288_service) by extension 'ignore_ament_install'
[1.172s] Level 1:colcon.colcon_core.package_identification:_identify(src/live1288_service) by extensions ['colcon_pkg']
[1.172s] Level 1:colcon.colcon_core.package_identification:_identify(src/live1288_service) by extension 'colcon_pkg'
[1.172s] Level 1:colcon.colcon_core.package_identification:_identify(src/live1288_service) by extensions ['colcon_meta']
[1.172s] Level 1:colcon.colcon_core.package_identification:_identify(src/live1288_service) by extension 'colcon_meta'
[1.172s] Level 1:colcon.colcon_core.package_identification:_identify(src/live1288_service) by extensions ['ros']
[1.172s] Level 1:colcon.colcon_core.package_identification:_identify(src/live1288_service) by extension 'ros'
[1.173s] DEBUG:colcon.colcon_core.package_identification:Package 'src/live1288_service' with type 'ros.ament_cmake' and name 'live1288_service'
[1.173s] Level 1:colcon.colcon_core.package_discovery:discover_packages(recursive) using defaults
[1.173s] Level 1:colcon.colcon_core.package_discovery:discover_packages(ignore) discover
[1.173s] Level 1:colcon.colcon_core.package_discovery:discover_packages(ignore) using defaults
[1.173s] Level 1:colcon.colcon_core.package_discovery:discover_packages(path) discover
[1.173s] Level 1:colcon.colcon_core.package_discovery:discover_packages(path) using defaults
[1.230s] Level 1:colcon.colcon_core.package_discovery:discover_packages(prefix_path) check parameters
[1.231s] Level 1:colcon.colcon_core.package_discovery:discover_packages(prefix_path) discover
[1.241s] DEBUG:colcon.colcon_installed_package_information.package_discovery:Found 2 installed packages in /home/lisvent/ros2_ws/install
[1.244s] DEBUG:colcon.colcon_installed_package_information.package_discovery:Found 271 installed packages in /opt/ros/humble
[1.248s] Level 1:colcon.colcon_core.package_discovery:discover_packages(prefix_path) using defaults
[1.346s] Level 5:colcon.colcon_core.verb:set package 'live1288_service' build argument 'cmake_args' from command line to 'None'
[1.346s] Level 5:colcon.colcon_core.verb:set package 'live1288_service' build argument 'cmake_target' from command line to 'None'
[1.346s] Level 5:colcon.colcon_core.verb:set package 'live1288_service' build argument 'cmake_target_skip_unavailable' from command line to 'False'
[1.346s] Level 5:colcon.colcon_core.verb:set package 'live1288_service' build argument 'cmake_clean_cache' from command line to 'False'
[1.346s] Level 5:colcon.colcon_core.verb:set package 'live1288_service' build argument 'cmake_clean_first' from command line to 'False'
[1.346s] Level 5:colcon.colcon_core.verb:set package 'live1288_service' build argument 'cmake_force_configure' from command line to 'False'
[1.346s] Level 5:colcon.colcon_core.verb:set package 'live1288_service' build argument 'ament_cmake_args' from command line to 'None'
[1.346s] Level 5:colcon.colcon_core.verb:set package 'live1288_service' build argument 'catkin_cmake_args' from command line to 'None'
[1.346s] Level 5:colcon.colcon_core.verb:set package 'live1288_service' build argument 'catkin_skip_building_tests' from command line to 'False'
[1.346s] DEBUG:colcon.colcon_core.verb:Building package 'live1288_service' with the following arguments: {'ament_cmake_args': None, 'build_base': '/home/lisvent/ros2_ws/build/live1288_service', 'catkin_cmake_args': None, 'catkin_skip_building_tests': False, 'cmake_args': None, 'cmake_clean_cache': False, 'cmake_clean_first': False, 'cmake_force_configure': False, 'cmake_target': None, 'cmake_target_skip_unavailable': False, 'install_base': '/home/lisvent/ros2_ws/install/live1288_service', 'merge_install': False, 'path': '/home/lisvent/ros2_ws/src/live1288_service', 'symlink_install': False, 'test_result_base': None}
[1.347s] Level 5:colcon.colcon_core.verb:set package 'live1288_hw1' build argument 'cmake_args' from command line to 'None'
[1.347s] Level 5:colcon.colcon_core.verb:set package 'live1288_hw1' build argument 'cmake_target' from command line to 'None'
[1.347s] Level 5:colcon.colcon_core.verb:set package 'live1288_hw1' build argument 'cmake_target_skip_unavailable' from command line to 'False'
[1.347s] Level 5:colcon.colcon_core.verb:set package 'live1288_hw1' build argument 'cmake_clean_cache' from command line to 'False'
[1.347s] Level 5:colcon.colcon_core.verb:set package 'live1288_hw1' build argument 'cmake_clean_first' from command line to 'False'
[1.347s] Level 5:colcon.colcon_core.verb:set package 'live1288_hw1' build argument 'cmake_force_configure' from command line to 'False'
[1.347s] Level 5:colcon.colcon_core.verb:set package 'live1288_hw1' build argument 'ament_cmake_args' from command line to 'None'
[1.347s] Level 5:colcon.colcon_core.verb:set package 'live1288_hw1' build argument 'catkin_cmake_args' from command line to 'None'
[1.347s] Level 5:colcon.colcon_core.verb:set package 'live1288_hw1' build argument 'catkin_skip_building_tests' from command line to 'False'
[1.347s] DEBUG:colcon.colcon_core.verb:Building package 'live1288_hw1' with the following arguments: {'ament_cmake_args': None, 'build_base': '/home/lisvent/ros2_ws/build/live1288_hw1', 'catkin_cmake_args': None, 'catkin_skip_building_tests': False, 'cmake_args': None, 'cmake_clean_cache': False, 'cmake_clean_first': False, 'cmake_force_configure': False, 'cmake_target': None, 'cmake_target_skip_unavailable': False, 'install_base': '/home/lisvent/ros2_ws/install/live1288_hw1', 'merge_install': False, 'path': '/home/lisvent/ros2_ws/src/live1288_hw1', 'symlink_install': False, 'test_result_base': None}
[1.347s] INFO:colcon.colcon_core.executor:Executing jobs using 'parallel' executor
[1.349s] DEBUG:colcon.colcon_parallel_executor.executor.parallel:run_until_complete
[1.349s] INFO:colcon.colcon_ros.task.ament_cmake.build:Building ROS package in '/home/lisvent/ros2_ws/src/live1288_service' with build type 'ament_cmake'
[1.349s] INFO:colcon.colcon_cmake.task.cmake.build:Building CMake package in '/home/lisvent/ros2_ws/src/live1288_service'
[1.357s] INFO:colcon.colcon_core.plugin_system:Skipping extension 'colcon_core.shell.bat': Not used on non-Windows systems
[1.357s] INFO:colcon.colcon_core.shell:Skip shell extension 'powershell' for command environment: Not usable outside of PowerShell
[1.357s] DEBUG:colcon.colcon_core.shell:Skip shell extension 'dsv' for command environment
[1.373s] DEBUG:colcon.colcon_core.event_handler.log_command:Invoking command in '/home/lisvent/ros2_ws/build/live1288_service': CMAKE_PREFIX_PATH=${CMAKE_PREFIX_PATH}:/home/lisvent/ros2_ws/install/live1288_hw1:/opt/ros/humble /usr/bin/cmake --build /home/lisvent/ros2_ws/build/live1288_service -- -j8 -l8
[1.919s] DEBUG:colcon.colcon_core.event_handler.log_command:Invoked command in '/home/lisvent/ros2_ws/build/live1288_service' returned '0': CMAKE_PREFIX_PATH=${CMAKE_PREFIX_PATH}:/home/lisvent/ros2_ws/install/live1288_hw1:/opt/ros/humble /usr/bin/cmake --build /home/lisvent/ros2_ws/build/live1288_service -- -j8 -l8
[1.936s] DEBUG:colcon.colcon_core.event_handler.log_command:Invoking command in '/home/lisvent/ros2_ws/build/live1288_service': CMAKE_PREFIX_PATH=${CMAKE_PREFIX_PATH}:/home/lisvent/ros2_ws/install/live1288_hw1:/opt/ros/humble /usr/bin/cmake --install /home/lisvent/ros2_ws/build/live1288_service
[2.038s] Level 1:colcon.colcon_core.environment:create_environment_scripts_only(live1288_service)
[2.039s] DEBUG:colcon.colcon_core.event_handler.log_command:Invoked command in '/home/lisvent/ros2_ws/build/live1288_service' returned '0': CMAKE_PREFIX_PATH=${CMAKE_PREFIX_PATH}:/home/lisvent/ros2_ws/install/live1288_hw1:/opt/ros/humble /usr/bin/cmake --install /home/lisvent/ros2_ws/build/live1288_service
[2.047s] Level 1:colcon.colcon_core.environment:checking '/home/lisvent/ros2_ws/install/live1288_service' for CMake module files
[2.048s] Level 1:colcon.colcon_core.environment:checking '/home/lisvent/ros2_ws/install/live1288_service' for CMake config files
[2.053s] Level 1:colcon.colcon_core.shell:create_environment_hook('live1288_service', 'cmake_prefix_path')
[2.053s] INFO:colcon.colcon_core.shell:Creating environment hook '/home/lisvent/ros2_ws/install/live1288_service/share/live1288_service/hook/cmake_prefix_path.ps1'
[2.055s] INFO:colcon.colcon_core.shell:Creating environment descriptor '/home/lisvent/ros2_ws/install/live1288_service/share/live1288_service/hook/cmake_prefix_path.dsv'
[2.056s] INFO:colcon.colcon_core.shell:Creating environment hook '/home/lisvent/ros2_ws/install/live1288_service/share/live1288_service/hook/cmake_prefix_path.sh'
[2.057s] Level 1:colcon.colcon_core.environment:checking '/home/lisvent/ros2_ws/install/live1288_service/lib'
[2.057s] Level 1:colcon.colcon_core.shell:create_environment_hook('live1288_service', 'ld_library_path_lib')
[2.058s] INFO:colcon.colcon_core.shell:Creating environment hook '/home/lisvent/ros2_ws/install/live1288_service/share/live1288_service/hook/ld_library_path_lib.ps1'
[2.058s] INFO:colcon.colcon_core.shell:Creating environment descriptor '/home/lisvent/ros2_ws/install/live1288_service/share/live1288_service/hook/ld_library_path_lib.dsv'
[2.058s] INFO:colcon.colcon_core.shell:Creating environment hook '/home/lisvent/ros2_ws/install/live1288_service/share/live1288_service/hook/ld_library_path_lib.sh'
[2.059s] Level 1:colcon.colcon_core.environment:checking '/home/lisvent/ros2_ws/install/live1288_service/bin'
[2.059s] Level 1:colcon.colcon_core.environment:checking '/home/lisvent/ros2_ws/install/live1288_service/lib/pkgconfig/live1288_service.pc'
[2.059s] Level 1:colcon.colcon_core.environment:checking '/home/lisvent/ros2_ws/install/live1288_service/lib/python3.10/site-packages'
[2.059s] Level 1:colcon.colcon_core.environment:checking '/home/lisvent/ros2_ws/install/live1288_service/bin'
[2.060s] INFO:colcon.colcon_core.shell:Creating package script '/home/lisvent/ros2_ws/install/live1288_service/share/live1288_service/package.ps1'
[2.061s] INFO:colcon.colcon_core.shell:Creating package descriptor '/home/lisvent/ros2_ws/install/live1288_service/share/live1288_service/package.dsv'
[2.062s] INFO:colcon.colcon_core.shell:Creating package script '/home/lisvent/ros2_ws/install/live1288_service/share/live1288_service/package.sh'
[2.063s] INFO:colcon.colcon_core.shell:Creating package script '/home/lisvent/ros2_ws/install/live1288_service/share/live1288_service/package.bash'
[2.063s] INFO:colcon.colcon_core.shell:Creating package script '/home/lisvent/ros2_ws/install/live1288_service/share/live1288_service/package.zsh'
[2.064s] Level 1:colcon.colcon_core.environment:create_file_with_runtime_dependencies(/home/lisvent/ros2_ws/install/live1288_service/share/colcon-core/packages/live1288_service)
[2.065s] Level 1:colcon.colcon_core.environment:create_environment_scripts_only(live1288_service)
[2.065s] Level 1:colcon.colcon_core.environment:checking '/home/lisvent/ros2_ws/install/live1288_service' for CMake module files
[2.066s] Level 1:colcon.colcon_core.environment:checking '/home/lisvent/ros2_ws/install/live1288_service' for CMake config files
[2.066s] Level 1:colcon.colcon_core.shell:create_environment_hook('live1288_service', 'cmake_prefix_path')
[2.066s] INFO:colcon.colcon_core.shell:Creating environment hook '/home/lisvent/ros2_ws/install/live1288_service/share/live1288_service/hook/cmake_prefix_path.ps1'
[2.067s] INFO:colcon.colcon_core.shell:Creating environment descriptor '/home/lisvent/ros2_ws/install/live1288_service/share/live1288_service/hook/cmake_prefix_path.dsv'
[2.067s] INFO:colcon.colcon_core.shell:Creating environment hook '/home/lisvent/ros2_ws/install/live1288_service/share/live1288_service/hook/cmake_prefix_path.sh'
[2.067s] Level 1:colcon.colcon_core.environment:checking '/home/lisvent/ros2_ws/install/live1288_service/lib'
[2.067s] Level 1:colcon.colcon_core.shell:create_environment_hook('live1288_service', 'ld_library_path_lib')
[2.068s] INFO:colcon.colcon_core.shell:Creating environment hook '/home/lisvent/ros2_ws/install/live1288_service/share/live1288_service/hook/ld_library_path_lib.ps1'
[2.068s] INFO:colcon.colcon_core.shell:Creating environment descriptor '/home/lisvent/ros2_ws/install/live1288_service/share/live1288_service/hook/ld_library_path_lib.dsv'
[2.068s] INFO:colcon.colcon_core.shell:Creating environment hook '/home/lisvent/ros2_ws/install/live1288_service/share/live1288_service/hook/ld_library_path_lib.sh'
[2.068s] Level 1:colcon.colcon_core.environment:checking '/home/lisvent/ros2_ws/install/live1288_service/bin'
[2.068s] Level 1:colcon.colcon_core.environment:checking '/home/lisvent/ros2_ws/install/live1288_service/lib/pkgconfig/live1288_service.pc'
[2.069s] Level 1:colcon.colcon_core.environment:checking '/home/lisvent/ros2_ws/install/live1288_service/lib/python3.10/site-packages'
[2.069s] Level 1:colcon.colcon_core.environment:checking '/home/lisvent/ros2_ws/install/live1288_service/bin'
[2.069s] INFO:colcon.colcon_core.shell:Creating package script '/home/lisvent/ros2_ws/install/live1288_service/share/live1288_service/package.ps1'
[2.070s] INFO:colcon.colcon_core.shell:Creating package descriptor '/home/lisvent/ros2_ws/install/live1288_service/share/live1288_service/package.dsv'
[2.070s] INFO:colcon.colcon_core.shell:Creating package script '/home/lisvent/ros2_ws/install/live1288_service/share/live1288_service/package.sh'
[2.071s] INFO:colcon.colcon_core.shell:Creating package script '/home/lisvent/ros2_ws/install/live1288_service/share/live1288_service/package.bash'
[2.071s] INFO:colcon.colcon_core.shell:Creating package script '/home/lisvent/ros2_ws/install/live1288_service/share/live1288_service/package.zsh'
[2.072s] Level 1:colcon.colcon_core.environment:create_file_with_runtime_dependencies(/home/lisvent/ros2_ws/install/live1288_service/share/colcon-core/packages/live1288_service)
[2.072s] INFO:colcon.colcon_ros.task.ament_python.build:Building ROS package in '/home/lisvent/ros2_ws/src/live1288_hw1' with build type 'ament_python'
[2.072s] Level 1:colcon.colcon_core.shell:create_environment_hook('live1288_hw1', 'ament_prefix_path')
[2.073s] INFO:colcon.colcon_core.shell:Creating environment hook '/home/lisvent/ros2_ws/install/live1288_hw1/share/live1288_hw1/hook/ament_prefix_path.ps1'
[2.074s] INFO:colcon.colcon_core.shell:Creating environment descriptor '/home/lisvent/ros2_ws/install/live1288_hw1/share/live1288_hw1/hook/ament_prefix_path.dsv'
[2.074s] INFO:colcon.colcon_core.shell:Creating environment hook '/home/lisvent/ros2_ws/install/live1288_hw1/share/live1288_hw1/hook/ament_prefix_path.sh'
[2.075s] INFO:colcon.colcon_core.shell:Skip shell extension 'powershell' for command environment: Not usable outside of PowerShell
[2.075s] DEBUG:colcon.colcon_core.shell:Skip shell extension 'dsv' for command environment
[2.666s] INFO:colcon.colcon_core.task.python.build:Building Python package in '/home/lisvent/ros2_ws/src/live1288_hw1'
[2.666s] INFO:colcon.colcon_core.shell:Skip shell extension 'powershell' for command environment: Not usable outside of PowerShell
[2.666s] DEBUG:colcon.colcon_core.shell:Skip shell extension 'dsv' for command environment
[3.697s] DEBUG:colcon.colcon_core.event_handler.log_command:Invoking command in '/home/lisvent/ros2_ws/src/live1288_hw1': PYTHONPATH=/home/lisvent/ros2_ws/build/live1288_hw1/prefix_override:/usr/lib/python3/dist-packages/colcon_core/task/python/colcon_distutils_commands:/home/lisvent/ros2_ws/install/live1288_hw1/lib/python3.10/site-packages:${PYTHONPATH} /usr/bin/python3 -W ignore:setup.py install is deprecated -W ignore:easy_install command is deprecated setup.py egg_info --egg-base ../../build/live1288_hw1 build --build-base /home/lisvent/ros2_ws/build/live1288_hw1/build install --record /home/lisvent/ros2_ws/build/live1288_hw1/install.log --single-version-externally-managed install_data
[4.049s] Level 1:colcon.colcon_core.environment:checking '/home/lisvent/ros2_ws/install/live1288_hw1' for CMake module files
[4.050s] DEBUG:colcon.colcon_core.event_handler.log_command:Invoked command in '/home/lisvent/ros2_ws/src/live1288_hw1' returned '0': PYTHONPATH=/home/lisvent/ros2_ws/build/live1288_hw1/prefix_override:/usr/lib/python3/dist-packages/colcon_core/task/python/colcon_distutils_commands:/home/lisvent/ros2_ws/install/live1288_hw1/lib/python3.10/site-packages:${PYTHONPATH} /usr/bin/python3 -W ignore:setup.py install is deprecated -W ignore:easy_install command is deprecated setup.py egg_info --egg-base ../../build/live1288_hw1 build --build-base /home/lisvent/ros2_ws/build/live1288_hw1/build install --record /home/lisvent/ros2_ws/build/live1288_hw1/install.log --single-version-externally-managed install_data
[4.051s] Level 1:colcon.colcon_core.environment:checking '/home/lisvent/ros2_ws/install/live1288_hw1' for CMake config files
[4.056s] Level 1:colcon.colcon_core.environment:checking '/home/lisvent/ros2_ws/install/live1288_hw1/lib'
[4.056s] Level 1:colcon.colcon_core.environment:checking '/home/lisvent/ros2_ws/install/live1288_hw1/bin'
[4.056s] Level 1:colcon.colcon_core.environment:checking '/home/lisvent/ros2_ws/install/live1288_hw1/lib/pkgconfig/live1288_hw1.pc'
[4.057s] Level 1:colcon.colcon_core.environment:checking '/home/lisvent/ros2_ws/install/live1288_hw1/lib/python3.10/site-packages'
[4.057s] Level 1:colcon.colcon_core.shell:create_environment_hook('live1288_hw1', 'pythonpath')
[4.057s] INFO:colcon.colcon_core.shell:Creating environment hook '/home/lisvent/ros2_ws/install/live1288_hw1/share/live1288_hw1/hook/pythonpath.ps1'
[4.057s] INFO:colcon.colcon_core.shell:Creating environment descriptor '/home/lisvent/ros2_ws/install/live1288_hw1/share/live1288_hw1/hook/pythonpath.dsv'
[4.058s] INFO:colcon.colcon_core.shell:Creating environment hook '/home/lisvent/ros2_ws/install/live1288_hw1/share/live1288_hw1/hook/pythonpath.sh'
[4.058s] Level 1:colcon.colcon_core.environment:checking '/home/lisvent/ros2_ws/install/live1288_hw1/bin'
[4.059s] Level 1:colcon.colcon_core.environment:create_environment_scripts_only(live1288_hw1)
[4.059s] INFO:colcon.colcon_core.shell:Creating package script '/home/lisvent/ros2_ws/install/live1288_hw1/share/live1288_hw1/package.ps1'
[4.059s] INFO:colcon.colcon_core.shell:Creating package descriptor '/home/lisvent/ros2_ws/install/live1288_hw1/share/live1288_hw1/package.dsv'
[4.060s] INFO:colcon.colcon_core.shell:Creating package script '/home/lisvent/ros2_ws/install/live1288_hw1/share/live1288_hw1/package.sh'
[4.060s] INFO:colcon.colcon_core.shell:Creating package script '/home/lisvent/ros2_ws/install/live1288_hw1/share/live1288_hw1/package.bash'
[4.061s] INFO:colcon.colcon_core.shell:Creating package script '/home/lisvent/ros2_ws/install/live1288_hw1/share/live1288_hw1/package.zsh'
[4.061s] Level 1:colcon.colcon_core.environment:create_file_with_runtime_dependencies(/home/lisvent/ros2_ws/install/live1288_hw1/share/colcon-core/packages/live1288_hw1)
[4.061s] DEBUG:colcon.colcon_parallel_executor.executor.parallel:closing loop
[4.061s] DEBUG:colcon.colcon_parallel_executor.executor.parallel:loop closed
[4.062s] DEBUG:colcon.colcon_parallel_executor.executor.parallel:run_until_complete finished with '0'
[4.062s] DEBUG:colcon.colcon_core.event_reactor:joining thread
[4.181s] INFO:colcon.colcon_core.plugin_system:Skipping extension 'colcon_notification.desktop_notification.notify_send': Could not find 'notify-send'
[4.181s] INFO:colcon.colcon_core.plugin_system:Skipping extension 'colcon_notification.desktop_notification.terminal_notifier': Not used on non-Darwin systems
[4.181s] INFO:colcon.colcon_core.plugin_system:Skipping extension 'colcon_notification.desktop_notification.win32': Not used on non-Windows systems
[4.181s] INFO:colcon.colcon_notification.desktop_notification:Sending desktop notification using 'notify2'
[4.182s] DEBUG:colcon.colcon_notification.desktop_notification.notify2:Failed to initialize notify2: org.freedesktop.DBus.Error.FileNotFound: Failed to connect to socket /run/user/1000/bus: No such file or directory
[4.182s] DEBUG:colcon.colcon_core.event_reactor:joined thread
[4.183s] INFO:colcon.colcon_core.shell:Creating prefix script '/home/lisvent/ros2_ws/install/local_setup.ps1'
[4.196s] INFO:colcon.colcon_core.shell:Creating prefix util module '/home/lisvent/ros2_ws/install/_local_setup_util_ps1.py'
[4.202s] INFO:colcon.colcon_core.shell:Creating prefix chain script '/home/lisvent/ros2_ws/install/setup.ps1'
[4.205s] INFO:colcon.colcon_core.shell:Creating prefix script '/home/lisvent/ros2_ws/install/local_setup.sh'
[4.207s] INFO:colcon.colcon_core.shell:Creating prefix util module '/home/lisvent/ros2_ws/install/_local_setup_util_sh.py'
[4.209s] INFO:colcon.colcon_core.shell:Creating prefix chain script '/home/lisvent/ros2_ws/install/setup.sh'
[4.212s] INFO:colcon.colcon_core.shell:Creating prefix script '/home/lisvent/ros2_ws/install/local_setup.bash'
[4.214s] INFO:colcon.colcon_core.shell:Creating prefix chain script '/home/lisvent/ros2_ws/install/setup.bash'
[4.217s] INFO:colcon.colcon_core.shell:Creating prefix script '/home/lisvent/ros2_ws/install/local_setup.zsh'
[4.219s] INFO:colcon.colcon_core.shell:Creating prefix chain script '/home/lisvent/ros2_ws/install/setup.zsh'
