[0.722s] Invoking command in '/home/lisvent/ros2_ws/src/live1288_hw1': PYTHONPATH=/home/lisvent/ros2_ws/build/live1288_hw1/prefix_override:/usr/lib/python3/dist-packages/colcon_core/task/python/colcon_distutils_commands:/home/lisvent/ros2_ws/install/live1288_hw1/lib/python3.10/site-packages:${PYTHONPATH} /usr/bin/python3 -W ignore:setup.py install is deprecated -W ignore:easy_install command is deprecated setup.py egg_info --egg-base ../../build/live1288_hw1 build --build-base /home/lisvent/ros2_ws/build/live1288_hw1/build install --record /home/lisvent/ros2_ws/build/live1288_hw1/install.log --single-version-externally-managed install_data
[0.906s] running egg_info
[0.906s] writing ../../build/live1288_hw1/live1288_hw1.egg-info/PKG-INFO
[0.906s] writing dependency_links to ../../build/live1288_hw1/live1288_hw1.egg-info/dependency_links.txt
[0.906s] writing entry points to ../../build/live1288_hw1/live1288_hw1.egg-info/entry_points.txt
[0.907s] writing requirements to ../../build/live1288_hw1/live1288_hw1.egg-info/requires.txt
[0.907s] writing top-level names to ../../build/live1288_hw1/live1288_hw1.egg-info/top_level.txt
[0.908s] reading manifest file '../../build/live1288_hw1/live1288_hw1.egg-info/SOURCES.txt'
[0.908s] adding license file 'LICENSE'
[0.909s] writing manifest file '../../build/live1288_hw1/live1288_hw1.egg-info/SOURCES.txt'
[0.909s] running build
[0.909s] running build_py
[0.909s] copying live1288_hw1/publisher.py -> /home/lisvent/ros2_ws/build/live1288_hw1/build/lib/live1288_hw1
[0.910s] running install
[0.910s] running install_lib
[0.911s] copying /home/lisvent/ros2_ws/build/live1288_hw1/build/lib/live1288_hw1/publisher.py -> /home/lisvent/ros2_ws/install/live1288_hw1/lib/python3.10/site-packages/live1288_hw1
[0.911s] byte-compiling /home/lisvent/ros2_ws/install/live1288_hw1/lib/python3.10/site-packages/live1288_hw1/publisher.py to publisher.cpython-310.pyc
[0.912s] running install_data
[0.912s] running install_egg_info
[0.913s] removing '/home/lisvent/ros2_ws/install/live1288_hw1/lib/python3.10/site-packages/live1288_hw1-0.0.0-py3.10.egg-info' (and everything under it)
[0.914s] Copying ../../build/live1288_hw1/live1288_hw1.egg-info to /home/lisvent/ros2_ws/install/live1288_hw1/lib/python3.10/site-packages/live1288_hw1-0.0.0-py3.10.egg-info
[0.918s] running install_scripts
[0.937s] Installing publisher script to /home/lisvent/ros2_ws/install/live1288_hw1/lib/live1288_hw1
[0.937s] Installing service_client script to /home/lisvent/ros2_ws/install/live1288_hw1/lib/live1288_hw1
[0.937s] Installing service_server script to /home/lisvent/ros2_ws/install/live1288_hw1/lib/live1288_hw1
[0.938s] Installing subscriber script to /home/lisvent/ros2_ws/install/live1288_hw1/lib/live1288_hw1
[0.938s] writing list of installed files to '/home/lisvent/ros2_ws/build/live1288_hw1/install.log'
[0.961s] Invoked command in '/home/lisvent/ros2_ws/src/live1288_hw1' returned '0': PYTHONPATH=/home/lisvent/ros2_ws/build/live1288_hw1/prefix_override:/usr/lib/python3/dist-packages/colcon_core/task/python/colcon_distutils_commands:/home/lisvent/ros2_ws/install/live1288_hw1/lib/python3.10/site-packages:${PYTHONPATH} /usr/bin/python3 -W ignore:setup.py install is deprecated -W ignore:easy_install command is deprecated setup.py egg_info --egg-base ../../build/live1288_hw1 build --build-base /home/lisvent/ros2_ws/build/live1288_hw1/build install --record /home/lisvent/ros2_ws/build/live1288_hw1/install.log --single-version-externally-managed install_data
