running egg_info
creating ../../build/live1288_hw1/live1288_hw1.egg-info
writing ../../build/live1288_hw1/live1288_hw1.egg-info/PKG-INFO
writing dependency_links to ../../build/live1288_hw1/live1288_hw1.egg-info/dependency_links.txt
writing entry points to ../../build/live1288_hw1/live1288_hw1.egg-info/entry_points.txt
writing requirements to ../../build/live1288_hw1/live1288_hw1.egg-info/requires.txt
writing top-level names to ../../build/live1288_hw1/live1288_hw1.egg-info/top_level.txt
writing manifest file '../../build/live1288_hw1/live1288_hw1.egg-info/SOURCES.txt'
reading manifest file '../../build/live1288_hw1/live1288_hw1.egg-info/SOURCES.txt'
adding license file 'LICENSE'
writing manifest file '../../build/live1288_hw1/live1288_hw1.egg-info/SOURCES.txt'
running build
running build_py
creating /home/lisvent/ros2_ws/build/live1288_hw1/build
creating /home/lisvent/ros2_ws/build/live1288_hw1/build/lib
creating /home/lisvent/ros2_ws/build/live1288_hw1/build/lib/live1288_hw1
copying live1288_hw1/service_server.py -> /home/lisvent/ros2_ws/build/live1288_hw1/build/lib/live1288_hw1
copying live1288_hw1/service_client.py -> /home/lisvent/ros2_ws/build/live1288_hw1/build/lib/live1288_hw1
copying live1288_hw1/__init__.py -> /home/lisvent/ros2_ws/build/live1288_hw1/build/lib/live1288_hw1
running install
running install_lib
creating /home/lisvent/ros2_ws/install/live1288_hw1/lib/python3.10/site-packages/live1288_hw1
copying /home/lisvent/ros2_ws/build/live1288_hw1/build/lib/live1288_hw1/service_server.py -> /home/lisvent/ros2_ws/install/live1288_hw1/lib/python3.10/site-packages/live1288_hw1
copying /home/lisvent/ros2_ws/build/live1288_hw1/build/lib/live1288_hw1/service_client.py -> /home/lisvent/ros2_ws/install/live1288_hw1/lib/python3.10/site-packages/live1288_hw1
copying /home/lisvent/ros2_ws/build/live1288_hw1/build/lib/live1288_hw1/__init__.py -> /home/lisvent/ros2_ws/install/live1288_hw1/lib/python3.10/site-packages/live1288_hw1
byte-compiling /home/lisvent/ros2_ws/install/live1288_hw1/lib/python3.10/site-packages/live1288_hw1/service_server.py to service_server.cpython-310.pyc
byte-compiling /home/lisvent/ros2_ws/install/live1288_hw1/lib/python3.10/site-packages/live1288_hw1/service_client.py to service_client.cpython-310.pyc
byte-compiling /home/lisvent/ros2_ws/install/live1288_hw1/lib/python3.10/site-packages/live1288_hw1/__init__.py to __init__.cpython-310.pyc
running install_data
creating /home/lisvent/ros2_ws/install/live1288_hw1/share/ament_index
creating /home/lisvent/ros2_ws/install/live1288_hw1/share/ament_index/resource_index
creating /home/lisvent/ros2_ws/install/live1288_hw1/share/ament_index/resource_index/packages
copying resource/live1288_hw1 -> /home/lisvent/ros2_ws/install/live1288_hw1/share/ament_index/resource_index/packages
copying package.xml -> /home/lisvent/ros2_ws/install/live1288_hw1/share/live1288_hw1
running install_egg_info
Copying ../../build/live1288_hw1/live1288_hw1.egg-info to /home/lisvent/ros2_ws/install/live1288_hw1/lib/python3.10/site-packages/live1288_hw1-0.0.0-py3.10.egg-info
running install_scripts
Installing service_client script to /home/lisvent/ros2_ws/install/live1288_hw1/lib/live1288_hw1
Installing service_server script to /home/lisvent/ros2_ws/install/live1288_hw1/lib/live1288_hw1
writing list of installed files to '/home/lisvent/ros2_ws/build/live1288_hw1/install.log'
