[1.027s] Invoking command in '/home/lisvent/ros2_ws/src/live1288_hw1': PYTHONPATH=/home/lisvent/ros2_ws/src/live1288_hw1/build/live1288_hw1/prefix_override:/usr/lib/python3/dist-packages/colcon_core/task/python/colcon_distutils_commands:/home/lisvent/ros2_ws/src/live1288_hw1/install/live1288_hw1/lib/python3.10/site-packages:${PYTHONPATH} /usr/bin/python3 -W ignore:setup.py install is deprecated -W ignore:easy_install command is deprecated setup.py egg_info --egg-base build/live1288_hw1 build --build-base /home/lisvent/ros2_ws/src/live1288_hw1/build/live1288_hw1/build install --record /home/lisvent/ros2_ws/src/live1288_hw1/build/live1288_hw1/install.log --single-version-externally-managed install_data
[1.302s] running egg_info
[1.302s] writing build/live1288_hw1/live1288_hw1.egg-info/PKG-INFO
[1.303s] writing dependency_links to build/live1288_hw1/live1288_hw1.egg-info/dependency_links.txt
[1.303s] writing entry points to build/live1288_hw1/live1288_hw1.egg-info/entry_points.txt
[1.304s] writing requirements to build/live1288_hw1/live1288_hw1.egg-info/requires.txt
[1.304s] writing top-level names to build/live1288_hw1/live1288_hw1.egg-info/top_level.txt
[1.306s] reading manifest file 'build/live1288_hw1/live1288_hw1.egg-info/SOURCES.txt'
[1.307s] adding license file 'LICENSE'
[1.308s] writing manifest file 'build/live1288_hw1/live1288_hw1.egg-info/SOURCES.txt'
[1.308s] running build
[1.308s] running build_py
[1.309s] copying live1288_hw1/service_client.py -> /home/lisvent/ros2_ws/src/live1288_hw1/build/live1288_hw1/build/lib/live1288_hw1
[1.310s] running install
[1.311s] running install_lib
[1.312s] copying /home/lisvent/ros2_ws/src/live1288_hw1/build/live1288_hw1/build/lib/live1288_hw1/service_client.py -> /home/lisvent/ros2_ws/src/live1288_hw1/install/live1288_hw1/lib/python3.10/site-packages/live1288_hw1
[1.313s] byte-compiling /home/lisvent/ros2_ws/src/live1288_hw1/install/live1288_hw1/lib/python3.10/site-packages/live1288_hw1/service_client.py to service_client.cpython-310.pyc
[1.313s]   File "/home/lisvent/ros2_ws/src/live1288_hw1/install/live1288_hw1/lib/python3.10/site-packages/live1288_hw1/service_client.py", line 3
[1.314s]     from live1288_hw1.srv import Live1288-service
[1.314s]                                          ^
[1.314s] SyntaxError: invalid syntax
[1.314s] 
[1.314s] running install_data
[1.314s] running install_egg_info
[1.316s] removing '/home/lisvent/ros2_ws/src/live1288_hw1/install/live1288_hw1/lib/python3.10/site-packages/live1288_hw1-0.0.0-py3.10.egg-info' (and everything under it)
[1.316s] Copying build/live1288_hw1/live1288_hw1.egg-info to /home/lisvent/ros2_ws/src/live1288_hw1/install/live1288_hw1/lib/python3.10/site-packages/live1288_hw1-0.0.0-py3.10.egg-info
[1.318s] running install_scripts
[1.346s] Installing service_client script to /home/lisvent/ros2_ws/src/live1288_hw1/install/live1288_hw1/lib/live1288_hw1
[1.346s] Installing service_server script to /home/lisvent/ros2_ws/src/live1288_hw1/install/live1288_hw1/lib/live1288_hw1
[1.347s] writing list of installed files to '/home/lisvent/ros2_ws/src/live1288_hw1/build/live1288_hw1/install.log'
[1.376s] Invoked command in '/home/lisvent/ros2_ws/src/live1288_hw1' returned '0': PYTHONPATH=/home/lisvent/ros2_ws/src/live1288_hw1/build/live1288_hw1/prefix_override:/usr/lib/python3/dist-packages/colcon_core/task/python/colcon_distutils_commands:/home/lisvent/ros2_ws/src/live1288_hw1/install/live1288_hw1/lib/python3.10/site-packages:${PYTHONPATH} /usr/bin/python3 -W ignore:setup.py install is deprecated -W ignore:easy_install command is deprecated setup.py egg_info --egg-base build/live1288_hw1 build --build-base /home/lisvent/ros2_ws/src/live1288_hw1/build/live1288_hw1/build install --record /home/lisvent/ros2_ws/src/live1288_hw1/build/live1288_hw1/install.log --single-version-externally-managed install_data
